Using pre-set license

 COMMAND LINE ARGUMENTS:
/Applications/Unity/Unity.app/Contents/MacOS/Unity
-adb2
-batchMode
-noUpm
-name
AssetImportWorker0
-projectPath
/Users/weiqianho/Documents/GitHub/PWGE-Assignment
-logFile
Logs/AssetImportWorker0.log
-srvPort
50514
Successfully changed project path to: /Users/weiqianho/Documents/GitHub/PWGE-Assignment
/Users/weiqianho/Documents/GitHub/PWGE-Assignment
Using Asset Import Pipeline V2.
Refreshing native plugins compatible for Editor in 127.09 ms, found 3 plugins.
Preloading 0 native plugins for Editor in 0.00 ms.
Initialize engine version: 2020.3.11f1 (99c7afb366b3)
[Subsystems] Discovering subsystems at path /Applications/Unity/Unity.app/Contents/Resources/UnitySubsystems
[Subsystems] Discovering subsystems at path /Users/weiqianho/Documents/GitHub/PWGE-Assignment/Assets
GfxDevice: creating device client; threaded=0
2021-08-31 15:42:51.325 Unity[2729:161425] Color LCD preferred device: Intel(R) Iris(TM) Graphics 6000 (low power)
2021-08-31 15:42:51.326 Unity[2729:161425] Metal devices available: 1
2021-08-31 15:42:51.326 Unity[2729:161425] 0: Intel(R) Iris(TM) Graphics 6000 (low power)
2021-08-31 15:42:51.327 Unity[2729:161425] Using device Intel(R) Iris(TM) Graphics 6000 (low power)
Initializing Metal device caps: Intel(R) Iris(TM) Graphics 6000
Shader 'Universal Render Pipeline/Particles/Lit': fallback shader 'Universal Render Pipeline/Particles/SimpleLit' not found
Shader 'WFX/Transparent Specular': fallback shader 'Particles/Alpha Blended' not found
Shader 'WFX/Transparent Diffuse': fallback shader 'Particles/Alpha Blended' not found
Initialize mono
Mono path[0] = '/Applications/Unity/Unity.app/Contents/Managed'
Mono path[1] = '/Applications/Unity/Unity.app/Contents/MonoBleedingEdge/lib/mono/unityjit'
Mono config path = '/Applications/Unity/Unity.app/Contents/MonoBleedingEdge/etc'
Using monoOptions --debugger-agent=transport=dt_socket,embedding=1,server=y,suspend=n,address=127.0.0.1:56729
Begin MonoManager ReloadAssembly
Registering precompiled unity dll's ...
Register platform support module: /Applications/Unity/Unity.app/Contents/PlaybackEngines/MacStandaloneSupport/UnityEditor.OSXStandalone.Extensions.dll
Registered in 0.000583 seconds.
Native extension for OSXStandalone target not found
Refreshing native plugins compatible for Editor in 116.99 ms, found 3 plugins.
Preloading 0 native plugins for Editor in 0.00 ms.
Mono: successfully reloaded assembly
- Completed reload, in  2.106 seconds
Platform modules already initialized, skipping
Registering precompiled user dll's ...
Registered in 0.004053 seconds.
Begin MonoManager ReloadAssembly
Native extension for OSXStandalone target not found
Refreshing native plugins compatible for Editor in 116.63 ms, found 3 plugins.
Preloading 0 native plugins for Editor in 0.00 ms.
Mono: successfully reloaded assembly
- Completed reload, in  2.093 seconds
Platform modules already initialized, skipping
========================================================================
Worker process is ready to serve import requests
Shader 'WFX/Transparent Diffuse': fallback shader 'Particles/Alpha Blended' not found
Shader 'Universal Render Pipeline/Particles/Lit': fallback shader 'Universal Render Pipeline/Particles/SimpleLit' not found
Shader 'WFX/Transparent Specular': fallback shader 'Particles/Alpha Blended' not found
Launching external process: /Applications/Unity/Unity.app/Contents/Tools/UnityShaderCompiler
Launched and connected shader compiler UnityShaderCompiler after 0.02 seconds
Refreshing native plugins compatible for Editor in 1.05 ms, found 3 plugins.
Preloading 0 native plugins for Editor in 0.00 ms.
Unloading 3674 Unused Serialized files (Serialized files now loaded: 0)
System memory in use before: 339.5 MB.
System memory in use after: 339.7 MB.

Unloading 32 unused Assets to reduce memory usage. Loaded Objects now: 4134.
Total: 4.335421 ms (FindLiveObjects: 0.626834 ms CreateObjectMapping: 0.372911 ms MarkObjects: 3.216943 ms  DeleteObjects: 0.117300 ms)

========================================================================
Received Import Request.
  path: Assets/Scripts/Lvl2/MainMenu.cs
  artifactKey: Guid(f157354bd479c4fb4b4c7fe87f1ca185) Importer(815301076,1909f56bfc062723c751e8b465ee728b)
Start importing Assets/Scripts/Lvl2/MainMenu.cs using Guid(f157354bd479c4fb4b4c7fe87f1ca185) Importer(815301076,1909f56bfc062723c751e8b465ee728b)  -> (artifact id: '57ab1009808283dcb3ab9ec40560726c') in 0.146560 seconds
  Import took 0.154635 seconds .

========================================================================
Received Import Request.
  Time since last request: 1.998968 seconds.
  path: Assets/Scripts/Lvl2/PauseMenu.cs
  artifactKey: Guid(f2e210c09ccd644d2bee6a5582ce2329) Importer(815301076,1909f56bfc062723c751e8b465ee728b)
Start importing Assets/Scripts/Lvl2/PauseMenu.cs using Guid(f2e210c09ccd644d2bee6a5582ce2329) Importer(815301076,1909f56bfc062723c751e8b465ee728b)  -> (artifact id: '67996a29810ba683b65cd121fe35ddcc') in 0.003083 seconds
  Import took 0.012792 seconds .

========================================================================
Received Import Request.
  Time since last request: 0.036175 seconds.
  path: Assets/Scripts/Lvl2/PauseMenu.cs
  artifactKey: Guid(f2e210c09ccd644d2bee6a5582ce2329) Importer(815301076,1909f56bfc062723c751e8b465ee728b)
Start importing Assets/Scripts/Lvl2/PauseMenu.cs using Guid(f2e210c09ccd644d2bee6a5582ce2329) Importer(815301076,1909f56bfc062723c751e8b465ee728b)  -> (artifact id: '67996a29810ba683b65cd121fe35ddcc') in 0.002341 seconds
  Import took 0.016190 seconds .

========================================================================
Received Import Request.
  Time since last request: 11.885308 seconds.
  path: Assets/Scenes/Menu.unity
  artifactKey: Guid(5a4a12ff415a7419ab5ba5f3549da51c) Importer(815301076,1909f56bfc062723c751e8b465ee728b)
Start importing Assets/Scenes/Menu.unity using Guid(5a4a12ff415a7419ab5ba5f3549da51c) Importer(815301076,1909f56bfc062723c751e8b465ee728b)  -> (artifact id: '28af276ec2434561aeb6ff5634ab0548') in 0.020293 seconds
  Import took 0.029056 seconds .

========================================================================
Received Import Request.
  Time since last request: 155.401648 seconds.
  path: Assets/Scenes/Lvl2.unity
  artifactKey: Guid(cf8bceb26459c415cad4d565593d9cc5) Importer(815301076,1909f56bfc062723c751e8b465ee728b)
Start importing Assets/Scenes/Lvl2.unity using Guid(cf8bceb26459c415cad4d565593d9cc5) Importer(815301076,1909f56bfc062723c751e8b465ee728b)  -> (artifact id: 'e5d6d163517e95c3373c4c8b0b7f17ef') in 0.002847 seconds
  Import took 0.017500 seconds .

========================================================================
Received Prepare
Registering precompiled user dll's ...
Registered in 0.026190 seconds.
Begin MonoManager ReloadAssembly
Native extension for OSXStandalone target not found
Refreshing native plugins compatible for Editor in 1.01 ms, found 3 plugins.
Preloading 0 native plugins for Editor in 0.00 ms.
Mono: successfully reloaded assembly
- Completed reload, in  2.175 seconds
Platform modules already initialized, skipping
Shader 'WFX/Transparent Diffuse': fallback shader 'Particles/Alpha Blended' not found
Shader 'Universal Render Pipeline/Particles/Lit': fallback shader 'Universal Render Pipeline/Particles/SimpleLit' not found
Shader 'WFX/Transparent Specular': fallback shader 'Particles/Alpha Blended' not found
Refreshing native plugins compatible for Editor in 1.02 ms, found 3 plugins.
Preloading 0 native plugins for Editor in 0.00 ms.
Unloading 3491 Unused Serialized files (Serialized files now loaded: 0)
System memory in use before: 330.6 MB.
System memory in use after: 330.8 MB.

Unloading 21 unused Assets to reduce memory usage. Loaded Objects now: 4137.
Total: 4.862659 ms (FindLiveObjects: 0.948917 ms CreateObjectMapping: 0.642553 ms MarkObjects: 3.240922 ms  DeleteObjects: 0.027882 ms)

========================================================================
Received Import Request.
  Time since last request: 732.662203 seconds.
  path: Assets/Scripts/Lvl2/GravityHelper.cs
  artifactKey: Guid(6ed155af68e4b4eb8928cffc151e3f5e) Importer(815301076,1909f56bfc062723c751e8b465ee728b)
Start importing Assets/Scripts/Lvl2/GravityHelper.cs using Guid(6ed155af68e4b4eb8928cffc151e3f5e) Importer(815301076,1909f56bfc062723c751e8b465ee728b)  -> (artifact id: '1439b91646a4fee51aaa12ca7b7c66e5') in 0.012726 seconds
  Import took 0.023566 seconds .

========================================================================
Received Import Request.
  Time since last request: 3.771951 seconds.
  path: Assets/Scripts/Lvl2/Fall.cs
  artifactKey: Guid(cfe390c6dd2708a498d6831de8bc9031) Importer(815301076,1909f56bfc062723c751e8b465ee728b)
Start importing Assets/Scripts/Lvl2/Fall.cs using Guid(cfe390c6dd2708a498d6831de8bc9031) Importer(815301076,1909f56bfc062723c751e8b465ee728b)  -> (artifact id: 'f6e6218103421c5950107bf4f82cfd34') in 0.003140 seconds
  Import took 0.016844 seconds .

========================================================================
Received Import Request.
  Time since last request: 0.002791 seconds.
  path: Assets/Scripts/Lvl2/Fall.cs
  artifactKey: Guid(cfe390c6dd2708a498d6831de8bc9031) Importer(815301076,1909f56bfc062723c751e8b465ee728b)
Start importing Assets/Scripts/Lvl2/Fall.cs using Guid(cfe390c6dd2708a498d6831de8bc9031) Importer(815301076,1909f56bfc062723c751e8b465ee728b)  -> (artifact id: 'f6e6218103421c5950107bf4f82cfd34') in 0.002760 seconds
  Import took 0.015706 seconds .

========================================================================
Received Prepare
Registering precompiled user dll's ...
Registered in 0.003844 seconds.
Begin MonoManager ReloadAssembly
Native extension for OSXStandalone target not found
Refreshing native plugins compatible for Editor in 1.02 ms, found 3 plugins.
Preloading 0 native plugins for Editor in 0.00 ms.
Mono: successfully reloaded assembly
- Completed reload, in  1.860 seconds
Platform modules already initialized, skipping
Shader 'WFX/Transparent Diffuse': fallback shader 'Particles/Alpha Blended' not found
Shader 'Universal Render Pipeline/Particles/Lit': fallback shader 'Universal Render Pipeline/Particles/SimpleLit' not found
Shader 'WFX/Transparent Specular': fallback shader 'Particles/Alpha Blended' not found
Refreshing native plugins compatible for Editor in 1.02 ms, found 3 plugins.
Preloading 0 native plugins for Editor in 0.00 ms.
Unloading 3491 Unused Serialized files (Serialized files now loaded: 0)
System memory in use before: 331.1 MB.
System memory in use after: 331.3 MB.

Unloading 21 unused Assets to reduce memory usage. Loaded Objects now: 4140.
Total: 4.252740 ms (FindLiveObjects: 0.578036 ms CreateObjectMapping: 0.366299 ms MarkObjects: 3.278314 ms  DeleteObjects: 0.028770 ms)

========================================================================
Received Prepare
Registering precompiled user dll's ...
Registered in 0.006652 seconds.
Begin MonoManager ReloadAssembly
Native extension for OSXStandalone target not found
Refreshing native plugins compatible for Editor in 1.00 ms, found 3 plugins.
Preloading 0 native plugins for Editor in 0.00 ms.
Mono: successfully reloaded assembly
- Completed reload, in  2.041 seconds
Platform modules already initialized, skipping
Shader 'WFX/Transparent Diffuse': fallback shader 'Particles/Alpha Blended' not found
Shader 'Universal Render Pipeline/Particles/Lit': fallback shader 'Universal Render Pipeline/Particles/SimpleLit' not found
Shader 'WFX/Transparent Specular': fallback shader 'Particles/Alpha Blended' not found
Refreshing native plugins compatible for Editor in 1.13 ms, found 3 plugins.
Preloading 0 native plugins for Editor in 0.00 ms.
Unloading 3491 Unused Serialized files (Serialized files now loaded: 0)
System memory in use before: 331.5 MB.
System memory in use after: 331.7 MB.

Unloading 21 unused Assets to reduce memory usage. Loaded Objects now: 4143.
Total: 4.297539 ms (FindLiveObjects: 0.674239 ms CreateObjectMapping: 0.371748 ms MarkObjects: 3.211095 ms  DeleteObjects: 0.039048 ms)

========================================================================
Received Prepare
Registering precompiled user dll's ...
Registered in 0.009560 seconds.
Begin MonoManager ReloadAssembly
Native extension for OSXStandalone target not found
Refreshing native plugins compatible for Editor in 1.61 ms, found 3 plugins.
Preloading 0 native plugins for Editor in 0.00 ms.
Mono: successfully reloaded assembly
- Completed reload, in  2.068 seconds
Platform modules already initialized, skipping
Shader 'WFX/Transparent Diffuse': fallback shader 'Particles/Alpha Blended' not found
Shader 'Universal Render Pipeline/Particles/Lit': fallback shader 'Universal Render Pipeline/Particles/SimpleLit' not found
Shader 'WFX/Transparent Specular': fallback shader 'Particles/Alpha Blended' not found
Refreshing native plugins compatible for Editor in 1.04 ms, found 3 plugins.
Preloading 0 native plugins for Editor in 0.00 ms.
Unloading 3491 Unused Serialized files (Serialized files now loaded: 0)
System memory in use before: 331.7 MB.
System memory in use after: 332.0 MB.

Unloading 21 unused Assets to reduce memory usage. Loaded Objects now: 4146.
Total: 4.524920 ms (FindLiveObjects: 0.582825 ms CreateObjectMapping: 0.367903 ms MarkObjects: 3.542421 ms  DeleteObjects: 0.030128 ms)

========================================================================
Received Prepare
Registering precompiled user dll's ...
Registered in 0.012549 seconds.
Begin MonoManager ReloadAssembly
Native extension for OSXStandalone target not found
Refreshing native plugins compatible for Editor in 1.19 ms, found 3 plugins.
Preloading 0 native plugins for Editor in 0.00 ms.
Mono: successfully reloaded assembly
- Completed reload, in  2.552 seconds
Platform modules already initialized, skipping
Shader 'WFX/Transparent Diffuse': fallback shader 'Particles/Alpha Blended' not found
Shader 'Universal Render Pipeline/Particles/Lit': fallback shader 'Universal Render Pipeline/Particles/SimpleLit' not found
Shader 'WFX/Transparent Specular': fallback shader 'Particles/Alpha Blended' not found
Refreshing native plugins compatible for Editor in 1.06 ms, found 3 plugins.
Preloading 0 native plugins for Editor in 0.00 ms.
Unloading 3491 Unused Serialized files (Serialized files now loaded: 0)
System memory in use before: 332.0 MB.
System memory in use after: 332.2 MB.

Unloading 21 unused Assets to reduce memory usage. Loaded Objects now: 4149.
Total: 11.397526 ms (FindLiveObjects: 1.596132 ms CreateObjectMapping: 0.679593 ms MarkObjects: 9.079658 ms  DeleteObjects: 0.040070 ms)

========================================================================
Received Prepare
Registering precompiled user dll's ...
Registered in 0.006499 seconds.
Begin MonoManager ReloadAssembly
Native extension for OSXStandalone target not found
Refreshing native plugins compatible for Editor in 1.15 ms, found 3 plugins.
Preloading 0 native plugins for Editor in 0.00 ms.
Mono: successfully reloaded assembly
- Completed reload, in  2.229 seconds
Platform modules already initialized, skipping
Shader 'WFX/Transparent Diffuse': fallback shader 'Particles/Alpha Blended' not found
Shader 'Universal Render Pipeline/Particles/Lit': fallback shader 'Universal Render Pipeline/Particles/SimpleLit' not found
Shader 'WFX/Transparent Specular': fallback shader 'Particles/Alpha Blended' not found
Refreshing native plugins compatible for Editor in 1.08 ms, found 3 plugins.
Preloading 0 native plugins for Editor in 0.00 ms.
Unloading 3491 Unused Serialized files (Serialized files now loaded: 0)
System memory in use before: 332.3 MB.
System memory in use after: 332.5 MB.

Unloading 21 unused Assets to reduce memory usage. Loaded Objects now: 4152.
Total: 4.587529 ms (FindLiveObjects: 0.694617 ms CreateObjectMapping: 0.397471 ms MarkObjects: 3.461557 ms  DeleteObjects: 0.032198 ms)

========================================================================
Received Prepare
Registering precompiled user dll's ...
Registered in 0.008064 seconds.
Begin MonoManager ReloadAssembly
Native extension for OSXStandalone target not found
Refreshing native plugins compatible for Editor in 1.06 ms, found 3 plugins.
Preloading 0 native plugins for Editor in 0.00 ms.
Mono: successfully reloaded assembly
- Completed reload, in  1.832 seconds
Platform modules already initialized, skipping
Shader 'WFX/Transparent Diffuse': fallback shader 'Particles/Alpha Blended' not found
Shader 'Universal Render Pipeline/Particles/Lit': fallback shader 'Universal Render Pipeline/Particles/SimpleLit' not found
Shader 'WFX/Transparent Specular': fallback shader 'Particles/Alpha Blended' not found
Refreshing native plugins compatible for Editor in 1.71 ms, found 3 plugins.
Preloading 0 native plugins for Editor in 0.00 ms.
Unloading 3491 Unused Serialized files (Serialized files now loaded: 0)
System memory in use before: 332.5 MB.
System memory in use after: 332.8 MB.

Unloading 21 unused Assets to reduce memory usage. Loaded Objects now: 4155.
Total: 3.647096 ms (FindLiveObjects: 0.419203 ms CreateObjectMapping: 0.170561 ms MarkObjects: 3.028660 ms  DeleteObjects: 0.027364 ms)

========================================================================
Received Prepare
Registering precompiled user dll's ...
Registered in 0.004053 seconds.
Begin MonoManager ReloadAssembly
Native extension for OSXStandalone target not found
Refreshing native plugins compatible for Editor in 1.18 ms, found 3 plugins.
Preloading 0 native plugins for Editor in 0.00 ms.
Mono: successfully reloaded assembly
- Completed reload, in  1.842 seconds
Platform modules already initialized, skipping
Shader 'WFX/Transparent Diffuse': fallback shader 'Particles/Alpha Blended' not found
Shader 'Universal Render Pipeline/Particles/Lit': fallback shader 'Universal Render Pipeline/Particles/SimpleLit' not found
Shader 'WFX/Transparent Specular': fallback shader 'Particles/Alpha Blended' not found
Refreshing native plugins compatible for Editor in 1.03 ms, found 3 plugins.
Preloading 0 native plugins for Editor in 0.00 ms.
Unloading 3491 Unused Serialized files (Serialized files now loaded: 0)
System memory in use before: 332.8 MB.
System memory in use after: 333.0 MB.

Unloading 21 unused Assets to reduce memory usage. Loaded Objects now: 4158.
Total: 4.069729 ms (FindLiveObjects: 0.653960 ms CreateObjectMapping: 0.397177 ms MarkObjects: 2.991267 ms  DeleteObjects: 0.026079 ms)

========================================================================
Received Prepare
Registering precompiled user dll's ...
Registered in 0.013620 seconds.
Begin MonoManager ReloadAssembly
Native extension for OSXStandalone target not found
Refreshing native plugins compatible for Editor in 0.98 ms, found 3 plugins.
Preloading 0 native plugins for Editor in 0.00 ms.
Mono: successfully reloaded assembly
- Completed reload, in  1.974 seconds
Platform modules already initialized, skipping
Shader 'WFX/Transparent Diffuse': fallback shader 'Particles/Alpha Blended' not found
Shader 'Universal Render Pipeline/Particles/Lit': fallback shader 'Universal Render Pipeline/Particles/SimpleLit' not found
Shader 'WFX/Transparent Specular': fallback shader 'Particles/Alpha Blended' not found
Refreshing native plugins compatible for Editor in 1.49 ms, found 3 plugins.
Preloading 0 native plugins for Editor in 0.00 ms.
Unloading 3491 Unused Serialized files (Serialized files now loaded: 0)
System memory in use before: 333.0 MB.
System memory in use after: 333.3 MB.

Unloading 21 unused Assets to reduce memory usage. Loaded Objects now: 4161.
Total: 3.548940 ms (FindLiveObjects: 0.403620 ms CreateObjectMapping: 0.170880 ms MarkObjects: 2.936393 ms  DeleteObjects: 0.028370 ms)

========================================================================
Received Prepare
Registering precompiled user dll's ...
Registered in 0.006938 seconds.
Begin MonoManager ReloadAssembly
Native extension for OSXStandalone target not found
Refreshing native plugins compatible for Editor in 1.01 ms, found 3 plugins.
Preloading 0 native plugins for Editor in 0.00 ms.
Mono: successfully reloaded assembly
- Completed reload, in  1.951 seconds
Platform modules already initialized, skipping
Shader 'WFX/Transparent Diffuse': fallback shader 'Particles/Alpha Blended' not found
Shader 'Universal Render Pipeline/Particles/Lit': fallback shader 'Universal Render Pipeline/Particles/SimpleLit' not found
Shader 'WFX/Transparent Specular': fallback shader 'Particles/Alpha Blended' not found
Refreshing native plugins compatible for Editor in 1.90 ms, found 3 plugins.
Preloading 0 native plugins for Editor in 0.00 ms.
Unloading 3491 Unused Serialized files (Serialized files now loaded: 0)
System memory in use before: 333.3 MB.
System memory in use after: 333.6 MB.

Unloading 21 unused Assets to reduce memory usage. Loaded Objects now: 4164.
Total: 3.589158 ms (FindLiveObjects: 0.423147 ms CreateObjectMapping: 0.196082 ms MarkObjects: 2.941364 ms  DeleteObjects: 0.027210 ms)

========================================================================
Received Import Request.
  Time since last request: 4505.499315 seconds.
  path: Assets/Prefabs/Lvl2/Cave.prefab
  artifactKey: Guid(49bd64e4d3e3745e985cdc1167e74325) Importer(815301076,1909f56bfc062723c751e8b465ee728b)
Start importing Assets/Prefabs/Lvl2/Cave.prefab using Guid(49bd64e4d3e3745e985cdc1167e74325) Importer(815301076,1909f56bfc062723c751e8b465ee728b)  -> (artifact id: '4fa4218d60713178268e75292cdbe277') in 0.086520 seconds
  Import took 0.100258 seconds .

========================================================================
Received Import Request.
  Time since last request: 1.038330 seconds.
  path: Assets/Prefabs/Lvl2/Level.prefab
  artifactKey: Guid(62ceab1401bf60848885afb05114d0bc) Importer(815301076,1909f56bfc062723c751e8b465ee728b)
Start importing Assets/Prefabs/Lvl2/Level.prefab using Guid(62ceab1401bf60848885afb05114d0bc) Importer(815301076,1909f56bfc062723c751e8b465ee728b)  -> (artifact id: '0d280d0a449a203532c5361847ab47fe') in 0.009011 seconds
  Import took 0.023014 seconds .

========================================================================
Received Import Request.
  Time since last request: 11.845955 seconds.
  path: Assets/Prefabs/Player 1.prefab
  artifactKey: Guid(0d00c081a9cf94e488217a1e4d99d1b0) Importer(815301076,1909f56bfc062723c751e8b465ee728b)
Start importing Assets/Prefabs/Player 1.prefab using Guid(0d00c081a9cf94e488217a1e4d99d1b0) Importer(815301076,1909f56bfc062723c751e8b465ee728b)  -> (artifact id: 'a81f3749776c68f71947e4d1c582af16') in 0.296420 seconds
  Import took 0.307447 seconds .

========================================================================
Received Import Request.
  Time since last request: 16.840922 seconds.
  path: Assets/Prefabs/Player 1.prefab
  artifactKey: Guid(0d00c081a9cf94e488217a1e4d99d1b0) Importer(815301076,1909f56bfc062723c751e8b465ee728b)
Start importing Assets/Prefabs/Player 1.prefab using Guid(0d00c081a9cf94e488217a1e4d99d1b0) Importer(815301076,1909f56bfc062723c751e8b465ee728b)  -> (artifact id: 'b6f9ab571073203b305a544151e94be0') in 0.027013 seconds
  Import took 0.039868 seconds .

========================================================================
Received Import Request.
  Time since last request: 13.879979 seconds.
  path: Assets/Prefabs/Player 1.prefab
  artifactKey: Guid(0d00c081a9cf94e488217a1e4d99d1b0) Importer(815301076,1909f56bfc062723c751e8b465ee728b)
Start importing Assets/Prefabs/Player 1.prefab using Guid(0d00c081a9cf94e488217a1e4d99d1b0) Importer(815301076,1909f56bfc062723c751e8b465ee728b)  -> (artifact id: 'a4d2b53f76c7f8bc324e845360d17233') in 0.024756 seconds
  Import took 0.035576 seconds .

========================================================================
Received Import Request.
  Time since last request: 20.699633 seconds.
  path: Assets/Prefabs/Player 1.prefab
  artifactKey: Guid(0d00c081a9cf94e488217a1e4d99d1b0) Importer(815301076,1909f56bfc062723c751e8b465ee728b)
Start importing Assets/Prefabs/Player 1.prefab using Guid(0d00c081a9cf94e488217a1e4d99d1b0) Importer(815301076,1909f56bfc062723c751e8b465ee728b)  -> (artifact id: '058c3c71a4066f237d195b735329b23c') in 0.025732 seconds
  Import took 0.038901 seconds .

========================================================================
Received Import Request.
  Time since last request: 3.208303 seconds.
  path: Assets/Prefabs/Player 1.prefab
  artifactKey: Guid(0d00c081a9cf94e488217a1e4d99d1b0) Importer(815301076,1909f56bfc062723c751e8b465ee728b)
Start importing Assets/Prefabs/Player 1.prefab using Guid(0d00c081a9cf94e488217a1e4d99d1b0) Importer(815301076,1909f56bfc062723c751e8b465ee728b)  -> (artifact id: '51e08b8a56c37128507eabfbe3e9abf3') in 0.023488 seconds
  Import took 0.035821 seconds .

========================================================================
Received Import Request.
  Time since last request: 21.518868 seconds.
  path: Assets/Prefabs/Player 1.prefab
  artifactKey: Guid(0d00c081a9cf94e488217a1e4d99d1b0) Importer(815301076,1909f56bfc062723c751e8b465ee728b)
Start importing Assets/Prefabs/Player 1.prefab using Guid(0d00c081a9cf94e488217a1e4d99d1b0) Importer(815301076,1909f56bfc062723c751e8b465ee728b)  -> (artifact id: '0189069cd07f4159e50940abcec66ec5') in 0.026611 seconds
  Import took 0.039328 seconds .

========================================================================
Received Import Request.
  Time since last request: 0.757981 seconds.
  path: Assets/Prefabs/Player 1.prefab
  artifactKey: Guid(0d00c081a9cf94e488217a1e4d99d1b0) Importer(815301076,1909f56bfc062723c751e8b465ee728b)
Start importing Assets/Prefabs/Player 1.prefab using Guid(0d00c081a9cf94e488217a1e4d99d1b0) Importer(815301076,1909f56bfc062723c751e8b465ee728b)  -> (artifact id: '70d5d4ac0c305ff6275fbc6244452b47') in 0.023317 seconds
  Import took 0.041430 seconds .

========================================================================
Received Import Request.
  Time since last request: 1.376103 seconds.
  path: Assets/Prefabs/Player 1.prefab
  artifactKey: Guid(0d00c081a9cf94e488217a1e4d99d1b0) Importer(815301076,1909f56bfc062723c751e8b465ee728b)
Start importing Assets/Prefabs/Player 1.prefab using Guid(0d00c081a9cf94e488217a1e4d99d1b0) Importer(815301076,1909f56bfc062723c751e8b465ee728b)  -> (artifact id: 'fed97f73b96e44f0c60f7c0111d46f48') in 0.018173 seconds
  Import took 0.032100 seconds .

========================================================================
Received Import Request.
  Time since last request: 14.168309 seconds.
  path: Assets/Prefabs/Player 1.prefab
  artifactKey: Guid(0d00c081a9cf94e488217a1e4d99d1b0) Importer(815301076,1909f56bfc062723c751e8b465ee728b)
Start importing Assets/Prefabs/Player 1.prefab using Guid(0d00c081a9cf94e488217a1e4d99d1b0) Importer(815301076,1909f56bfc062723c751e8b465ee728b)  -> (artifact id: '0d59d0b13cfbc40d2b858ad69320723a') in 0.025028 seconds
  Import took 0.035946 seconds .

========================================================================
Received Import Request.
  Time since last request: 3.018986 seconds.
  path: Assets/Prefabs/Player 1.prefab
  artifactKey: Guid(0d00c081a9cf94e488217a1e4d99d1b0) Importer(815301076,1909f56bfc062723c751e8b465ee728b)
Start importing Assets/Prefabs/Player 1.prefab using Guid(0d00c081a9cf94e488217a1e4d99d1b0) Importer(815301076,1909f56bfc062723c751e8b465ee728b)  -> (artifact id: '479812c74f73af4edc35e74a8f16d2db') in 0.022424 seconds
  Import took 0.037741 seconds .

========================================================================
Received Import Request.
  Time since last request: 18.504066 seconds.
  path: Assets/Prefabs/Player 1.prefab
  artifactKey: Guid(0d00c081a9cf94e488217a1e4d99d1b0) Importer(815301076,1909f56bfc062723c751e8b465ee728b)
Start importing Assets/Prefabs/Player 1.prefab using Guid(0d00c081a9cf94e488217a1e4d99d1b0) Importer(815301076,1909f56bfc062723c751e8b465ee728b)  -> (artifact id: 'e69dba5c41bdbaa0948d7fcf46b434f5') in 0.026253 seconds
  Import took 0.039850 seconds .

========================================================================
Received Import Request.
  Time since last request: 5.864057 seconds.
  path: Assets/Prefabs/Player 1.prefab
  artifactKey: Guid(0d00c081a9cf94e488217a1e4d99d1b0) Importer(815301076,1909f56bfc062723c751e8b465ee728b)
Start importing Assets/Prefabs/Player 1.prefab using Guid(0d00c081a9cf94e488217a1e4d99d1b0) Importer(815301076,1909f56bfc062723c751e8b465ee728b)  -> (artifact id: '7e4e3e712d5e862c312d329c2cae77ba') in 0.024547 seconds
  Import took 0.038053 seconds .

========================================================================
Received Import Request.
  Time since last request: 1.363369 seconds.
  path: Assets/Prefabs/Player 1.prefab
  artifactKey: Guid(0d00c081a9cf94e488217a1e4d99d1b0) Importer(815301076,1909f56bfc062723c751e8b465ee728b)
Start importing Assets/Prefabs/Player 1.prefab using Guid(0d00c081a9cf94e488217a1e4d99d1b0) Importer(815301076,1909f56bfc062723c751e8b465ee728b)  -> (artifact id: '40c62cb83fa365bff48f51084d597bb2') in 0.024708 seconds
  Import took 0.035814 seconds .

========================================================================
Received Import Request.
  Time since last request: 0.581564 seconds.
  path: Assets/Prefabs/Player 1.prefab
  artifactKey: Guid(0d00c081a9cf94e488217a1e4d99d1b0) Importer(815301076,1909f56bfc062723c751e8b465ee728b)
Start importing Assets/Prefabs/Player 1.prefab using Guid(0d00c081a9cf94e488217a1e4d99d1b0) Importer(815301076,1909f56bfc062723c751e8b465ee728b)  -> (artifact id: '40d9e46bd8e6ec4db0b9bc1b7ec146a9') in 0.024018 seconds
  Import took 0.035116 seconds .

========================================================================
Received Import Request.
  Time since last request: 7.055426 seconds.
  path: Assets/Prefabs/Player 1.prefab
  artifactKey: Guid(0d00c081a9cf94e488217a1e4d99d1b0) Importer(815301076,1909f56bfc062723c751e8b465ee728b)
Start importing Assets/Prefabs/Player 1.prefab using Guid(0d00c081a9cf94e488217a1e4d99d1b0) Importer(815301076,1909f56bfc062723c751e8b465ee728b)  -> (artifact id: '929c83ccdd7499238efc71f4039a8dfb') in 0.024609 seconds
  Import took 0.037021 seconds .

========================================================================
Received Import Request.
  Time since last request: 10.355269 seconds.
  path: Assets/Prefabs/Player 1.prefab
  artifactKey: Guid(0d00c081a9cf94e488217a1e4d99d1b0) Importer(815301076,1909f56bfc062723c751e8b465ee728b)
Start importing Assets/Prefabs/Player 1.prefab using Guid(0d00c081a9cf94e488217a1e4d99d1b0) Importer(815301076,1909f56bfc062723c751e8b465ee728b)  -> (artifact id: 'c3cc643ea6738af1e71509407ad72413') in 0.017531 seconds
  Import took 0.031085 seconds .

========================================================================
Received Import Request.
  Time since last request: 8.901214 seconds.
  path: Assets/Prefabs/Player 1.prefab
  artifactKey: Guid(0d00c081a9cf94e488217a1e4d99d1b0) Importer(815301076,1909f56bfc062723c751e8b465ee728b)
Start importing Assets/Prefabs/Player 1.prefab using Guid(0d00c081a9cf94e488217a1e4d99d1b0) Importer(815301076,1909f56bfc062723c751e8b465ee728b)  -> (artifact id: '86085e21ddc2bcccfa050999fabf6c0b') in 0.026345 seconds
  Import took 0.039379 seconds .

========================================================================
Received Import Request.
  Time since last request: 10.945923 seconds.
  path: Assets/Prefabs/Player 1.prefab
  artifactKey: Guid(0d00c081a9cf94e488217a1e4d99d1b0) Importer(815301076,1909f56bfc062723c751e8b465ee728b)
Start importing Assets/Prefabs/Player 1.prefab using Guid(0d00c081a9cf94e488217a1e4d99d1b0) Importer(815301076,1909f56bfc062723c751e8b465ee728b)  -> (artifact id: '3640ec610cf58298f35fd1ed8aab206b') in 0.024962 seconds
  Import took 0.037636 seconds .

========================================================================
Received Import Request.
  Time since last request: 55.169841 seconds.
  path: Assets/Prefabs/Player 1.prefab
  artifactKey: Guid(0d00c081a9cf94e488217a1e4d99d1b0) Importer(815301076,1909f56bfc062723c751e8b465ee728b)
Start importing Assets/Prefabs/Player 1.prefab using Guid(0d00c081a9cf94e488217a1e4d99d1b0) Importer(815301076,1909f56bfc062723c751e8b465ee728b)  -> (artifact id: '239e1e2f1fb97407813e83987fa4bd7d') in 0.030407 seconds
  Import took 0.041969 seconds .

========================================================================
Received Import Request.
  Time since last request: 17.821733 seconds.
  path: Assets/Prefabs/Player 1.prefab
  artifactKey: Guid(0d00c081a9cf94e488217a1e4d99d1b0) Importer(815301076,1909f56bfc062723c751e8b465ee728b)
Start importing Assets/Prefabs/Player 1.prefab using Guid(0d00c081a9cf94e488217a1e4d99d1b0) Importer(815301076,1909f56bfc062723c751e8b465ee728b)  -> (artifact id: '2888257d52e9a4e464862c114bbabb68') in 0.024193 seconds
  Import took 0.037551 seconds .

========================================================================
Received Import Request.
  Time since last request: 12.761953 seconds.
  path: Assets/Prefabs/Player 1.prefab
  artifactKey: Guid(0d00c081a9cf94e488217a1e4d99d1b0) Importer(815301076,1909f56bfc062723c751e8b465ee728b)
Start importing Assets/Prefabs/Player 1.prefab using Guid(0d00c081a9cf94e488217a1e4d99d1b0) Importer(815301076,1909f56bfc062723c751e8b465ee728b)  -> (artifact id: 'fcf2385a23eb206aead1ff4cf4a1cbdb') in 0.025361 seconds
  Import took 0.042886 seconds .

========================================================================
Received Import Request.
  Time since last request: 5.214830 seconds.
  path: Assets/Prefabs/Player 1.prefab
  artifactKey: Guid(0d00c081a9cf94e488217a1e4d99d1b0) Importer(815301076,1909f56bfc062723c751e8b465ee728b)
Start importing Assets/Prefabs/Player 1.prefab using Guid(0d00c081a9cf94e488217a1e4d99d1b0) Importer(815301076,1909f56bfc062723c751e8b465ee728b)  -> (artifact id: '3dc2991666b0ba6a263166bb0cde223d') in 0.026974 seconds
  Import took 0.041154 seconds .

========================================================================
Received Import Request.
  Time since last request: 12.530319 seconds.
  path: Assets/Prefabs/Player 1.prefab
  artifactKey: Guid(0d00c081a9cf94e488217a1e4d99d1b0) Importer(815301076,1909f56bfc062723c751e8b465ee728b)
Start importing Assets/Prefabs/Player 1.prefab using Guid(0d00c081a9cf94e488217a1e4d99d1b0) Importer(815301076,1909f56bfc062723c751e8b465ee728b)  -> (artifact id: '2f6802c9b8141ada0ce8b53d45a014ea') in 0.026500 seconds
  Import took 0.039227 seconds .

========================================================================
Received Prepare
Registering precompiled user dll's ...
Registered in 0.009152 seconds.
Begin MonoManager ReloadAssembly
Native extension for OSXStandalone target not found
Refreshing native plugins compatible for Editor in 1.13 ms, found 3 plugins.
Preloading 0 native plugins for Editor in 0.00 ms.
Mono: successfully reloaded assembly
- Completed reload, in  2.139 seconds
Platform modules already initialized, skipping
Shader 'WFX/Transparent Diffuse': fallback shader 'Particles/Alpha Blended' not found
Shader 'Universal Render Pipeline/Particles/Lit': fallback shader 'Universal Render Pipeline/Particles/SimpleLit' not found
Shader 'WFX/Transparent Specular': fallback shader 'Particles/Alpha Blended' not found
Refreshing native plugins compatible for Editor in 1.43 ms, found 3 plugins.
Preloading 0 native plugins for Editor in 0.00 ms.
Unloading 3491 Unused Serialized files (Serialized files now loaded: 0)
System memory in use before: 344.4 MB.
System memory in use after: 344.6 MB.

Unloading 21 unused Assets to reduce memory usage. Loaded Objects now: 4212.
Total: 3.809955 ms (FindLiveObjects: 0.578985 ms CreateObjectMapping: 0.236821 ms MarkObjects: 2.961068 ms  DeleteObjects: 0.031479 ms)

========================================================================
Received Import Request.
  Time since last request: 218.927868 seconds.
  path: Assets/Scenes/Lvl2.unity
  artifactKey: Guid(cf8bceb26459c415cad4d565593d9cc5) Importer(815301076,1909f56bfc062723c751e8b465ee728b)
Start importing Assets/Scenes/Lvl2.unity using Guid(cf8bceb26459c415cad4d565593d9cc5) Importer(815301076,1909f56bfc062723c751e8b465ee728b)  -> (artifact id: '5c55f9a52d366a309906982ddb9c0bdd') in 0.017370 seconds
  Import took 0.028137 seconds .

========================================================================
Received Prepare
Registering precompiled user dll's ...
Registered in 0.007047 seconds.
Begin MonoManager ReloadAssembly
Native extension for OSXStandalone target not found
Refreshing native plugins compatible for Editor in 1.03 ms, found 3 plugins.
Preloading 0 native plugins for Editor in 0.00 ms.
Mono: successfully reloaded assembly
- Completed reload, in  1.878 seconds
Platform modules already initialized, skipping
Shader 'WFX/Transparent Diffuse': fallback shader 'Particles/Alpha Blended' not found
Shader 'Universal Render Pipeline/Particles/Lit': fallback shader 'Universal Render Pipeline/Particles/SimpleLit' not found
Shader 'WFX/Transparent Specular': fallback shader 'Particles/Alpha Blended' not found
Refreshing native plugins compatible for Editor in 1.42 ms, found 3 plugins.
Preloading 0 native plugins for Editor in 0.00 ms.
Unloading 3491 Unused Serialized files (Serialized files now loaded: 0)
System memory in use before: 344.7 MB.
System memory in use after: 344.9 MB.

Unloading 21 unused Assets to reduce memory usage. Loaded Objects now: 4215.
Total: 3.846977 ms (FindLiveObjects: 0.553281 ms CreateObjectMapping: 0.291397 ms MarkObjects: 2.971115 ms  DeleteObjects: 0.029747 ms)

========================================================================
Received Prepare
Registering precompiled user dll's ...
Registered in 0.009852 seconds.
Begin MonoManager ReloadAssembly
Native extension for OSXStandalone target not found
Refreshing native plugins compatible for Editor in 1.01 ms, found 3 plugins.
Preloading 0 native plugins for Editor in 0.00 ms.
Mono: successfully reloaded assembly
- Completed reload, in  1.849 seconds
Platform modules already initialized, skipping
Shader 'WFX/Transparent Diffuse': fallback shader 'Particles/Alpha Blended' not found
Shader 'Universal Render Pipeline/Particles/Lit': fallback shader 'Universal Render Pipeline/Particles/SimpleLit' not found
Shader 'WFX/Transparent Specular': fallback shader 'Particles/Alpha Blended' not found
Refreshing native plugins compatible for Editor in 1.12 ms, found 3 plugins.
Preloading 0 native plugins for Editor in 0.00 ms.
Unloading 3491 Unused Serialized files (Serialized files now loaded: 0)
System memory in use before: 344.9 MB.
System memory in use after: 345.2 MB.

Unloading 21 unused Assets to reduce memory usage. Loaded Objects now: 4218.
Total: 4.394646 ms (FindLiveObjects: 0.580702 ms CreateObjectMapping: 0.356016 ms MarkObjects: 3.428469 ms  DeleteObjects: 0.028241 ms)

========================================================================
Received Prepare
Registering precompiled user dll's ...
Registered in 0.003882 seconds.
Begin MonoManager ReloadAssembly
Native extension for OSXStandalone target not found
Refreshing native plugins compatible for Editor in 1.12 ms, found 3 plugins.
Preloading 0 native plugins for Editor in 0.00 ms.
Mono: successfully reloaded assembly
- Completed reload, in  2.012 seconds
Platform modules already initialized, skipping
Shader 'WFX/Transparent Diffuse': fallback shader 'Particles/Alpha Blended' not found
Shader 'Universal Render Pipeline/Particles/Lit': fallback shader 'Universal Render Pipeline/Particles/SimpleLit' not found
Shader 'WFX/Transparent Specular': fallback shader 'Particles/Alpha Blended' not found
Refreshing native plugins compatible for Editor in 1.04 ms, found 3 plugins.
Preloading 0 native plugins for Editor in 0.00 ms.
Unloading 3491 Unused Serialized files (Serialized files now loaded: 0)
System memory in use before: 345.2 MB.
System memory in use after: 345.4 MB.

Unloading 21 unused Assets to reduce memory usage. Loaded Objects now: 4221.
Total: 5.555878 ms (FindLiveObjects: 1.270632 ms CreateObjectMapping: 0.562426 ms MarkObjects: 3.676223 ms  DeleteObjects: 0.044674 ms)

========================================================================
Received Prepare
Registering precompiled user dll's ...
Registered in 0.004144 seconds.
Begin MonoManager ReloadAssembly
Native extension for OSXStandalone target not found
Refreshing native plugins compatible for Editor in 1.03 ms, found 3 plugins.
Preloading 0 native plugins for Editor in 0.00 ms.
Mono: successfully reloaded assembly
- Completed reload, in  1.909 seconds
Platform modules already initialized, skipping
Shader 'WFX/Transparent Diffuse': fallback shader 'Particles/Alpha Blended' not found
Shader 'Universal Render Pipeline/Particles/Lit': fallback shader 'Universal Render Pipeline/Particles/SimpleLit' not found
Shader 'WFX/Transparent Specular': fallback shader 'Particles/Alpha Blended' not found
Refreshing native plugins compatible for Editor in 1.27 ms, found 3 plugins.
Preloading 0 native plugins for Editor in 0.00 ms.
Unloading 3491 Unused Serialized files (Serialized files now loaded: 0)
System memory in use before: 345.5 MB.
System memory in use after: 345.7 MB.

Unloading 21 unused Assets to reduce memory usage. Loaded Objects now: 4224.
Total: 5.118505 ms (FindLiveObjects: 0.642467 ms CreateObjectMapping: 0.374931 ms MarkObjects: 4.053490 ms  DeleteObjects: 0.045925 ms)

========================================================================
Received Prepare
Registering precompiled user dll's ...
Registered in 0.006544 seconds.
Begin MonoManager ReloadAssembly
Native extension for OSXStandalone target not found
Refreshing native plugins compatible for Editor in 1.15 ms, found 3 plugins.
Preloading 0 native plugins for Editor in 0.00 ms.
Mono: successfully reloaded assembly
- Completed reload, in  1.895 seconds
Platform modules already initialized, skipping
Shader 'WFX/Transparent Diffuse': fallback shader 'Particles/Alpha Blended' not found
Shader 'Universal Render Pipeline/Particles/Lit': fallback shader 'Universal Render Pipeline/Particles/SimpleLit' not found
Shader 'WFX/Transparent Specular': fallback shader 'Particles/Alpha Blended' not found
Refreshing native plugins compatible for Editor in 1.15 ms, found 3 plugins.
Preloading 0 native plugins for Editor in 0.00 ms.
Unloading 3491 Unused Serialized files (Serialized files now loaded: 0)
System memory in use before: 345.7 MB.
System memory in use after: 346.0 MB.

Unloading 21 unused Assets to reduce memory usage. Loaded Objects now: 4227.
Total: 4.990973 ms (FindLiveObjects: 0.634955 ms CreateObjectMapping: 0.379247 ms MarkObjects: 3.941862 ms  DeleteObjects: 0.033347 ms)

========================================================================
Received Prepare
Registering precompiled user dll's ...
Registered in 0.004595 seconds.
Begin MonoManager ReloadAssembly
Native extension for OSXStandalone target not found
Refreshing native plugins compatible for Editor in 1.01 ms, found 3 plugins.
Preloading 0 native plugins for Editor in 0.00 ms.
Mono: successfully reloaded assembly
- Completed reload, in  1.947 seconds
Platform modules already initialized, skipping
Shader 'WFX/Transparent Diffuse': fallback shader 'Particles/Alpha Blended' not found
Shader 'Universal Render Pipeline/Particles/Lit': fallback shader 'Universal Render Pipeline/Particles/SimpleLit' not found
Shader 'WFX/Transparent Specular': fallback shader 'Particles/Alpha Blended' not found
Refreshing native plugins compatible for Editor in 1.21 ms, found 3 plugins.
Preloading 0 native plugins for Editor in 0.00 ms.
Unloading 3491 Unused Serialized files (Serialized files now loaded: 0)
System memory in use before: 346.0 MB.
System memory in use after: 346.2 MB.

Unloading 21 unused Assets to reduce memory usage. Loaded Objects now: 4230.
Total: 4.835081 ms (FindLiveObjects: 0.589195 ms CreateObjectMapping: 0.304499 ms MarkObjects: 3.901389 ms  DeleteObjects: 0.038652 ms)

========================================================================
Received Prepare
Registering precompiled user dll's ...
Registered in 0.009397 seconds.
Begin MonoManager ReloadAssembly
Native extension for OSXStandalone target not found
Refreshing native plugins compatible for Editor in 1.77 ms, found 3 plugins.
Preloading 0 native plugins for Editor in 0.00 ms.
Mono: successfully reloaded assembly
- Completed reload, in  2.158 seconds
Platform modules already initialized, skipping
Shader 'WFX/Transparent Diffuse': fallback shader 'Particles/Alpha Blended' not found
Shader 'Universal Render Pipeline/Particles/Lit': fallback shader 'Universal Render Pipeline/Particles/SimpleLit' not found
Shader 'WFX/Transparent Specular': fallback shader 'Particles/Alpha Blended' not found
Refreshing native plugins compatible for Editor in 1.80 ms, found 3 plugins.
Preloading 0 native plugins for Editor in 0.00 ms.
Unloading 3491 Unused Serialized files (Serialized files now loaded: 0)
System memory in use before: 346.2 MB.
System memory in use after: 346.5 MB.

Unloading 21 unused Assets to reduce memory usage. Loaded Objects now: 4233.
Total: 4.589304 ms (FindLiveObjects: 0.668712 ms CreateObjectMapping: 0.380579 ms MarkObjects: 3.509876 ms  DeleteObjects: 0.028612 ms)

========================================================================
Received Prepare
Registering precompiled user dll's ...
Registered in 0.004505 seconds.
Begin MonoManager ReloadAssembly
Native extension for OSXStandalone target not found
Refreshing native plugins compatible for Editor in 1.10 ms, found 3 plugins.
Preloading 0 native plugins for Editor in 0.00 ms.
Mono: successfully reloaded assembly
- Completed reload, in  1.970 seconds
Platform modules already initialized, skipping
Shader 'WFX/Transparent Diffuse': fallback shader 'Particles/Alpha Blended' not found
Shader 'Universal Render Pipeline/Particles/Lit': fallback shader 'Universal Render Pipeline/Particles/SimpleLit' not found
Shader 'WFX/Transparent Specular': fallback shader 'Particles/Alpha Blended' not found
Refreshing native plugins compatible for Editor in 1.08 ms, found 3 plugins.
Preloading 0 native plugins for Editor in 0.00 ms.
Unloading 3491 Unused Serialized files (Serialized files now loaded: 0)
System memory in use before: 346.5 MB.
System memory in use after: 346.8 MB.

Unloading 21 unused Assets to reduce memory usage. Loaded Objects now: 4236.
Total: 5.263556 ms (FindLiveObjects: 0.662336 ms CreateObjectMapping: 0.448431 ms MarkObjects: 4.116759 ms  DeleteObjects: 0.034602 ms)

========================================================================
Received Prepare
Registering precompiled user dll's ...
Registered in 0.033082 seconds.
Begin MonoManager ReloadAssembly
Native extension for OSXStandalone target not found
Refreshing native plugins compatible for Editor in 2.31 ms, found 3 plugins.
Preloading 0 native plugins for Editor in 0.00 ms.
Mono: successfully reloaded assembly
- Completed reload, in  3.242 seconds
Platform modules already initialized, skipping
Shader 'WFX/Transparent Diffuse': fallback shader 'Particles/Alpha Blended' not found
Shader 'Universal Render Pipeline/Particles/Lit': fallback shader 'Universal Render Pipeline/Particles/SimpleLit' not found
Shader 'WFX/Transparent Specular': fallback shader 'Particles/Alpha Blended' not found
Refreshing native plugins compatible for Editor in 1.17 ms, found 3 plugins.
Preloading 0 native plugins for Editor in 0.00 ms.
Unloading 3491 Unused Serialized files (Serialized files now loaded: 0)
System memory in use before: 346.8 MB.
System memory in use after: 347.0 MB.

Unloading 21 unused Assets to reduce memory usage. Loaded Objects now: 4239.
Total: 5.893762 ms (FindLiveObjects: 1.161638 ms CreateObjectMapping: 0.483576 ms MarkObjects: 4.215389 ms  DeleteObjects: 0.030145 ms)

========================================================================
Received Prepare
Registering precompiled user dll's ...
Registered in 0.006623 seconds.
Begin MonoManager ReloadAssembly
Native extension for OSXStandalone target not found
Refreshing native plugins compatible for Editor in 1.08 ms, found 3 plugins.
Preloading 0 native plugins for Editor in 0.00 ms.
Mono: successfully reloaded assembly
- Completed reload, in  1.837 seconds
Platform modules already initialized, skipping
Shader 'WFX/Transparent Diffuse': fallback shader 'Particles/Alpha Blended' not found
Shader 'Universal Render Pipeline/Particles/Lit': fallback shader 'Universal Render Pipeline/Particles/SimpleLit' not found
Shader 'WFX/Transparent Specular': fallback shader 'Particles/Alpha Blended' not found
Refreshing native plugins compatible for Editor in 1.03 ms, found 3 plugins.
Preloading 0 native plugins for Editor in 0.00 ms.
Unloading 3491 Unused Serialized files (Serialized files now loaded: 0)
System memory in use before: 347.0 MB.
System memory in use after: 347.3 MB.

Unloading 21 unused Assets to reduce memory usage. Loaded Objects now: 4242.
Total: 4.010894 ms (FindLiveObjects: 0.569705 ms CreateObjectMapping: 0.362155 ms MarkObjects: 3.052293 ms  DeleteObjects: 0.025474 ms)

========================================================================
Received Prepare
Registering precompiled user dll's ...
Registered in 0.007003 seconds.
Begin MonoManager ReloadAssembly
Native extension for OSXStandalone target not found
Refreshing native plugins compatible for Editor in 1.06 ms, found 3 plugins.
Preloading 0 native plugins for Editor in 0.00 ms.
Mono: successfully reloaded assembly
- Completed reload, in  2.100 seconds
Platform modules already initialized, skipping
Shader 'WFX/Transparent Diffuse': fallback shader 'Particles/Alpha Blended' not found
Shader 'Universal Render Pipeline/Particles/Lit': fallback shader 'Universal Render Pipeline/Particles/SimpleLit' not found
Shader 'WFX/Transparent Specular': fallback shader 'Particles/Alpha Blended' not found
Refreshing native plugins compatible for Editor in 1.43 ms, found 3 plugins.
Preloading 0 native plugins for Editor in 0.00 ms.
Unloading 3491 Unused Serialized files (Serialized files now loaded: 0)
System memory in use before: 347.3 MB.
System memory in use after: 347.6 MB.

Unloading 21 unused Assets to reduce memory usage. Loaded Objects now: 4245.
Total: 4.671292 ms (FindLiveObjects: 0.736474 ms CreateObjectMapping: 0.412781 ms MarkObjects: 3.490013 ms  DeleteObjects: 0.030284 ms)

========================================================================
Received Prepare
Registering precompiled user dll's ...
Registered in 0.006467 seconds.
Begin MonoManager ReloadAssembly
Native extension for OSXStandalone target not found
Refreshing native plugins compatible for Editor in 1.04 ms, found 3 plugins.
Preloading 0 native plugins for Editor in 0.00 ms.
Mono: successfully reloaded assembly
- Completed reload, in  2.017 seconds
Platform modules already initialized, skipping
Shader 'WFX/Transparent Diffuse': fallback shader 'Particles/Alpha Blended' not found
Shader 'Universal Render Pipeline/Particles/Lit': fallback shader 'Universal Render Pipeline/Particles/SimpleLit' not found
Shader 'WFX/Transparent Specular': fallback shader 'Particles/Alpha Blended' not found
Refreshing native plugins compatible for Editor in 1.03 ms, found 3 plugins.
Preloading 0 native plugins for Editor in 0.00 ms.
Unloading 3491 Unused Serialized files (Serialized files now loaded: 0)
System memory in use before: 347.6 MB.
System memory in use after: 347.8 MB.

Unloading 21 unused Assets to reduce memory usage. Loaded Objects now: 4248.
Total: 4.203238 ms (FindLiveObjects: 0.573738 ms CreateObjectMapping: 0.401992 ms MarkObjects: 3.197960 ms  DeleteObjects: 0.028282 ms)

========================================================================
Received Prepare
Registering precompiled user dll's ...
Registered in 0.010483 seconds.
Begin MonoManager ReloadAssembly
Native extension for OSXStandalone target not found
Refreshing native plugins compatible for Editor in 0.98 ms, found 3 plugins.
Preloading 0 native plugins for Editor in 0.00 ms.
Mono: successfully reloaded assembly
- Completed reload, in  2.248 seconds
Platform modules already initialized, skipping
Shader 'WFX/Transparent Diffuse': fallback shader 'Particles/Alpha Blended' not found
Shader 'Universal Render Pipeline/Particles/Lit': fallback shader 'Universal Render Pipeline/Particles/SimpleLit' not found
Shader 'WFX/Transparent Specular': fallback shader 'Particles/Alpha Blended' not found
Refreshing native plugins compatible for Editor in 1.28 ms, found 3 plugins.
Preloading 0 native plugins for Editor in 0.00 ms.
Unloading 3491 Unused Serialized files (Serialized files now loaded: 0)
System memory in use before: 347.9 MB.
System memory in use after: 348.1 MB.

Unloading 21 unused Assets to reduce memory usage. Loaded Objects now: 4251.
Total: 4.559994 ms (FindLiveObjects: 0.524110 ms CreateObjectMapping: 0.190705 ms MarkObjects: 3.808679 ms  DeleteObjects: 0.034568 ms)

========================================================================
Received Prepare
Registering precompiled user dll's ...
Registered in 0.006640 seconds.
Begin MonoManager ReloadAssembly
Native extension for OSXStandalone target not found
Refreshing native plugins compatible for Editor in 1.22 ms, found 3 plugins.
Preloading 0 native plugins for Editor in 0.00 ms.
Mono: successfully reloaded assembly
- Completed reload, in  1.995 seconds
Platform modules already initialized, skipping
Shader 'WFX/Transparent Diffuse': fallback shader 'Particles/Alpha Blended' not found
Shader 'Universal Render Pipeline/Particles/Lit': fallback shader 'Universal Render Pipeline/Particles/SimpleLit' not found
Shader 'WFX/Transparent Specular': fallback shader 'Particles/Alpha Blended' not found
Refreshing native plugins compatible for Editor in 1.01 ms, found 3 plugins.
Preloading 0 native plugins for Editor in 0.00 ms.
Unloading 3491 Unused Serialized files (Serialized files now loaded: 0)
System memory in use before: 348.1 MB.
System memory in use after: 348.4 MB.

Unloading 21 unused Assets to reduce memory usage. Loaded Objects now: 4254.
Total: 4.670718 ms (FindLiveObjects: 0.730535 ms CreateObjectMapping: 0.383689 ms MarkObjects: 3.508358 ms  DeleteObjects: 0.046383 ms)

========================================================================
Received Prepare
Registering precompiled user dll's ...
Registered in 0.003917 seconds.
Begin MonoManager ReloadAssembly
Native extension for OSXStandalone target not found
Refreshing native plugins compatible for Editor in 1.24 ms, found 3 plugins.
Preloading 0 native plugins for Editor in 0.00 ms.
Mono: successfully reloaded assembly
- Completed reload, in  1.853 seconds
Platform modules already initialized, skipping
Shader 'WFX/Transparent Diffuse': fallback shader 'Particles/Alpha Blended' not found
Shader 'Universal Render Pipeline/Particles/Lit': fallback shader 'Universal Render Pipeline/Particles/SimpleLit' not found
Shader 'WFX/Transparent Specular': fallback shader 'Particles/Alpha Blended' not found
Refreshing native plugins compatible for Editor in 1.00 ms, found 3 plugins.
Preloading 0 native plugins for Editor in 0.00 ms.
Unloading 3491 Unused Serialized files (Serialized files now loaded: 0)
System memory in use before: 348.4 MB.
System memory in use after: 348.6 MB.

Unloading 21 unused Assets to reduce memory usage. Loaded Objects now: 4257.
Total: 6.376834 ms (FindLiveObjects: 0.606304 ms CreateObjectMapping: 0.351578 ms MarkObjects: 5.378070 ms  DeleteObjects: 0.039473 ms)

========================================================================
Received Prepare
Registering precompiled user dll's ...
Registered in 0.009219 seconds.
Begin MonoManager ReloadAssembly
Native extension for OSXStandalone target not found
Refreshing native plugins compatible for Editor in 1.01 ms, found 3 plugins.
Preloading 0 native plugins for Editor in 0.00 ms.
Mono: successfully reloaded assembly
- Completed reload, in  2.041 seconds
Platform modules already initialized, skipping
Shader 'WFX/Transparent Diffuse': fallback shader 'Particles/Alpha Blended' not found
Shader 'Universal Render Pipeline/Particles/Lit': fallback shader 'Universal Render Pipeline/Particles/SimpleLit' not found
Shader 'WFX/Transparent Specular': fallback shader 'Particles/Alpha Blended' not found
Refreshing native plugins compatible for Editor in 1.02 ms, found 3 plugins.
Preloading 0 native plugins for Editor in 0.00 ms.
Unloading 3491 Unused Serialized files (Serialized files now loaded: 0)
System memory in use before: 348.6 MB.
System memory in use after: 348.9 MB.

Unloading 21 unused Assets to reduce memory usage. Loaded Objects now: 4260.
Total: 5.581573 ms (FindLiveObjects: 0.835524 ms CreateObjectMapping: 0.493111 ms MarkObjects: 4.209788 ms  DeleteObjects: 0.040397 ms)

========================================================================
Received Prepare
Registering precompiled user dll's ...
Registered in 0.006352 seconds.
Begin MonoManager ReloadAssembly
Native extension for OSXStandalone target not found
Refreshing native plugins compatible for Editor in 1.05 ms, found 3 plugins.
Preloading 0 native plugins for Editor in 0.00 ms.
Mono: successfully reloaded assembly
- Completed reload, in  2.042 seconds
Platform modules already initialized, skipping
Shader 'WFX/Transparent Diffuse': fallback shader 'Particles/Alpha Blended' not found
Shader 'Universal Render Pipeline/Particles/Lit': fallback shader 'Universal Render Pipeline/Particles/SimpleLit' not found
Shader 'WFX/Transparent Specular': fallback shader 'Particles/Alpha Blended' not found
Refreshing native plugins compatible for Editor in 1.01 ms, found 3 plugins.
Preloading 0 native plugins for Editor in 0.00 ms.
Unloading 3491 Unused Serialized files (Serialized files now loaded: 0)
System memory in use before: 348.9 MB.
System memory in use after: 349.1 MB.

Unloading 21 unused Assets to reduce memory usage. Loaded Objects now: 4263.
Total: 4.876672 ms (FindLiveObjects: 0.768268 ms CreateObjectMapping: 0.381903 ms MarkObjects: 3.694992 ms  DeleteObjects: 0.030055 ms)

========================================================================
Received Prepare
Registering precompiled user dll's ...
Registered in 0.004248 seconds.
Begin MonoManager ReloadAssembly
Native extension for OSXStandalone target not found
Refreshing native plugins compatible for Editor in 1.02 ms, found 3 plugins.
Preloading 0 native plugins for Editor in 0.00 ms.
Mono: successfully reloaded assembly
- Completed reload, in  2.041 seconds
Platform modules already initialized, skipping
Shader 'WFX/Transparent Diffuse': fallback shader 'Particles/Alpha Blended' not found
Shader 'Universal Render Pipeline/Particles/Lit': fallback shader 'Universal Render Pipeline/Particles/SimpleLit' not found
Shader 'WFX/Transparent Specular': fallback shader 'Particles/Alpha Blended' not found
Refreshing native plugins compatible for Editor in 1.06 ms, found 3 plugins.
Preloading 0 native plugins for Editor in 0.00 ms.
Unloading 3491 Unused Serialized files (Serialized files now loaded: 0)
System memory in use before: 349.2 MB.
System memory in use after: 349.4 MB.

Unloading 21 unused Assets to reduce memory usage. Loaded Objects now: 4266.
Total: 4.875377 ms (FindLiveObjects: 0.620207 ms CreateObjectMapping: 0.376584 ms MarkObjects: 3.836809 ms  DeleteObjects: 0.039726 ms)

========================================================================
Received Prepare
Registering precompiled user dll's ...
Registered in 0.007211 seconds.
Begin MonoManager ReloadAssembly
Native extension for OSXStandalone target not found
Refreshing native plugins compatible for Editor in 1.68 ms, found 3 plugins.
Preloading 0 native plugins for Editor in 0.00 ms.
Mono: successfully reloaded assembly
- Completed reload, in  2.106 seconds
Platform modules already initialized, skipping
Shader 'WFX/Transparent Diffuse': fallback shader 'Particles/Alpha Blended' not found
Shader 'Universal Render Pipeline/Particles/Lit': fallback shader 'Universal Render Pipeline/Particles/SimpleLit' not found
Shader 'WFX/Transparent Specular': fallback shader 'Particles/Alpha Blended' not found
Refreshing native plugins compatible for Editor in 1.07 ms, found 3 plugins.
Preloading 0 native plugins for Editor in 0.00 ms.
Unloading 3491 Unused Serialized files (Serialized files now loaded: 0)
System memory in use before: 349.4 MB.
System memory in use after: 349.7 MB.

Unloading 21 unused Assets to reduce memory usage. Loaded Objects now: 4269.
Total: 4.502794 ms (FindLiveObjects: 0.621309 ms CreateObjectMapping: 0.374185 ms MarkObjects: 3.473724 ms  DeleteObjects: 0.032056 ms)

========================================================================
Received Prepare
Registering precompiled user dll's ...
Registered in 0.003891 seconds.
Begin MonoManager ReloadAssembly
Native extension for OSXStandalone target not found
Refreshing native plugins compatible for Editor in 1.48 ms, found 3 plugins.
Preloading 0 native plugins for Editor in 0.00 ms.
Mono: successfully reloaded assembly
- Completed reload, in  1.995 seconds
Platform modules already initialized, skipping
Shader 'WFX/Transparent Diffuse': fallback shader 'Particles/Alpha Blended' not found
Shader 'Universal Render Pipeline/Particles/Lit': fallback shader 'Universal Render Pipeline/Particles/SimpleLit' not found
Shader 'WFX/Transparent Specular': fallback shader 'Particles/Alpha Blended' not found
Refreshing native plugins compatible for Editor in 0.99 ms, found 3 plugins.
Preloading 0 native plugins for Editor in 0.00 ms.
Unloading 3491 Unused Serialized files (Serialized files now loaded: 0)
System memory in use before: 349.7 MB.
System memory in use after: 349.9 MB.

Unloading 21 unused Assets to reduce memory usage. Loaded Objects now: 4272.
Total: 4.310362 ms (FindLiveObjects: 0.619523 ms CreateObjectMapping: 0.358538 ms MarkObjects: 3.305069 ms  DeleteObjects: 0.026027 ms)

========================================================================
Received Prepare
Registering precompiled user dll's ...
Registered in 0.004192 seconds.
Begin MonoManager ReloadAssembly
Native extension for OSXStandalone target not found
Refreshing native plugins compatible for Editor in 1.04 ms, found 3 plugins.
Preloading 0 native plugins for Editor in 0.00 ms.
Mono: successfully reloaded assembly
- Completed reload, in  2.067 seconds
Platform modules already initialized, skipping
Shader 'WFX/Transparent Diffuse': fallback shader 'Particles/Alpha Blended' not found
Shader 'Universal Render Pipeline/Particles/Lit': fallback shader 'Universal Render Pipeline/Particles/SimpleLit' not found
Shader 'WFX/Transparent Specular': fallback shader 'Particles/Alpha Blended' not found
Refreshing native plugins compatible for Editor in 1.06 ms, found 3 plugins.
Preloading 0 native plugins for Editor in 0.00 ms.
Unloading 3491 Unused Serialized files (Serialized files now loaded: 0)
System memory in use before: 350.0 MB.
System memory in use after: 350.2 MB.

Unloading 21 unused Assets to reduce memory usage. Loaded Objects now: 4275.
Total: 4.302131 ms (FindLiveObjects: 0.614603 ms CreateObjectMapping: 0.377063 ms MarkObjects: 3.275773 ms  DeleteObjects: 0.033506 ms)

========================================================================
Received Prepare
Registering precompiled user dll's ...
Registered in 0.003971 seconds.
Begin MonoManager ReloadAssembly
Native extension for OSXStandalone target not found
Refreshing native plugins compatible for Editor in 1.08 ms, found 3 plugins.
Preloading 0 native plugins for Editor in 0.00 ms.
Mono: successfully reloaded assembly
- Completed reload, in  2.015 seconds
Platform modules already initialized, skipping
Shader 'WFX/Transparent Diffuse': fallback shader 'Particles/Alpha Blended' not found
Shader 'Universal Render Pipeline/Particles/Lit': fallback shader 'Universal Render Pipeline/Particles/SimpleLit' not found
Shader 'WFX/Transparent Specular': fallback shader 'Particles/Alpha Blended' not found
Refreshing native plugins compatible for Editor in 1.05 ms, found 3 plugins.
Preloading 0 native plugins for Editor in 0.00 ms.
Unloading 3491 Unused Serialized files (Serialized files now loaded: 0)
System memory in use before: 350.2 MB.
System memory in use after: 350.5 MB.

Unloading 21 unused Assets to reduce memory usage. Loaded Objects now: 4278.
Total: 4.242778 ms (FindLiveObjects: 0.601652 ms CreateObjectMapping: 0.367505 ms MarkObjects: 3.241728 ms  DeleteObjects: 0.030675 ms)

========================================================================
Received Prepare
Registering precompiled user dll's ...
Registered in 0.003867 seconds.
Begin MonoManager ReloadAssembly
Native extension for OSXStandalone target not found
Refreshing native plugins compatible for Editor in 1.20 ms, found 3 plugins.
Preloading 0 native plugins for Editor in 0.00 ms.
Mono: successfully reloaded assembly
- Completed reload, in  2.099 seconds
Platform modules already initialized, skipping
Shader 'WFX/Transparent Diffuse': fallback shader 'Particles/Alpha Blended' not found
Shader 'Universal Render Pipeline/Particles/Lit': fallback shader 'Universal Render Pipeline/Particles/SimpleLit' not found
Shader 'WFX/Transparent Specular': fallback shader 'Particles/Alpha Blended' not found
Refreshing native plugins compatible for Editor in 1.07 ms, found 3 plugins.
Preloading 0 native plugins for Editor in 0.00 ms.
Unloading 3491 Unused Serialized files (Serialized files now loaded: 0)
System memory in use before: 350.5 MB.
System memory in use after: 350.7 MB.

Unloading 21 unused Assets to reduce memory usage. Loaded Objects now: 4281.
Total: 4.436506 ms (FindLiveObjects: 0.622886 ms CreateObjectMapping: 0.376993 ms MarkObjects: 3.405201 ms  DeleteObjects: 0.029974 ms)

========================================================================
Received Prepare
Registering precompiled user dll's ...
Registered in 0.003772 seconds.
Begin MonoManager ReloadAssembly
Native extension for OSXStandalone target not found
Refreshing native plugins compatible for Editor in 1.41 ms, found 3 plugins.
Preloading 0 native plugins for Editor in 0.00 ms.
Mono: successfully reloaded assembly
- Completed reload, in  2.202 seconds
Platform modules already initialized, skipping
Shader 'WFX/Transparent Diffuse': fallback shader 'Particles/Alpha Blended' not found
Shader 'Universal Render Pipeline/Particles/Lit': fallback shader 'Universal Render Pipeline/Particles/SimpleLit' not found
Shader 'WFX/Transparent Specular': fallback shader 'Particles/Alpha Blended' not found
Refreshing native plugins compatible for Editor in 1.23 ms, found 3 plugins.
Preloading 0 native plugins for Editor in 0.00 ms.
Unloading 3491 Unused Serialized files (Serialized files now loaded: 0)
System memory in use before: 350.8 MB.
System memory in use after: 351.0 MB.

Unloading 21 unused Assets to reduce memory usage. Loaded Objects now: 4284.
Total: 4.806291 ms (FindLiveObjects: 0.629734 ms CreateObjectMapping: 0.373476 ms MarkObjects: 3.764331 ms  DeleteObjects: 0.037300 ms)

========================================================================
Received Prepare
Registering precompiled user dll's ...
Registered in 0.003781 seconds.
Begin MonoManager ReloadAssembly
Native extension for OSXStandalone target not found
Refreshing native plugins compatible for Editor in 1.84 ms, found 3 plugins.
Preloading 0 native plugins for Editor in 0.00 ms.
Mono: successfully reloaded assembly
- Completed reload, in  2.347 seconds
Platform modules already initialized, skipping
Shader 'WFX/Transparent Diffuse': fallback shader 'Particles/Alpha Blended' not found
Shader 'Universal Render Pipeline/Particles/Lit': fallback shader 'Universal Render Pipeline/Particles/SimpleLit' not found
Shader 'WFX/Transparent Specular': fallback shader 'Particles/Alpha Blended' not found
Refreshing native plugins compatible for Editor in 6.17 ms, found 3 plugins.
Preloading 0 native plugins for Editor in 0.00 ms.
Unloading 3491 Unused Serialized files (Serialized files now loaded: 0)
System memory in use before: 351.0 MB.
System memory in use after: 351.3 MB.

Unloading 21 unused Assets to reduce memory usage. Loaded Objects now: 4287.
Total: 12.825734 ms (FindLiveObjects: 4.676639 ms CreateObjectMapping: 1.887975 ms MarkObjects: 6.222638 ms  DeleteObjects: 0.034062 ms)

========================================================================
Received Prepare
Registering precompiled user dll's ...
Registered in 0.006429 seconds.
Begin MonoManager ReloadAssembly
Native extension for OSXStandalone target not found
Refreshing native plugins compatible for Editor in 1.05 ms, found 3 plugins.
Preloading 0 native plugins for Editor in 0.00 ms.
Mono: successfully reloaded assembly
- Completed reload, in  1.882 seconds
Platform modules already initialized, skipping
Shader 'WFX/Transparent Diffuse': fallback shader 'Particles/Alpha Blended' not found
Shader 'Universal Render Pipeline/Particles/Lit': fallback shader 'Universal Render Pipeline/Particles/SimpleLit' not found
Shader 'WFX/Transparent Specular': fallback shader 'Particles/Alpha Blended' not found
Refreshing native plugins compatible for Editor in 1.02 ms, found 3 plugins.
Preloading 0 native plugins for Editor in 0.00 ms.
Unloading 3491 Unused Serialized files (Serialized files now loaded: 0)
System memory in use before: 351.3 MB.
System memory in use after: 351.5 MB.

Unloading 21 unused Assets to reduce memory usage. Loaded Objects now: 4290.
Total: 4.156308 ms (FindLiveObjects: 0.598773 ms CreateObjectMapping: 0.357548 ms MarkObjects: 3.167377 ms  DeleteObjects: 0.031369 ms)

