Using pre-set license
<<<<<<< HEAD
<<<<<<< HEAD

 COMMAND LINE ARGUMENTS:
/Applications/Unity/Unity.app/Contents/MacOS/Unity
=======
Built from '2020.3/staging' branch; Version is '2020.3.11f1 (99c7afb366b3) revision 10078127'; Using compiler version '192528614'; Build Type 'Release'
OS: 'Windows 10 Pro; OS build 19042.1165; Version 2009; 64bit' Language: 'en' Physical Memory: 7986 MB
BatchMode: 1, IsHumanControllingUs: 0, StartBugReporterOnCrash: 0, Is64bit: 1, IsPro: 0

 COMMAND LINE ARGUMENTS:
C:\Program Files\Unity\Hub\Editor\2020.3.11f1\Editor\Unity.exe
>>>>>>> parent of 16265ab2 (import lvl3)
=======

 COMMAND LINE ARGUMENTS:
/Applications/Unity/Unity.app/Contents/MacOS/Unity
>>>>>>> parent of b93abbce (lvl3)
-adb2
-batchMode
-noUpm
-name
AssetImportWorker0
-projectPath
<<<<<<< HEAD
<<<<<<< HEAD
/Users/weiqianho/Documents/GitHub/PWGE-Assignment
-logFile
Logs/AssetImportWorker0.log
-srvPort
=======
D:/PWGE-Assignment
-logFile
Logs/AssetImportWorker0.log
-srvPort
<<<<<<< HEAD
63525
Successfully changed project path to: D:/PWGE-Assignment
D:/PWGE-Assignment
Using Asset Import Pipeline V2.
Refreshing native plugins compatible for Editor in 2610.53 ms, found 3 plugins.
=======
>>>>>>> parent of 16265ab2 (import lvl3)
50601
Successfully changed project path to: /Users/weiqianho/Documents/GitHub/PWGE-Assignment
/Users/weiqianho/Documents/GitHub/PWGE-Assignment
Using Asset Import Pipeline V2.
Refreshing native plugins compatible for Editor in 160.45 ms, found 3 plugins.
<<<<<<< HEAD
Preloading 0 native plugins for Editor in 0.00 ms.
Initialize engine version: 2020.3.11f1 (99c7afb366b3)
[Subsystems] Discovering subsystems at path /Applications/Unity/Unity.app/Contents/Resources/UnitySubsystems
[Subsystems] Discovering subsystems at path /Users/weiqianho/Documents/GitHub/PWGE-Assignment/Assets
GfxDevice: creating device client; threaded=0
=======
>>>>>>> fb829392ce9ca0eb41e51b63b77e82d52f5c9077
=======
/Users/weiqianho/Documents/GitHub/PWGE-Assignment
-logFile
Logs/AssetImportWorker0.log
-srvPort
50511
Successfully changed project path to: /Users/weiqianho/Documents/GitHub/PWGE-Assignment
/Users/weiqianho/Documents/GitHub/PWGE-Assignment
Using Asset Import Pipeline V2.
Refreshing native plugins compatible for Editor in 151.50 ms, found 3 plugins.
>>>>>>> parent of b93abbce (lvl3)
Preloading 0 native plugins for Editor in 0.00 ms.
Initialize engine version: 2020.3.11f1 (99c7afb366b3)
[Subsystems] Discovering subsystems at path /Applications/Unity/Unity.app/Contents/Resources/UnitySubsystems
[Subsystems] Discovering subsystems at path /Users/weiqianho/Documents/GitHub/PWGE-Assignment/Assets
GfxDevice: creating device client; threaded=0
<<<<<<< HEAD
<<<<<<< HEAD
Direct3D:
    Version:  Direct3D 11.0 [level 11.1]
    Renderer: NVIDIA GeForce GTX 1050 (ID=0x1c8d)
    Vendor:   
    VRAM:     4019 MB
    Driver:   27.21.14.6231
=======
>>>>>>> parent of 16265ab2 (import lvl3)
2021-09-08 16:48:14.687 Unity[4979:323448] Color LCD preferred device: Intel(R) Iris(TM) Graphics 6000 (low power)
2021-09-08 16:48:14.687 Unity[4979:323448] Metal devices available: 1
2021-09-08 16:48:14.687 Unity[4979:323448] 0: Intel(R) Iris(TM) Graphics 6000 (low power)
2021-09-08 16:48:14.688 Unity[4979:323448] Using device Intel(R) Iris(TM) Graphics 6000 (low power)
Initializing Metal device caps: Intel(R) Iris(TM) Graphics 6000
<<<<<<< HEAD
=======
>>>>>>> fb829392ce9ca0eb41e51b63b77e82d52f5c9077
>>>>>>> parent of 16265ab2 (import lvl3)
=======
2021-09-02 12:37:48.887 Unity[4819:240815] Color LCD preferred device: Intel(R) Iris(TM) Graphics 6000 (low power)
2021-09-02 12:37:48.887 Unity[4819:240815] Metal devices available: 1
2021-09-02 12:37:48.887 Unity[4819:240815] 0: Intel(R) Iris(TM) Graphics 6000 (low power)
2021-09-02 12:37:48.888 Unity[4819:240815] Using device Intel(R) Iris(TM) Graphics 6000 (low power)
Initializing Metal device caps: Intel(R) Iris(TM) Graphics 6000
>>>>>>> parent of b93abbce (lvl3)
Shader 'Universal Render Pipeline/Particles/Lit': fallback shader 'Universal Render Pipeline/Particles/SimpleLit' not found
Shader 'WFX/Transparent Specular': fallback shader 'Particles/Alpha Blended' not found
Shader 'WFX/Transparent Diffuse': fallback shader 'Particles/Alpha Blended' not found
Initialize mono
<<<<<<< HEAD
<<<<<<< HEAD
=======
<<<<<<< HEAD
Mono path[0] = 'C:/Program Files/Unity/Hub/Editor/2020.3.11f1/Editor/Data/Managed'
Mono path[1] = 'C:/Program Files/Unity/Hub/Editor/2020.3.11f1/Editor/Data/MonoBleedingEdge/lib/mono/unityjit'
Mono config path = 'C:/Program Files/Unity/Hub/Editor/2020.3.11f1/Editor/Data/MonoBleedingEdge/etc'
Using monoOptions --debugger-agent=transport=dt_socket,embedding=1,server=y,suspend=n,address=127.0.0.1:56032
Begin MonoManager ReloadAssembly
Registering precompiled unity dll's ...
Register platform support module: C:/Program Files/Unity/Hub/Editor/2020.3.11f1/Editor/Data/PlaybackEngines/WindowsStandaloneSupport/UnityEditor.WindowsStandalone.Extensions.dll
Registered in 0.003117 seconds.
Native extension for WindowsStandalone target not found
Refreshing native plugins compatible for Editor in 77.37 ms, found 3 plugins.
Preloading 0 native plugins for Editor in 0.00 ms.
Mono: successfully reloaded assembly
- Completed reload, in  2.634 seconds
Platform modules already initialized, skipping
Registering precompiled user dll's ...
Registered in 0.620641 seconds.
=======
>>>>>>> parent of 16265ab2 (import lvl3)
=======
>>>>>>> parent of b93abbce (lvl3)
Mono path[0] = '/Applications/Unity/Unity.app/Contents/Managed'
Mono path[1] = '/Applications/Unity/Unity.app/Contents/MonoBleedingEdge/lib/mono/unityjit'
Mono config path = '/Applications/Unity/Unity.app/Contents/MonoBleedingEdge/etc'
Using monoOptions --debugger-agent=transport=dt_socket,embedding=1,server=y,suspend=n,address=127.0.0.1:56819
Begin MonoManager ReloadAssembly
Registering precompiled unity dll's ...
Register platform support module: /Applications/Unity/Unity.app/Contents/PlaybackEngines/MacStandaloneSupport/UnityEditor.OSXStandalone.Extensions.dll
Registered in 0.001344 seconds.
Native extension for OSXStandalone target not found
Refreshing native plugins compatible for Editor in 144.71 ms, found 3 plugins.
Preloading 0 native plugins for Editor in 0.00 ms.
Mono: successfully reloaded assembly
- Completed reload, in  2.811 seconds
Platform modules already initialized, skipping
Registering precompiled user dll's ...
Registered in 0.004479 seconds.
Begin MonoManager ReloadAssembly
Native extension for OSXStandalone target not found
Refreshing native plugins compatible for Editor in 155.75 ms, found 3 plugins.
Preloading 0 native plugins for Editor in 0.00 ms.
Mono: successfully reloaded assembly
- Completed reload, in  2.868 seconds
Platform modules already initialized, skipping
========================================================================
Worker process is ready to serve import requests
Shader 'WFX/Transparent Diffuse': fallback shader 'Particles/Alpha Blended' not found
Shader 'Universal Render Pipeline/Particles/Lit': fallback shader 'Universal Render Pipeline/Particles/SimpleLit' not found
Shader 'WFX/Transparent Specular': fallback shader 'Particles/Alpha Blended' not found
Launching external process: /Applications/Unity/Unity.app/Contents/Tools/UnityShaderCompiler
Launched and connected shader compiler UnityShaderCompiler after 0.04 seconds
Refreshing native plugins compatible for Editor in 1.02 ms, found 3 plugins.
Preloading 0 native plugins for Editor in 0.00 ms.
Unloading 3676 Unused Serialized files (Serialized files now loaded: 0)
System memory in use before: 339.9 MB.
System memory in use after: 340.1 MB.

Unloading 32 unused Assets to reduce memory usage. Loaded Objects now: 4136.
Total: 4.942534 ms (FindLiveObjects: 0.622673 ms CreateObjectMapping: 0.616008 ms MarkObjects: 3.557721 ms  DeleteObjects: 0.144442 ms)

========================================================================
Received Import Request.
  path: Assets/Prefabs/Lvl2/Cave.prefab
  artifactKey: Guid(49bd64e4d3e3745e985cdc1167e74325) Importer(815301076,1909f56bfc062723c751e8b465ee728b)
Start importing Assets/Prefabs/Lvl2/Cave.prefab using Guid(49bd64e4d3e3745e985cdc1167e74325) Importer(815301076,1909f56bfc062723c751e8b465ee728b)  -> (artifact id: 'c3bb658e64aa6087aca22e328c8c6428') in 0.112349 seconds
  Import took 0.124048 seconds .

========================================================================
Received Import Request.
  Time since last request: 13.982722 seconds.
  path: Assets/Prefabs/Lvl2/Skeleton.prefab
  artifactKey: Guid(9957b62cd50da44378bc264f00f46a45) Importer(815301076,1909f56bfc062723c751e8b465ee728b)
Start importing Assets/Prefabs/Lvl2/Skeleton.prefab using Guid(9957b62cd50da44378bc264f00f46a45) Importer(815301076,1909f56bfc062723c751e8b465ee728b)  -> (artifact id: '5926ec70fa04551dd4e49a7b2139941f') in 0.364728 seconds
  Import took 0.376214 seconds .

========================================================================
Received Import Request.
  Time since last request: 32.464661 seconds.
  path: Assets/Sprites/Lvl2/Enemies
  artifactKey: Guid(7584ebf43b51340b1a56eeb51531fa2c) Importer(815301076,1909f56bfc062723c751e8b465ee728b)
Start importing Assets/Sprites/Lvl2/Enemies using Guid(7584ebf43b51340b1a56eeb51531fa2c) Importer(815301076,1909f56bfc062723c751e8b465ee728b)  -> (artifact id: '0599b6883ede548c1e25e5e137bb1a6a') in 0.003283 seconds
  Import took 0.021820 seconds .

========================================================================
Received Import Request.
  Time since last request: 10.829207 seconds.
  path: Assets/Sprites/Lvl2/Skeleton
  artifactKey: Guid(7584ebf43b51340b1a56eeb51531fa2c) Importer(815301076,1909f56bfc062723c751e8b465ee728b)
Start importing Assets/Sprites/Lvl2/Skeleton using Guid(7584ebf43b51340b1a56eeb51531fa2c) Importer(815301076,1909f56bfc062723c751e8b465ee728b)  -> (artifact id: '509bf8cf73b7920708774ce8b7653a79') in 0.003431 seconds
  Import took 0.019998 seconds .

========================================================================
Received Import Request.
  Time since last request: 5.996432 seconds.
  path: Assets/Sprites/Lvl2/GruzMother 1
  artifactKey: Guid(da846eaf7856148dfb58cc6a0465231a) Importer(815301076,1909f56bfc062723c751e8b465ee728b)
Start importing Assets/Sprites/Lvl2/GruzMother 1 using Guid(da846eaf7856148dfb58cc6a0465231a) Importer(815301076,1909f56bfc062723c751e8b465ee728b)  -> (artifact id: '3831f0c1ca45d7e39b48e6b4293ae0ff') in 0.002169 seconds
  Import took 0.024909 seconds .

========================================================================
Received Import Request.
  Time since last request: 4.435807 seconds.
  path: Assets/Sprites/Lvl2/GruzMother
  artifactKey: Guid(da846eaf7856148dfb58cc6a0465231a) Importer(815301076,1909f56bfc062723c751e8b465ee728b)
Start importing Assets/Sprites/Lvl2/GruzMother using Guid(da846eaf7856148dfb58cc6a0465231a) Importer(815301076,1909f56bfc062723c751e8b465ee728b)  -> (artifact id: 'bcfdf605db49e2356ff4dacd75943e6b') in 0.007027 seconds
  Import took 0.019133 seconds .

========================================================================
Received Import Request.
  Time since last request: 6.462241 seconds.
  path: Assets/Sprites/Lvl2/Fx
  artifactKey: Guid(879348f5081814f15b74a637aff1805d) Importer(815301076,1909f56bfc062723c751e8b465ee728b)
Start importing Assets/Sprites/Lvl2/Fx using Guid(879348f5081814f15b74a637aff1805d) Importer(815301076,1909f56bfc062723c751e8b465ee728b)  -> (artifact id: 'cd51e1f28f950aded30a3e1e0a8826c5') in 0.002184 seconds
  Import took 0.020686 seconds .

========================================================================
Received Import Request.
  Time since last request: 1.619519 seconds.
  path: Assets/Sprites/Lvl2/Fx/enemy-death
  artifactKey: Guid(8e410531b0ca844b79228da6d076824c) Importer(815301076,1909f56bfc062723c751e8b465ee728b)
Start importing Assets/Sprites/Lvl2/Fx/enemy-death using Guid(8e410531b0ca844b79228da6d076824c) Importer(815301076,1909f56bfc062723c751e8b465ee728b)  -> (artifact id: 'f164d098eb5610d3f23d42bdd4430a7f') in 0.002381 seconds
  Import took 0.022840 seconds .

<<<<<<< HEAD
<<<<<<< HEAD
========================================================================
Received Prepare
Registering precompiled user dll's ...
Registered in 0.011221 seconds.
Begin MonoManager ReloadAssembly
Native extension for OSXStandalone target not found
Refreshing native plugins compatible for Editor in 1.28 ms, found 3 plugins.
Preloading 0 native plugins for Editor in 0.00 ms.
Mono: successfully reloaded assembly
- Completed reload, in  2.786 seconds
Platform modules already initialized, skipping
Shader 'WFX/Transparent Diffuse': fallback shader 'Particles/Alpha Blended' not found
Shader 'Universal Render Pipeline/Particles/Lit': fallback shader 'Universal Render Pipeline/Particles/SimpleLit' not found
Shader 'WFX/Transparent Specular': fallback shader 'Particles/Alpha Blended' not found
Refreshing native plugins compatible for Editor in 1.27 ms, found 3 plugins.
Preloading 0 native plugins for Editor in 0.00 ms.
Unloading 3486 Unused Serialized files (Serialized files now loaded: 0)
System memory in use before: 341.0 MB.
System memory in use after: 341.2 MB.

Unloading 21 unused Assets to reduce memory usage. Loaded Objects now: 4199.
Total: 4.342833 ms (FindLiveObjects: 0.578010 ms CreateObjectMapping: 0.202695 ms MarkObjects: 3.528797 ms  DeleteObjects: 0.031370 ms)

========================================================================
Received Prepare
Registering precompiled user dll's ...
Registered in 0.011982 seconds.
Begin MonoManager ReloadAssembly
Native extension for OSXStandalone target not found
Refreshing native plugins compatible for Editor in 1.22 ms, found 3 plugins.
Preloading 0 native plugins for Editor in 0.00 ms.
Mono: successfully reloaded assembly
- Completed reload, in  2.451 seconds
Platform modules already initialized, skipping
Shader 'WFX/Transparent Diffuse': fallback shader 'Particles/Alpha Blended' not found
Shader 'Universal Render Pipeline/Particles/Lit': fallback shader 'Universal Render Pipeline/Particles/SimpleLit' not found
Shader 'WFX/Transparent Specular': fallback shader 'Particles/Alpha Blended' not found
Refreshing native plugins compatible for Editor in 2.45 ms, found 3 plugins.
Preloading 0 native plugins for Editor in 0.00 ms.
Unloading 3486 Unused Serialized files (Serialized files now loaded: 0)
System memory in use before: 341.3 MB.
System memory in use after: 341.5 MB.

Unloading 21 unused Assets to reduce memory usage. Loaded Objects now: 4202.
Total: 3.671192 ms (FindLiveObjects: 0.556764 ms CreateObjectMapping: 0.180893 ms MarkObjects: 2.903147 ms  DeleteObjects: 0.029041 ms)

========================================================================
Received Prepare
Registering precompiled user dll's ...
Registered in 0.010297 seconds.
Begin MonoManager ReloadAssembly
Native extension for OSXStandalone target not found
Refreshing native plugins compatible for Editor in 1.12 ms, found 3 plugins.
Preloading 0 native plugins for Editor in 0.00 ms.
Mono: successfully reloaded assembly
- Completed reload, in  2.476 seconds
Platform modules already initialized, skipping
Shader 'WFX/Transparent Diffuse': fallback shader 'Particles/Alpha Blended' not found
Shader 'Universal Render Pipeline/Particles/Lit': fallback shader 'Universal Render Pipeline/Particles/SimpleLit' not found
Shader 'WFX/Transparent Specular': fallback shader 'Particles/Alpha Blended' not found
Refreshing native plugins compatible for Editor in 1.78 ms, found 3 plugins.
Preloading 0 native plugins for Editor in 0.00 ms.
Unloading 3486 Unused Serialized files (Serialized files now loaded: 0)
System memory in use before: 341.6 MB.
System memory in use after: 341.8 MB.

Unloading 21 unused Assets to reduce memory usage. Loaded Objects now: 4205.
Total: 3.689011 ms (FindLiveObjects: 0.486948 ms CreateObjectMapping: 0.191447 ms MarkObjects: 2.958881 ms  DeleteObjects: 0.050451 ms)

=======
>>>>>>> fb829392ce9ca0eb41e51b63b77e82d52f5c9077
>>>>>>> parent of 16265ab2 (import lvl3)
=======
>>>>>>> parent of b93abbce (lvl3)
