Using pre-set license
Built from '2020.3/staging' branch; Version is '2020.3.11f1 (99c7afb366b3) revision 10078127'; Using compiler version '192528614'; Build Type 'Release'
OS: 'Windows 10 Pro; OS build 19042.1165; Version 2009; 64bit' Language: 'en' Physical Memory: 7986 MB
BatchMode: 1, IsHumanControllingUs: 0, StartBugReporterOnCrash: 0, Is64bit: 1, IsPro: 0

 COMMAND LINE ARGUMENTS:
C:\Program Files\Unity\Hub\Editor\2020.3.11f1\Editor\Unity.exe
-adb2
-batchMode
-noUpm
-name
AssetImportWorker1
-projectPath
D:/PWGE-Assignment
-logFile
Logs/AssetImportWorker1.log
-srvPort
63513
Successfully changed project path to: D:/PWGE-Assignment
D:/PWGE-Assignment
Using Asset Import Pipeline V2.
Refreshing native plugins compatible for Editor in 79.25 ms, found 3 plugins.
Preloading 0 native plugins for Editor in 0.00 ms.
Initialize engine version: 2020.3.11f1 (99c7afb366b3)
[Subsystems] Discovering subsystems at path C:/Program Files/Unity/Hub/Editor/2020.3.11f1/Editor/Data/Resources/UnitySubsystems
[Subsystems] Discovering subsystems at path D:/PWGE-Assignment/Assets
GfxDevice: creating device client; threaded=0
Direct3D:
    Version:  Direct3D 11.0 [level 11.1]
    Renderer: NVIDIA GeForce GTX 1050 (ID=0x1c8d)
    Vendor:   
    VRAM:     4019 MB
    Driver:   27.21.14.6231
Shader 'Universal Render Pipeline/Particles/Lit': fallback shader 'Universal Render Pipeline/Particles/SimpleLit' not found
Shader 'WFX/Transparent Specular': fallback shader 'Particles/Alpha Blended' not found
Shader 'WFX/Transparent Diffuse': fallback shader 'Particles/Alpha Blended' not found
Initialize mono
Mono path[0] = 'C:/Program Files/Unity/Hub/Editor/2020.3.11f1/Editor/Data/Managed'
Mono path[1] = 'C:/Program Files/Unity/Hub/Editor/2020.3.11f1/Editor/Data/MonoBleedingEdge/lib/mono/unityjit'
Mono config path = 'C:/Program Files/Unity/Hub/Editor/2020.3.11f1/Editor/Data/MonoBleedingEdge/etc'
Using monoOptions --debugger-agent=transport=dt_socket,embedding=1,server=y,suspend=n,address=127.0.0.1:56812
Begin MonoManager ReloadAssembly
Registering precompiled unity dll's ...
Register platform support module: C:/Program Files/Unity/Hub/Editor/2020.3.11f1/Editor/Data/PlaybackEngines/WindowsStandaloneSupport/UnityEditor.WindowsStandalone.Extensions.dll
Registered in 0.001921 seconds.
Native extension for WindowsStandalone target not found
Refreshing native plugins compatible for Editor in 72.64 ms, found 3 plugins.
Preloading 0 native plugins for Editor in 0.00 ms.
Mono: successfully reloaded assembly
- Completed reload, in  1.030 seconds
Platform modules already initialized, skipping
Registering precompiled user dll's ...
Registered in 0.004078 seconds.
Begin MonoManager ReloadAssembly
Native extension for WindowsStandalone target not found
Refreshing native plugins compatible for Editor in 74.86 ms, found 3 plugins.
Preloading 0 native plugins for Editor in 0.00 ms.
Mono: successfully reloaded assembly
- Completed reload, in  3.197 seconds
Platform modules already initialized, skipping
========================================================================
Worker process is ready to serve import requests
Shader 'WFX/Transparent Diffuse': fallback shader 'Particles/Alpha Blended' not found
Shader 'Universal Render Pipeline/Particles/Lit': fallback shader 'Universal Render Pipeline/Particles/SimpleLit' not found
Shader 'WFX/Transparent Specular': fallback shader 'Particles/Alpha Blended' not found
Launched and connected shader compiler UnityShaderCompiler.exe after 0.07 seconds
Refreshing native plugins compatible for Editor in 0.87 ms, found 3 plugins.
Preloading 0 native plugins for Editor in 0.00 ms.
Unloading 3674 Unused Serialized files (Serialized files now loaded: 0)
System memory in use before: 241.5 MB.
System memory in use after: 241.7 MB.

Unloading 32 unused Assets to reduce memory usage. Loaded Objects now: 4134.
Total: 4.752600 ms (FindLiveObjects: 0.596000 ms CreateObjectMapping: 0.286900 ms MarkObjects: 3.741700 ms  DeleteObjects: 0.125900 ms)

========================================================================
Received Import Request.
  path: Assets/EffectExamples/SmokeTrail.mat
  artifactKey: Guid(85320f50710fcfb4d886bc56151bea1b) Importer(815301076,1909f56bfc062723c751e8b465ee728b)
Start importing Assets/EffectExamples/SmokeTrail.mat using Guid(85320f50710fcfb4d886bc56151bea1b) Importer(815301076,1909f56bfc062723c751e8b465ee728b)  -> (artifact id: '56cd29b6f02d25040e8d5290b6a72ef2') in 0.390238 seconds
  Import took 0.427550 seconds .

========================================================================
Received Import Request.
  Time since last request: 0.001468 seconds.
  path: Assets/EffectExamples/Readme.asset
  artifactKey: Guid(83c2ed844a8c74b779a4c823d16594b1) Importer(815301076,1909f56bfc062723c751e8b465ee728b)
Start importing Assets/EffectExamples/Readme.asset using Guid(83c2ed844a8c74b779a4c823d16594b1) Importer(815301076,1909f56bfc062723c751e8b465ee728b)  -> (artifact id: '2316dd0e1fe5699845c912dfe2996027') in 0.024402 seconds
  Import took 0.035227 seconds .

========================================================================
Received Prepare
Registering precompiled user dll's ...
Registered in 0.004187 seconds.
Begin MonoManager ReloadAssembly
Native extension for WindowsStandalone target not found
Refreshing native plugins compatible for Editor in 0.85 ms, found 3 plugins.
Preloading 0 native plugins for Editor in 0.00 ms.
Mono: successfully reloaded assembly
- Completed reload, in  1.256 seconds
Platform modules already initialized, skipping
Shader 'WFX/Transparent Diffuse': fallback shader 'Particles/Alpha Blended' not found
Shader 'Universal Render Pipeline/Particles/Lit': fallback shader 'Universal Render Pipeline/Particles/SimpleLit' not found
Shader 'WFX/Transparent Specular': fallback shader 'Particles/Alpha Blended' not found
Refreshing native plugins compatible for Editor in 0.81 ms, found 3 plugins.
Preloading 0 native plugins for Editor in 0.00 ms.
Unloading 3491 Unused Serialized files (Serialized files now loaded: 0)
System memory in use before: 232.6 MB.
System memory in use after: 232.9 MB.

Unloading 21 unused Assets to reduce memory usage. Loaded Objects now: 4215.
Total: 3.219300 ms (FindLiveObjects: 0.360600 ms CreateObjectMapping: 0.169800 ms MarkObjects: 2.667300 ms  DeleteObjects: 0.020800 ms)

========================================================================
Received Prepare
Registering precompiled user dll's ...
Registered in 0.004065 seconds.
Begin MonoManager ReloadAssembly
Native extension for WindowsStandalone target not found
Refreshing native plugins compatible for Editor in 0.79 ms, found 3 plugins.
Preloading 0 native plugins for Editor in 0.00 ms.
Mono: successfully reloaded assembly
- Completed reload, in  1.129 seconds
Platform modules already initialized, skipping
Shader 'WFX/Transparent Diffuse': fallback shader 'Particles/Alpha Blended' not found
Shader 'Universal Render Pipeline/Particles/Lit': fallback shader 'Universal Render Pipeline/Particles/SimpleLit' not found
Shader 'WFX/Transparent Specular': fallback shader 'Particles/Alpha Blended' not found
Refreshing native plugins compatible for Editor in 0.82 ms, found 3 plugins.
Preloading 0 native plugins for Editor in 0.00 ms.
Unloading 3491 Unused Serialized files (Serialized files now loaded: 0)
System memory in use before: 232.7 MB.
System memory in use after: 233.0 MB.

Unloading 21 unused Assets to reduce memory usage. Loaded Objects now: 4218.
Total: 3.019100 ms (FindLiveObjects: 0.342400 ms CreateObjectMapping: 0.181000 ms MarkObjects: 2.474600 ms  DeleteObjects: 0.020100 ms)

========================================================================
Received Import Request.
  Time since last request: 282.662759 seconds.
  path: Assets/Scenes/Lvl3.unity
  artifactKey: Guid(addad00407c65684dadf1b360c502374) Importer(815301076,1909f56bfc062723c751e8b465ee728b)
Start importing Assets/Scenes/Lvl3.unity using Guid(addad00407c65684dadf1b360c502374) Importer(815301076,1909f56bfc062723c751e8b465ee728b)  -> (artifact id: 'a3b9141fe823c44c1d904dd7b1383367') in 0.032274 seconds
  Import took 0.038969 seconds .

========================================================================
Received Import Request.
  Time since last request: 21.795583 seconds.
  path: Assets/Sprites/Tiles
  artifactKey: Guid(7e62c59c55feda64dbbadf96f558eeb3) Importer(815301076,1909f56bfc062723c751e8b465ee728b)
Start importing Assets/Sprites/Tiles using Guid(7e62c59c55feda64dbbadf96f558eeb3) Importer(815301076,1909f56bfc062723c751e8b465ee728b)  -> (artifact id: '57c1978d67b8a1e6a84e72db705e3611') in 0.006562 seconds
  Import took 0.013336 seconds .

========================================================================
Received Import Request.
  Time since last request: 93.862006 seconds.
  path: Assets/Sprites/Menu/BG.jpeg
  artifactKey: Guid(6d1000bd7d446404e9173d469ce79fcf) Importer(815301076,1909f56bfc062723c751e8b465ee728b)
Start importing Assets/Sprites/Menu/BG.jpeg using Guid(6d1000bd7d446404e9173d469ce79fcf) Importer(815301076,1909f56bfc062723c751e8b465ee728b)  -> (artifact id: '1442242f5c8c5e02e8e7d3e8516c357e') in 0.335575 seconds
  Import took 0.345880 seconds .

========================================================================
Received Import Request.
  Time since last request: 0.000338 seconds.
  path: Assets/Sprites/Menu/Gold.asset
  artifactKey: Guid(a5b5ac55333414a88bff36d4dfff672a) Importer(815301076,1909f56bfc062723c751e8b465ee728b)
Start importing Assets/Sprites/Menu/Gold.asset using Guid(a5b5ac55333414a88bff36d4dfff672a) Importer(815301076,1909f56bfc062723c751e8b465ee728b)  -> (artifact id: '604226972e47ea157e4327d485356a82') in 0.007944 seconds
  Import took 0.024985 seconds .

========================================================================
Received Import Request.
  Time since last request: 22.625180 seconds.
  path: Assets/Prefabs/Player 1.prefab
  artifactKey: Guid(0d00c081a9cf94e488217a1e4d99d1b0) Importer(815301076,1909f56bfc062723c751e8b465ee728b)
Start importing Assets/Prefabs/Player 1.prefab using Guid(0d00c081a9cf94e488217a1e4d99d1b0) Importer(815301076,1909f56bfc062723c751e8b465ee728b)  -> (artifact id: '90570a0d054d55a71ba0cf76ae66a53c') in 0.154007 seconds
  Import took 0.161611 seconds .

========================================================================
Received Prepare
Registering precompiled user dll's ...
Registered in 0.004260 seconds.
Begin MonoManager ReloadAssembly
Native extension for WindowsStandalone target not found
Refreshing native plugins compatible for Editor in 0.88 ms, found 3 plugins.
Preloading 0 native plugins for Editor in 0.00 ms.
Mono: successfully reloaded assembly
- Completed reload, in  1.093 seconds
Platform modules already initialized, skipping
Shader 'WFX/Transparent Diffuse': fallback shader 'Particles/Alpha Blended' not found
Shader 'Universal Render Pipeline/Particles/Lit': fallback shader 'Universal Render Pipeline/Particles/SimpleLit' not found
Shader 'WFX/Transparent Specular': fallback shader 'Particles/Alpha Blended' not found
Refreshing native plugins compatible for Editor in 0.79 ms, found 3 plugins.
Preloading 0 native plugins for Editor in 0.00 ms.
Unloading 3491 Unused Serialized files (Serialized files now loaded: 0)
System memory in use before: 233.1 MB.
System memory in use after: 233.4 MB.

Unloading 21 unused Assets to reduce memory usage. Loaded Objects now: 4260.
Total: 3.131000 ms (FindLiveObjects: 0.396300 ms CreateObjectMapping: 0.170800 ms MarkObjects: 2.522800 ms  DeleteObjects: 0.040100 ms)

========================================================================
Received Import Request.
  Time since last request: 48.027333 seconds.
  path: Assets/Sprites/Tiles/Materials/cave floor 2.mat
  artifactKey: Guid(b3f1421cacb059544bbf8b3eed6c71da) Importer(815301076,1909f56bfc062723c751e8b465ee728b)
Start importing Assets/Sprites/Tiles/Materials/cave floor 2.mat using Guid(b3f1421cacb059544bbf8b3eed6c71da) Importer(815301076,1909f56bfc062723c751e8b465ee728b)  -> (artifact id: '7835cd469cac55e2b8bfbd3b67ce7aac') in 0.164569 seconds
  Import took 0.171785 seconds .

========================================================================
Received Import Request.
  Time since last request: 0.005283 seconds.
  path: Assets/Sprites/Tiles/Materials/cave floor 2.mat
  artifactKey: Guid(b3f1421cacb059544bbf8b3eed6c71da) Importer(815301076,1909f56bfc062723c751e8b465ee728b)
Start importing Assets/Sprites/Tiles/Materials/cave floor 2.mat using Guid(b3f1421cacb059544bbf8b3eed6c71da) Importer(815301076,1909f56bfc062723c751e8b465ee728b)  -> (artifact id: '7835cd469cac55e2b8bfbd3b67ce7aac') in 0.009013 seconds
  Import took 0.016063 seconds .

========================================================================
Received Import Request.
  Time since last request: 32.613146 seconds.
  path: Assets/Sprites/Tiles/Materials
  artifactKey: Guid(9e1f954619c88a545b3b080f30951c66) Importer(815301076,1909f56bfc062723c751e8b465ee728b)
Start importing Assets/Sprites/Tiles/Materials using Guid(9e1f954619c88a545b3b080f30951c66) Importer(815301076,1909f56bfc062723c751e8b465ee728b)  -> (artifact id: 'bcae8109e45b338b9abd1aebfad827e8') in 0.006959 seconds
  Import took 0.016555 seconds .

========================================================================
Received Import Request.
  Time since last request: 8.523342 seconds.
  path: Assets/Sprites/Tiles/Materials/New Material.mat
  artifactKey: Guid(d63d5448578053c419a055dd35cdee14) Importer(815301076,1909f56bfc062723c751e8b465ee728b)
Start importing Assets/Sprites/Tiles/Materials/New Material.mat using Guid(d63d5448578053c419a055dd35cdee14) Importer(815301076,1909f56bfc062723c751e8b465ee728b)  -> (artifact id: 'fd1ee3e1b57c937e59ee2809c74f263f') in 0.021349 seconds
  Import took 0.029303 seconds .

========================================================================
Received Import Request.
  Time since last request: 222.978347 seconds.
  path: Assets/Sprites/Tiles/Materials/New Material 1.mat
  artifactKey: Guid(8b6ba864462a4c5408a1f1bee14afc7d) Importer(815301076,1909f56bfc062723c751e8b465ee728b)
Start importing Assets/Sprites/Tiles/Materials/New Material 1.mat using Guid(8b6ba864462a4c5408a1f1bee14afc7d) Importer(815301076,1909f56bfc062723c751e8b465ee728b)  -> (artifact id: 'b2052b57c5d8dc590b8fb89eb126f7f5') in 0.021961 seconds
  Import took 0.075215 seconds .

========================================================================
Received Import Request.
  Time since last request: 5.484318 seconds.
  path: Assets/Sprites/Tiles/Materials/New Material 2.mat
  artifactKey: Guid(b204a4f069eda8644a1949f6cb1edd62) Importer(815301076,1909f56bfc062723c751e8b465ee728b)
Start importing Assets/Sprites/Tiles/Materials/New Material 2.mat using Guid(b204a4f069eda8644a1949f6cb1edd62) Importer(815301076,1909f56bfc062723c751e8b465ee728b)  -> (artifact id: 'c5b00944d220c1349144c5247553bc9f') in 0.018822 seconds
  Import took 0.028842 seconds .

========================================================================
Received Import Request.
  Time since last request: 13.956312 seconds.
  path: Assets/Sprites/Tiles/New Material.mat
  artifactKey: Guid(9639c85ab07ed1d4a8d5a06dc9b06390) Importer(815301076,1909f56bfc062723c751e8b465ee728b)
Start importing Assets/Sprites/Tiles/New Material.mat using Guid(9639c85ab07ed1d4a8d5a06dc9b06390) Importer(815301076,1909f56bfc062723c751e8b465ee728b)  -> (artifact id: 'ff1cc4212969becd4581f7f71daeb1bd') in 0.007392 seconds
  Import took 0.016060 seconds .

========================================================================
Received Import Request.
  Time since last request: 61.649200 seconds.
  path: Assets/Sprites/Tiles/Materials/cave floor 2.mat
  artifactKey: Guid(b3f1421cacb059544bbf8b3eed6c71da) Importer(815301076,1909f56bfc062723c751e8b465ee728b)
Start importing Assets/Sprites/Tiles/Materials/cave floor 2.mat using Guid(b3f1421cacb059544bbf8b3eed6c71da) Importer(815301076,1909f56bfc062723c751e8b465ee728b)  -> (artifact id: 'eff8732072a36a7b107d8cc16ba1e118') in 0.009714 seconds
  Import took 0.018782 seconds .

========================================================================
Received Import Request.
  Time since last request: 114.280283 seconds.
  path: Assets/Sprites/Tiles/Materials/cave floor 1.mat
  artifactKey: Guid(542ed6fbb92208b4a8932c2910f5b3fb) Importer(815301076,1909f56bfc062723c751e8b465ee728b)
Start importing Assets/Sprites/Tiles/Materials/cave floor 1.mat using Guid(542ed6fbb92208b4a8932c2910f5b3fb) Importer(815301076,1909f56bfc062723c751e8b465ee728b)  -> (artifact id: '6a8ed421b5298c8885984e8f3499af30') in 0.019465 seconds
  Import took 0.027262 seconds .

========================================================================
Received Import Request.
  Time since last request: 0.001052 seconds.
  path: Assets/Sprites/Tiles/Materials/New Material.mat
  artifactKey: Guid(d63d5448578053c419a055dd35cdee14) Importer(815301076,1909f56bfc062723c751e8b465ee728b)
Start importing Assets/Sprites/Tiles/Materials/New Material.mat using Guid(d63d5448578053c419a055dd35cdee14) Importer(815301076,1909f56bfc062723c751e8b465ee728b)  -> (artifact id: 'b796505547959286556bc20ba474e3af') in 0.007486 seconds
  Import took 0.015237 seconds .

========================================================================
Received Import Request.
  Time since last request: 14.700170 seconds.
  path: Assets/Sprites/Lvl2/Snowflakes/512X512/1.png
  artifactKey: Guid(6a4de2e84eadeeb41b5a890d27b516a7) Importer(815301076,1909f56bfc062723c751e8b465ee728b)
Start importing Assets/Sprites/Lvl2/Snowflakes/512X512/1.png using Guid(6a4de2e84eadeeb41b5a890d27b516a7) Importer(815301076,1909f56bfc062723c751e8b465ee728b)  -> (artifact id: '4e82bfa55329ca53f972ad42aaed2d2c') in 0.090594 seconds
  Import took 0.098875 seconds .

========================================================================
Received Import Request.
  Time since last request: 0.000303 seconds.
  path: Assets/Sprites/Lvl2/Snowflakes/64X64/1.png
  artifactKey: Guid(dab520c414ef49745ab8f7b3ac0baff2) Importer(815301076,1909f56bfc062723c751e8b465ee728b)
Start importing Assets/Sprites/Lvl2/Snowflakes/64X64/1.png using Guid(dab520c414ef49745ab8f7b3ac0baff2) Importer(815301076,1909f56bfc062723c751e8b465ee728b)  -> (artifact id: '33802cc67b69ad7c6c5098eb689e85ba') in 0.016261 seconds
  Import took 0.024229 seconds .

========================================================================
Received Import Request.
  Time since last request: 0.000279 seconds.
  path: Assets/Sprites/Lvl2/Snowflakes/64X64/2.png
  artifactKey: Guid(1168ff0c70786034ab2809b5f3408825) Importer(815301076,1909f56bfc062723c751e8b465ee728b)
Start importing Assets/Sprites/Lvl2/Snowflakes/64X64/2.png using Guid(1168ff0c70786034ab2809b5f3408825) Importer(815301076,1909f56bfc062723c751e8b465ee728b)  -> (artifact id: 'eacc58b312f116e7c8466aca645d6687') in 0.014609 seconds
  Import took 0.021738 seconds .

========================================================================
Received Import Request.
  Time since last request: 0.000350 seconds.
  path: Assets/Sprites/Lvl2/Snowflakes/32X32/1.png
  artifactKey: Guid(c4c0b0a65aed7f344a294e6dc104c879) Importer(815301076,1909f56bfc062723c751e8b465ee728b)
Start importing Assets/Sprites/Lvl2/Snowflakes/32X32/1.png using Guid(c4c0b0a65aed7f344a294e6dc104c879) Importer(815301076,1909f56bfc062723c751e8b465ee728b)  -> (artifact id: '519462d39c116f84b0ab4b337b28611d') in 0.020963 seconds
  Import took 0.028934 seconds .

========================================================================
Received Import Request.
  Time since last request: 0.000353 seconds.
  path: Assets/Sprites/Lvl2/Snowflakes/512X512/2.png
  artifactKey: Guid(ff1c77cab3c9e4945902f7e0e17001cf) Importer(815301076,1909f56bfc062723c751e8b465ee728b)
Start importing Assets/Sprites/Lvl2/Snowflakes/512X512/2.png using Guid(ff1c77cab3c9e4945902f7e0e17001cf) Importer(815301076,1909f56bfc062723c751e8b465ee728b)  -> (artifact id: '6be5b10fd183879931e315b48efa301d') in 0.052309 seconds
  Import took 0.060926 seconds .

========================================================================
Received Import Request.
  Time since last request: 0.000274 seconds.
  path: Assets/Sprites/Lvl2/Snowflakes/512X512/1.png
  artifactKey: Guid(6a4de2e84eadeeb41b5a890d27b516a7) Importer(815301076,1909f56bfc062723c751e8b465ee728b)
Start importing Assets/Sprites/Lvl2/Snowflakes/512X512/1.png using Guid(6a4de2e84eadeeb41b5a890d27b516a7) Importer(815301076,1909f56bfc062723c751e8b465ee728b)  -> (artifact id: '4e82bfa55329ca53f972ad42aaed2d2c') in 0.012990 seconds
  Import took 0.019587 seconds .

========================================================================
Received Import Request.
  Time since last request: 0.000253 seconds.
  path: Assets/Sprites/Lvl2/Snowflakes/32X32/2.png
  artifactKey: Guid(3329b9c657355c54e825f404142d8cbb) Importer(815301076,1909f56bfc062723c751e8b465ee728b)
Start importing Assets/Sprites/Lvl2/Snowflakes/32X32/2.png using Guid(3329b9c657355c54e825f404142d8cbb) Importer(815301076,1909f56bfc062723c751e8b465ee728b)  -> (artifact id: '1f1b80461ed9f92d79a6513f8f0e6365') in 0.013545 seconds
  Import took 0.022558 seconds .

========================================================================
Received Import Request.
  Time since last request: 0.000322 seconds.
  path: Assets/Sprites/Lvl2/Background/02 background.png
  artifactKey: Guid(69e9ea9722e1b7648a8243fbe761b725) Importer(815301076,1909f56bfc062723c751e8b465ee728b)
Start importing Assets/Sprites/Lvl2/Background/02 background.png using Guid(69e9ea9722e1b7648a8243fbe761b725) Importer(815301076,1909f56bfc062723c751e8b465ee728b)  -> (artifact id: 'b7e1f9b486b113dad2c4340ddf3923cc') in 0.078465 seconds
  Import took 0.085518 seconds .

========================================================================
Received Import Request.
  Time since last request: 0.000307 seconds.
  path: Assets/Sprites/Lvl2/Background/01 background.png
  artifactKey: Guid(5d5afecba5ff6c1499b5a7ee99267463) Importer(815301076,1909f56bfc062723c751e8b465ee728b)
Start importing Assets/Sprites/Lvl2/Background/01 background.png using Guid(5d5afecba5ff6c1499b5a7ee99267463) Importer(815301076,1909f56bfc062723c751e8b465ee728b)  -> (artifact id: 'c071bdcf47cba4a10076bbf6e91cd449') in 0.068921 seconds
  Import took 0.075853 seconds .

========================================================================
Received Import Request.
  Time since last request: 0.005021 seconds.
  path: Assets/Sprites/Lvl2/Background/01 background.png
  artifactKey: Guid(5d5afecba5ff6c1499b5a7ee99267463) Importer(815301076,1909f56bfc062723c751e8b465ee728b)
Start importing Assets/Sprites/Lvl2/Background/01 background.png using Guid(5d5afecba5ff6c1499b5a7ee99267463) Importer(815301076,1909f56bfc062723c751e8b465ee728b)  -> (artifact id: 'c071bdcf47cba4a10076bbf6e91cd449') in 0.008149 seconds
  Import took 0.015400 seconds .

========================================================================
Received Import Request.
  Time since last request: 0.869684 seconds.
  path: Assets/Sprites/Lvl2/Snowflakes/512X512/3.png
  artifactKey: Guid(597d89f3d69a3704888b99149e675121) Importer(815301076,1909f56bfc062723c751e8b465ee728b)
Start importing Assets/Sprites/Lvl2/Snowflakes/512X512/3.png using Guid(597d89f3d69a3704888b99149e675121) Importer(815301076,1909f56bfc062723c751e8b465ee728b)  -> (artifact id: '45b74475591292533c818388f1c1f8e7') in 0.087164 seconds
  Import took 0.094803 seconds .

========================================================================
Received Import Request.
  Time since last request: 0.000367 seconds.
  path: Assets/Sprites/Lvl2/Snowflakes/32X32/3.png
  artifactKey: Guid(7f1fc1aa5d958b94f8d5e034bb2a8050) Importer(815301076,1909f56bfc062723c751e8b465ee728b)
Start importing Assets/Sprites/Lvl2/Snowflakes/32X32/3.png using Guid(7f1fc1aa5d958b94f8d5e034bb2a8050) Importer(815301076,1909f56bfc062723c751e8b465ee728b)  -> (artifact id: 'e00ba7ba69cc6c3b5d6578b89911d366') in 0.038717 seconds
  Import took 0.045660 seconds .

========================================================================
Received Import Request.
  Time since last request: 0.169559 seconds.
  path: Assets/Sprites/Lvl2/Snowflakes/64X64/3.png
  artifactKey: Guid(6b2849d2f8649224cbea511669d0185f) Importer(815301076,1909f56bfc062723c751e8b465ee728b)
Start importing Assets/Sprites/Lvl2/Snowflakes/64X64/3.png using Guid(6b2849d2f8649224cbea511669d0185f) Importer(815301076,1909f56bfc062723c751e8b465ee728b)  -> (artifact id: 'c924ffb261646b94b211b13d4b45d76f') in 0.032714 seconds
  Import took 0.041308 seconds .

========================================================================
Received Import Request.
  Time since last request: 0.000388 seconds.
  path: Assets/Sprites/Lvl2/Background/03 background A.png
  artifactKey: Guid(9b3976e59a8758b4eb6d8523f12e4972) Importer(815301076,1909f56bfc062723c751e8b465ee728b)
Start importing Assets/Sprites/Lvl2/Background/03 background A.png using Guid(9b3976e59a8758b4eb6d8523f12e4972) Importer(815301076,1909f56bfc062723c751e8b465ee728b)  -> (artifact id: 'da49969a8df9d54020da6f9a576666ed') in 0.070782 seconds
  Import took 0.076755 seconds .

========================================================================
Received Import Request.
  Time since last request: 1.711947 seconds.
  path: Assets/Sprites/Lvl2/Background/03 background B.png
  artifactKey: Guid(506d3b78f34ee2446bdd78e8e832e7de) Importer(815301076,1909f56bfc062723c751e8b465ee728b)
Start importing Assets/Sprites/Lvl2/Background/03 background B.png using Guid(506d3b78f34ee2446bdd78e8e832e7de) Importer(815301076,1909f56bfc062723c751e8b465ee728b)  -> (artifact id: '4b8ccac56c17908ebe5b79cd75a0f6bd') in 0.055422 seconds
  Import took 0.062515 seconds .

========================================================================
Received Import Request.
  Time since last request: 0.000338 seconds.
  path: Assets/Sprites/Lvl2/Snowflakes/512X512/4.png
  artifactKey: Guid(e6c5c93e1aac05147ae9dafb492dfcfe) Importer(815301076,1909f56bfc062723c751e8b465ee728b)
Start importing Assets/Sprites/Lvl2/Snowflakes/512X512/4.png using Guid(e6c5c93e1aac05147ae9dafb492dfcfe) Importer(815301076,1909f56bfc062723c751e8b465ee728b)  -> (artifact id: '0e0a0f0bd9cb394f9ebd359b1f863659') in 0.041034 seconds
  Import took 0.046811 seconds .

========================================================================
Received Import Request.
  Time since last request: 0.022959 seconds.
  path: Assets/Sprites/Lvl2/Snowflakes/64X64/4.png
  artifactKey: Guid(fee011b4d1581ec45aa26979f07dd71a) Importer(815301076,1909f56bfc062723c751e8b465ee728b)
Start importing Assets/Sprites/Lvl2/Snowflakes/64X64/4.png using Guid(fee011b4d1581ec45aa26979f07dd71a) Importer(815301076,1909f56bfc062723c751e8b465ee728b)  -> (artifact id: '2d35d49d617a7a2e4c5f78f60bd06365') in 0.018892 seconds
  Import took 0.025501 seconds .

========================================================================
Received Import Request.
  Time since last request: 0.000335 seconds.
  path: Assets/Sprites/Lvl2/Snowflakes/32X32/4.png
  artifactKey: Guid(76603282e85c5d249a63f4ff854e17ae) Importer(815301076,1909f56bfc062723c751e8b465ee728b)
Start importing Assets/Sprites/Lvl2/Snowflakes/32X32/4.png using Guid(76603282e85c5d249a63f4ff854e17ae) Importer(815301076,1909f56bfc062723c751e8b465ee728b)  -> (artifact id: 'eb0e5e12f0a7cb8bc930f61e8820b24a') in 0.022672 seconds
  Import took 0.030067 seconds .

========================================================================
Received Import Request.
  Time since last request: 0.000298 seconds.
  path: Assets/Sprites/Lvl2/Snowflakes/64X64/4.png
  artifactKey: Guid(fee011b4d1581ec45aa26979f07dd71a) Importer(815301076,1909f56bfc062723c751e8b465ee728b)
Start importing Assets/Sprites/Lvl2/Snowflakes/64X64/4.png using Guid(fee011b4d1581ec45aa26979f07dd71a) Importer(815301076,1909f56bfc062723c751e8b465ee728b)  -> (artifact id: '2d35d49d617a7a2e4c5f78f60bd06365') in 0.007223 seconds
  Import took 0.015855 seconds .

========================================================================
Received Import Request.
  Time since last request: 0.000385 seconds.
  path: Assets/Sprites/Lvl2/Snowflakes/64X64/5.png
  artifactKey: Guid(778c368c2dd54064f9222e89165f1512) Importer(815301076,1909f56bfc062723c751e8b465ee728b)
Start importing Assets/Sprites/Lvl2/Snowflakes/64X64/5.png using Guid(778c368c2dd54064f9222e89165f1512) Importer(815301076,1909f56bfc062723c751e8b465ee728b)  -> (artifact id: '5e9a6cb961c24e334aa4be2ea37c359a') in 0.046865 seconds
  Import took 0.052964 seconds .

========================================================================
Received Import Request.
  Time since last request: 0.000369 seconds.
  path: Assets/Sprites/Lvl2/Background/04 background.png
  artifactKey: Guid(7565c1624ca1397468f98c521769f049) Importer(815301076,1909f56bfc062723c751e8b465ee728b)
Start importing Assets/Sprites/Lvl2/Background/04 background.png using Guid(7565c1624ca1397468f98c521769f049) Importer(815301076,1909f56bfc062723c751e8b465ee728b)  -> (artifact id: 'a54f5d952f778e035d297c52e248ed60') in 0.024956 seconds
  Import took 0.032692 seconds .

========================================================================
Received Import Request.
  Time since last request: 0.375873 seconds.
  path: Assets/Sprites/Lvl2/Snowflakes/512X512/5.png
  artifactKey: Guid(b3fcad9f8e741e54ba6b73ab15c119f0) Importer(815301076,1909f56bfc062723c751e8b465ee728b)
Start importing Assets/Sprites/Lvl2/Snowflakes/512X512/5.png using Guid(b3fcad9f8e741e54ba6b73ab15c119f0) Importer(815301076,1909f56bfc062723c751e8b465ee728b)  -> (artifact id: '968ad481c406c4c18a064561371350ca') in 0.019052 seconds
  Import took 0.025056 seconds .

========================================================================
Received Import Request.
  Time since last request: 0.000317 seconds.
  path: Assets/Sprites/Lvl2/Snowflakes/32X32/5.png
  artifactKey: Guid(63cc144eab8975c438a6a20465fdbe05) Importer(815301076,1909f56bfc062723c751e8b465ee728b)
Start importing Assets/Sprites/Lvl2/Snowflakes/32X32/5.png using Guid(63cc144eab8975c438a6a20465fdbe05) Importer(815301076,1909f56bfc062723c751e8b465ee728b)  -> (artifact id: '020f0e019dcf2960348ba9cac0405411') in 0.010875 seconds
  Import took 0.017560 seconds .

========================================================================
Received Import Request.
  Time since last request: 0.039118 seconds.
  path: Assets/Sprites/Lvl2/Background/05 background.png
  artifactKey: Guid(f09e2e239e9e5304db6010647d036db2) Importer(815301076,1909f56bfc062723c751e8b465ee728b)
Start importing Assets/Sprites/Lvl2/Background/05 background.png using Guid(f09e2e239e9e5304db6010647d036db2) Importer(815301076,1909f56bfc062723c751e8b465ee728b)  -> (artifact id: 'fc449e9b42a1e931308edcb48915df37') in 0.025335 seconds
  Import took 0.032785 seconds .

========================================================================
Received Import Request.
  Time since last request: 0.000351 seconds.
  path: Assets/Sprites/Lvl2/Snowflakes/512X512/6.png
  artifactKey: Guid(8cacef4f313a9304986cd16c69177f28) Importer(815301076,1909f56bfc062723c751e8b465ee728b)
Start importing Assets/Sprites/Lvl2/Snowflakes/512X512/6.png using Guid(8cacef4f313a9304986cd16c69177f28) Importer(815301076,1909f56bfc062723c751e8b465ee728b)  -> (artifact id: 'e0b7e5169aa37149c735464fcb3fb2f1') in 0.058091 seconds
  Import took 0.065024 seconds .

========================================================================
Received Import Request.
  Time since last request: 13.577738 seconds.
  path: Assets/Sprites/Tiles/Materials/New Material 1.mat
  artifactKey: Guid(8b6ba864462a4c5408a1f1bee14afc7d) Importer(815301076,1909f56bfc062723c751e8b465ee728b)
Start importing Assets/Sprites/Tiles/Materials/New Material 1.mat using Guid(8b6ba864462a4c5408a1f1bee14afc7d) Importer(815301076,1909f56bfc062723c751e8b465ee728b)  -> (artifact id: '8bd65d8cd7f9a9055fa49e84986c7eed') in 0.013171 seconds
  Import took 0.020964 seconds .

========================================================================
Received Import Request.
  Time since last request: 81.959225 seconds.
  path: Assets/Sprites/Tiles/Materials/cave floor 1.mat
  artifactKey: Guid(542ed6fbb92208b4a8932c2910f5b3fb) Importer(815301076,1909f56bfc062723c751e8b465ee728b)
Start importing Assets/Sprites/Tiles/Materials/cave floor 1.mat using Guid(542ed6fbb92208b4a8932c2910f5b3fb) Importer(815301076,1909f56bfc062723c751e8b465ee728b)  -> (artifact id: '827691a6ceef4b7409f8cce086c18795') in 0.008189 seconds
  Import took 0.015872 seconds .

========================================================================
Received Import Request.
  Time since last request: 53.326262 seconds.
  path: Assets/Tilemaps/Palettes
  artifactKey: Guid(0709b37d828484ef19b5a0f06218077c) Importer(815301076,1909f56bfc062723c751e8b465ee728b)
Start importing Assets/Tilemaps/Palettes using Guid(0709b37d828484ef19b5a0f06218077c) Importer(815301076,1909f56bfc062723c751e8b465ee728b)  -> (artifact id: 'd9e05053b798e4356c89dbc06c06f79c') in 0.005394 seconds
  Import took 0.014022 seconds .

========================================================================
Received Import Request.
  Time since last request: 0.108306 seconds.
  path: Assets/Tilemaps/Palettes/New Palette.prefab
  artifactKey: Guid(f9ad82bbfd19d37428a3424a29dcdc17) Importer(815301076,1909f56bfc062723c751e8b465ee728b)
Start importing Assets/Tilemaps/Palettes/New Palette.prefab using Guid(f9ad82bbfd19d37428a3424a29dcdc17) Importer(815301076,1909f56bfc062723c751e8b465ee728b)  -> (artifact id: '7296546404894820d19a430a93b9802d') in 0.011722 seconds
  Import took 0.017587 seconds .

========================================================================
Received Import Request.
  Time since last request: 19.285197 seconds.
  path: Assets/Sprites
  artifactKey: Guid(04e263c8632a85f4abbbe230f9673dfb) Importer(815301076,1909f56bfc062723c751e8b465ee728b)
Start importing Assets/Sprites using Guid(04e263c8632a85f4abbbe230f9673dfb) Importer(815301076,1909f56bfc062723c751e8b465ee728b)  -> (artifact id: '9736d704a611cbeaebd4ff83b95a7f55') in 0.005759 seconds
  Import took 0.014234 seconds .

========================================================================
Received Import Request.
  Time since last request: 5.693903 seconds.
  path: Assets/Sprites/Lvl3
  artifactKey: Guid(8bb5cc3a9d2c819489572a7015e28a84) Importer(815301076,1909f56bfc062723c751e8b465ee728b)
Start importing Assets/Sprites/Lvl3 using Guid(8bb5cc3a9d2c819489572a7015e28a84) Importer(815301076,1909f56bfc062723c751e8b465ee728b)  -> (artifact id: '8ec2d2cd31da83a12240e58f42a74c0b') in 0.005135 seconds
  Import took 0.012442 seconds .

========================================================================
Received Import Request.
  Time since last request: 39.042182 seconds.
  path: Assets/Sprites/Background
  artifactKey: Guid(fc3ff49d87f3e9449a9996d849b5d978) Importer(815301076,1909f56bfc062723c751e8b465ee728b)
Start importing Assets/Sprites/Background using Guid(fc3ff49d87f3e9449a9996d849b5d978) Importer(815301076,1909f56bfc062723c751e8b465ee728b)  -> (artifact id: '41b36a2109c605d5e875106bf0cf5262') in 0.006902 seconds
  Import took 0.013581 seconds .

========================================================================
Received Import Request.
  Time since last request: 1.300720 seconds.
  path: Assets/Sprites/Items
  artifactKey: Guid(ae3d95ad57a1f7649809dce2d40f2046) Importer(815301076,1909f56bfc062723c751e8b465ee728b)
Start importing Assets/Sprites/Items using Guid(ae3d95ad57a1f7649809dce2d40f2046) Importer(815301076,1909f56bfc062723c751e8b465ee728b)  -> (artifact id: 'a5e47abff6241f275395f1e993375df5') in 0.005075 seconds
  Import took 0.012544 seconds .

========================================================================
Received Import Request.
  Time since last request: 1.442903 seconds.
  path: Assets/Sprites/Materials
  artifactKey: Guid(1f08e99e7b8c578419d93272eb33c476) Importer(815301076,1909f56bfc062723c751e8b465ee728b)
Start importing Assets/Sprites/Materials using Guid(1f08e99e7b8c578419d93272eb33c476) Importer(815301076,1909f56bfc062723c751e8b465ee728b)  -> (artifact id: '390375cc707c3860784372c39565c5af') in 0.005632 seconds
  Import took 0.013318 seconds .

========================================================================
Received Prepare
Registering precompiled user dll's ...
Registered in 0.046395 seconds.
Begin MonoManager ReloadAssembly
Native extension for WindowsStandalone target not found
Refreshing native plugins compatible for Editor in 0.87 ms, found 3 plugins.
Preloading 0 native plugins for Editor in 0.00 ms.
Mono: successfully reloaded assembly
- Completed reload, in  1.099 seconds
Platform modules already initialized, skipping
Shader 'WFX/Transparent Diffuse': fallback shader 'Particles/Alpha Blended' not found
Shader 'Universal Render Pipeline/Particles/Lit': fallback shader 'Universal Render Pipeline/Particles/SimpleLit' not found
Shader 'WFX/Transparent Specular': fallback shader 'Particles/Alpha Blended' not found
Refreshing native plugins compatible for Editor in 0.86 ms, found 3 plugins.
Preloading 0 native plugins for Editor in 0.00 ms.
Unloading 3491 Unused Serialized files (Serialized files now loaded: 0)
System memory in use before: 233.3 MB.
System memory in use after: 233.5 MB.

Unloading 21 unused Assets to reduce memory usage. Loaded Objects now: 4306.
Total: 3.048300 ms (FindLiveObjects: 0.403500 ms CreateObjectMapping: 0.189100 ms MarkObjects: 2.433900 ms  DeleteObjects: 0.021000 ms)

========================================================================
Received Import Request.
  Time since last request: 57.926665 seconds.
  path: Assets/Scenes/SampleScene.unity
  artifactKey: Guid(9fc0d4010bbf28b4594072e72b8655ab) Importer(815301076,1909f56bfc062723c751e8b465ee728b)
Start importing Assets/Scenes/SampleScene.unity using Guid(9fc0d4010bbf28b4594072e72b8655ab) Importer(815301076,1909f56bfc062723c751e8b465ee728b)  -> (artifact id: 'f9249b5c52f0464480f0f46bddf815e5') in 0.021394 seconds
  Import took 0.026963 seconds .

========================================================================
Received Import Request.
  Time since last request: 2.063095 seconds.
  path: Assets/Prefabs/Lvl3
  artifactKey: Guid(b3f6eaddc543a1d42b37e630f1cb794d) Importer(815301076,1909f56bfc062723c751e8b465ee728b)
Start importing Assets/Prefabs/Lvl3 using Guid(b3f6eaddc543a1d42b37e630f1cb794d) Importer(815301076,1909f56bfc062723c751e8b465ee728b)  -> (artifact id: '551ce67f58fa93f98d7cf60c4a795547') in 0.005261 seconds
  Import took 0.011611 seconds .

========================================================================
Received Import Request.
  Time since last request: 5.823561 seconds.
  path: Assets/Prefabs/Lvl3/Player 1.prefab
  artifactKey: Guid(0d00c081a9cf94e488217a1e4d99d1b0) Importer(815301076,1909f56bfc062723c751e8b465ee728b)
Start importing Assets/Prefabs/Lvl3/Player 1.prefab using Guid(0d00c081a9cf94e488217a1e4d99d1b0) Importer(815301076,1909f56bfc062723c751e8b465ee728b)  -> (artifact id: '78bdb7d67d45efcf7f4fc1e6f270b625') in 0.145374 seconds
  Import took 0.151678 seconds .

========================================================================
Received Import Request.
  Time since last request: 1.544420 seconds.
  path: Assets/Materials/New Material.mat
  artifactKey: Guid(129198eaa2d174d1c90f2a35f2cd9157) Importer(815301076,1909f56bfc062723c751e8b465ee728b)
Start importing Assets/Materials/New Material.mat using Guid(129198eaa2d174d1c90f2a35f2cd9157) Importer(815301076,1909f56bfc062723c751e8b465ee728b)  -> (artifact id: '556c3c673b36f097781e3dbd27f10a85') in 0.022667 seconds
  Import took 0.028891 seconds .

========================================================================
Received Import Request.
  Time since last request: 14.307004 seconds.
  path: Assets/AstarPathfindingProject/AstarPathfindingProject.asmdef
  artifactKey: Guid(efa45043feb7e4147a305b73b5cea642) Importer(815301076,1909f56bfc062723c751e8b465ee728b)
Start importing Assets/AstarPathfindingProject/AstarPathfindingProject.asmdef using Guid(efa45043feb7e4147a305b73b5cea642) Importer(815301076,1909f56bfc062723c751e8b465ee728b)  -> (artifact id: 'fa628972aa73b82a158bf0d7f8452c82') in 0.008177 seconds
  Import took 0.015089 seconds .

========================================================================
Received Import Request.
  Time since last request: 17.121065 seconds.
  path: Assets/Sprites/Lvl3/Materials/New Material.mat
  artifactKey: Guid(2ab6df5845f3f46469b53764c2322994) Importer(815301076,1909f56bfc062723c751e8b465ee728b)
Start importing Assets/Sprites/Lvl3/Materials/New Material.mat using Guid(2ab6df5845f3f46469b53764c2322994) Importer(815301076,1909f56bfc062723c751e8b465ee728b)  -> (artifact id: '511507b7ce6e7d422789a387105781da') in 0.012320 seconds
  Import took 0.019452 seconds .

========================================================================
Received Prepare
Registering precompiled user dll's ...
Registered in 0.004235 seconds.
Begin MonoManager ReloadAssembly
Native extension for WindowsStandalone target not found
Refreshing native plugins compatible for Editor in 0.92 ms, found 3 plugins.
Preloading 0 native plugins for Editor in 0.00 ms.
Mono: successfully reloaded assembly
- Completed reload, in  1.104 seconds
Platform modules already initialized, skipping
Shader 'WFX/Transparent Diffuse': fallback shader 'Particles/Alpha Blended' not found
Shader 'Universal Render Pipeline/Particles/Lit': fallback shader 'Universal Render Pipeline/Particles/SimpleLit' not found
Shader 'WFX/Transparent Specular': fallback shader 'Particles/Alpha Blended' not found
Refreshing native plugins compatible for Editor in 0.83 ms, found 3 plugins.
Preloading 0 native plugins for Editor in 0.00 ms.
Unloading 3491 Unused Serialized files (Serialized files now loaded: 0)
System memory in use before: 233.9 MB.
System memory in use after: 234.1 MB.

Unloading 21 unused Assets to reduce memory usage. Loaded Objects now: 4345.
Total: 2.987300 ms (FindLiveObjects: 0.463900 ms CreateObjectMapping: 0.206300 ms MarkObjects: 2.295700 ms  DeleteObjects: 0.020400 ms)

========================================================================
Received Import Request.
  Time since last request: 258.906064 seconds.
  path: Assets/JMO Assets/WarFX/Demo/UI Canvas/CFX Demo Btn Arrow.png
  artifactKey: Guid(6ca93523b0317c242b05932fedb07cb3) Importer(815301076,1909f56bfc062723c751e8b465ee728b)
Start importing Assets/JMO Assets/WarFX/Demo/UI Canvas/CFX Demo Btn Arrow.png using Guid(6ca93523b0317c242b05932fedb07cb3) Importer(815301076,1909f56bfc062723c751e8b465ee728b)  -> (artifact id: 'c69d24c7a44c73a8f68c36fe69f6cb1d') in 0.057867 seconds
  Import took 0.065494 seconds .

========================================================================
Received Import Request.
  Time since last request: 0.000388 seconds.
  path: Assets/JMO Assets/WarFX/Demo/UI Canvas/CFX Demo Btn Camera.png
  artifactKey: Guid(4c72f3c555f96274787f31379fabb6ff) Importer(815301076,1909f56bfc062723c751e8b465ee728b)
Start importing Assets/JMO Assets/WarFX/Demo/UI Canvas/CFX Demo Btn Camera.png using Guid(4c72f3c555f96274787f31379fabb6ff) Importer(815301076,1909f56bfc062723c751e8b465ee728b)  -> (artifact id: '9c6e66d71d5cad624c2ba5df7cc7e984') in 0.020887 seconds
  Import took 0.027386 seconds .

========================================================================
Received Import Request.
  Time since last request: 0.000251 seconds.
  path: Assets/JMO Assets/WarFX/Demo/UI Canvas/CFX Demo Btn Camera H.png
  artifactKey: Guid(90cdb91b8028d984b9adf63a23402f86) Importer(815301076,1909f56bfc062723c751e8b465ee728b)
Start importing Assets/JMO Assets/WarFX/Demo/UI Canvas/CFX Demo Btn Camera H.png using Guid(90cdb91b8028d984b9adf63a23402f86) Importer(815301076,1909f56bfc062723c751e8b465ee728b)  -> (artifact id: '618740b2ad0efde3d32ee8fed644b243') in 0.012304 seconds
  Import took 0.019208 seconds .

========================================================================
Received Import Request.
  Time since last request: 0.000257 seconds.
  path: Assets/JMO Assets/WarFX/Demo/UI Canvas/CFX Demo Btn Arrow R.png
  artifactKey: Guid(3783f195e2c8dc84cb1461fbe881e9cb) Importer(815301076,1909f56bfc062723c751e8b465ee728b)
Start importing Assets/JMO Assets/WarFX/Demo/UI Canvas/CFX Demo Btn Arrow R.png using Guid(3783f195e2c8dc84cb1461fbe881e9cb) Importer(815301076,1909f56bfc062723c751e8b465ee728b)  -> (artifact id: 'cb37e99de19c754f49054cc4b691e2fa') in 0.030545 seconds
  Import took 0.037673 seconds .

========================================================================
Received Import Request.
  Time since last request: 0.000330 seconds.
  path: Assets/JMO Assets/WarFX/Demo/UI Canvas/CFX Demo Btn Arrow.png
  artifactKey: Guid(6ca93523b0317c242b05932fedb07cb3) Importer(815301076,1909f56bfc062723c751e8b465ee728b)
Start importing Assets/JMO Assets/WarFX/Demo/UI Canvas/CFX Demo Btn Arrow.png using Guid(6ca93523b0317c242b05932fedb07cb3) Importer(815301076,1909f56bfc062723c751e8b465ee728b)  -> (artifact id: 'c69d24c7a44c73a8f68c36fe69f6cb1d') in 0.008398 seconds
  Import took 0.015767 seconds .

========================================================================
Received Import Request.
  Time since last request: 0.000305 seconds.
  path: Assets/JMO Assets/WarFX/Demo/UI Canvas/CFX Demo Btn Ground.png
  artifactKey: Guid(a2bcf923df54ffa4ba7e795955c5dc22) Importer(815301076,1909f56bfc062723c751e8b465ee728b)
Start importing Assets/JMO Assets/WarFX/Demo/UI Canvas/CFX Demo Btn Ground.png using Guid(a2bcf923df54ffa4ba7e795955c5dc22) Importer(815301076,1909f56bfc062723c751e8b465ee728b)  -> (artifact id: 'bb6a8cd997c83df1c8b01633d14ebcc6') in 0.022843 seconds
  Import took 0.029674 seconds .

========================================================================
Received Prepare
Registering precompiled user dll's ...
Registered in 0.004063 seconds.
Begin MonoManager ReloadAssembly
Native extension for WindowsStandalone target not found
Refreshing native plugins compatible for Editor in 0.83 ms, found 3 plugins.
Preloading 0 native plugins for Editor in 0.00 ms.
Mono: successfully reloaded assembly
- Completed reload, in  1.089 seconds
Platform modules already initialized, skipping
Shader 'WFX/Transparent Diffuse': fallback shader 'Particles/Alpha Blended' not found
Shader 'Universal Render Pipeline/Particles/Lit': fallback shader 'Universal Render Pipeline/Particles/SimpleLit' not found
Shader 'WFX/Transparent Specular': fallback shader 'Particles/Alpha Blended' not found
Refreshing native plugins compatible for Editor in 0.85 ms, found 3 plugins.
Preloading 0 native plugins for Editor in 0.00 ms.
Unloading 3491 Unused Serialized files (Serialized files now loaded: 0)
System memory in use before: 233.9 MB.
System memory in use after: 234.1 MB.

Unloading 21 unused Assets to reduce memory usage. Loaded Objects now: 4353.
Total: 2.996700 ms (FindLiveObjects: 0.359000 ms CreateObjectMapping: 0.274300 ms MarkObjects: 2.341900 ms  DeleteObjects: 0.020300 ms)

========================================================================
Received Import Request.
  Time since last request: 312.976890 seconds.
  path: Assets/Tilemaps/Tile Asset/tileset-sliced_0.asset
  artifactKey: Guid(6242d02e29657e54da584203d3aa64ff) Importer(815301076,1909f56bfc062723c751e8b465ee728b)
Start importing Assets/Tilemaps/Tile Asset/tileset-sliced_0.asset using Guid(6242d02e29657e54da584203d3aa64ff) Importer(815301076,1909f56bfc062723c751e8b465ee728b)  -> (artifact id: 'b718ad69abf6aed7b82424c7543f1b13') in 0.053478 seconds
  Import took 0.060769 seconds .

========================================================================
Received Import Request.
  Time since last request: 0.000302 seconds.
  path: Assets/Tilemaps/Tile Asset/tileset-sliced_23.asset
  artifactKey: Guid(f4d04f2b707034941a1f3f9e4d40a111) Importer(815301076,1909f56bfc062723c751e8b465ee728b)
Start importing Assets/Tilemaps/Tile Asset/tileset-sliced_23.asset using Guid(f4d04f2b707034941a1f3f9e4d40a111) Importer(815301076,1909f56bfc062723c751e8b465ee728b)  -> (artifact id: '711d7a7fc5b1077bfe8e946bfd0d8f0d') in 0.009621 seconds
  Import took 0.015537 seconds .

========================================================================
Received Import Request.
  Time since last request: 0.000303 seconds.
  path: Assets/Tilemaps/Tile Asset/tileset-sliced_30.asset
  artifactKey: Guid(ea1fec101656cb442945b5de7f5b78a0) Importer(815301076,1909f56bfc062723c751e8b465ee728b)
Start importing Assets/Tilemaps/Tile Asset/tileset-sliced_30.asset using Guid(ea1fec101656cb442945b5de7f5b78a0) Importer(815301076,1909f56bfc062723c751e8b465ee728b)  -> (artifact id: 'f7ee13aa5518dec0c9983f0c5b8b6977') in 0.009502 seconds
  Import took 0.017005 seconds .

========================================================================
Received Import Request.
  Time since last request: 0.000293 seconds.
  path: Assets/Tilemaps/Tile Asset/tileset-sliced_26.asset
  artifactKey: Guid(edc24468968137d4ea0c00d5b34b9ecc) Importer(815301076,1909f56bfc062723c751e8b465ee728b)
Start importing Assets/Tilemaps/Tile Asset/tileset-sliced_26.asset using Guid(edc24468968137d4ea0c00d5b34b9ecc) Importer(815301076,1909f56bfc062723c751e8b465ee728b)  -> (artifact id: '22626e8f06c6a0ddecfcbcc42e97a35f') in 0.010377 seconds
  Import took 0.017460 seconds .

========================================================================
Received Import Request.
  Time since last request: 0.000329 seconds.
  path: Assets/Tilemaps/Tile Asset/tileset-sliced_24.asset
  artifactKey: Guid(0977f75ea65235547856e79bffb0c2c8) Importer(815301076,1909f56bfc062723c751e8b465ee728b)
Start importing Assets/Tilemaps/Tile Asset/tileset-sliced_24.asset using Guid(0977f75ea65235547856e79bffb0c2c8) Importer(815301076,1909f56bfc062723c751e8b465ee728b)  -> (artifact id: '347affe24c82931dd43543defbdb3194') in 0.011624 seconds
  Import took 0.018757 seconds .

========================================================================
Received Import Request.
  Time since last request: 0.000334 seconds.
  path: Assets/Tilemaps/Tile Asset/tileset-sliced_12.asset
  artifactKey: Guid(41ba583448b455a4eae1f7de2a2b0579) Importer(815301076,1909f56bfc062723c751e8b465ee728b)
Start importing Assets/Tilemaps/Tile Asset/tileset-sliced_12.asset using Guid(41ba583448b455a4eae1f7de2a2b0579) Importer(815301076,1909f56bfc062723c751e8b465ee728b)  -> (artifact id: '02358ca8eb700cd532ba09395fca710b') in 0.010327 seconds
  Import took 0.016845 seconds .

========================================================================
Received Import Request.
  Time since last request: 0.000301 seconds.
  path: Assets/Tilemaps/Tile Asset/tileset-sliced_21.asset
  artifactKey: Guid(93d27699aa02ee345b6d2f3fa15d4a33) Importer(815301076,1909f56bfc062723c751e8b465ee728b)
Start importing Assets/Tilemaps/Tile Asset/tileset-sliced_21.asset using Guid(93d27699aa02ee345b6d2f3fa15d4a33) Importer(815301076,1909f56bfc062723c751e8b465ee728b)  -> (artifact id: '3d7644bc3c2e450f2e0106262a621688') in 0.012861 seconds
  Import took 0.018860 seconds .

========================================================================
Received Import Request.
  Time since last request: 0.000274 seconds.
  path: Assets/Tilemaps/Tile Asset/tileset-sliced_25.asset
  artifactKey: Guid(dfbee327d3a5d714a88ee9ccd47ada58) Importer(815301076,1909f56bfc062723c751e8b465ee728b)
Start importing Assets/Tilemaps/Tile Asset/tileset-sliced_25.asset using Guid(dfbee327d3a5d714a88ee9ccd47ada58) Importer(815301076,1909f56bfc062723c751e8b465ee728b)  -> (artifact id: '818b6e14843a67a7f3051c15be61c0d9') in 0.010456 seconds
  Import took 0.016731 seconds .

========================================================================
Received Import Request.
  Time since last request: 0.000296 seconds.
  path: Assets/Tilemaps/Tile Asset/tileset-sliced_18.asset
  artifactKey: Guid(fe212204701ee554692af3c815896a50) Importer(815301076,1909f56bfc062723c751e8b465ee728b)
Start importing Assets/Tilemaps/Tile Asset/tileset-sliced_18.asset using Guid(fe212204701ee554692af3c815896a50) Importer(815301076,1909f56bfc062723c751e8b465ee728b)  -> (artifact id: 'a9ee27161df477c57673fe671dc0828c') in 0.016025 seconds
  Import took 0.023873 seconds .

========================================================================
Received Import Request.
  Time since last request: 0.000316 seconds.
  path: Assets/Tilemaps/Tile Asset/tileset-sliced_29.asset
  artifactKey: Guid(8b59acf6b69394c44a51a50af6e059e8) Importer(815301076,1909f56bfc062723c751e8b465ee728b)
Start importing Assets/Tilemaps/Tile Asset/tileset-sliced_29.asset using Guid(8b59acf6b69394c44a51a50af6e059e8) Importer(815301076,1909f56bfc062723c751e8b465ee728b)  -> (artifact id: '5c8f5500a4b71a484e4fa702af9a0387') in 0.008448 seconds
  Import took 0.014518 seconds .

========================================================================
Received Import Request.
  Time since last request: 0.000372 seconds.
  path: Assets/Tilemaps/Tile Asset/tileset-sliced_3.asset
  artifactKey: Guid(533217504a4211c498e24d7d33077738) Importer(815301076,1909f56bfc062723c751e8b465ee728b)
Start importing Assets/Tilemaps/Tile Asset/tileset-sliced_3.asset using Guid(533217504a4211c498e24d7d33077738) Importer(815301076,1909f56bfc062723c751e8b465ee728b)  -> (artifact id: 'ae9b9e412bcef6996cef23050968534b') in 0.009787 seconds
  Import took 0.017846 seconds .

========================================================================
Received Import Request.
  Time since last request: 0.000521 seconds.
  path: Assets/Tilemaps/Tile Asset/tileset-sliced_5.asset
  artifactKey: Guid(7b179e84dbb7dc94cbf0b1646c4c6786) Importer(815301076,1909f56bfc062723c751e8b465ee728b)
Start importing Assets/Tilemaps/Tile Asset/tileset-sliced_5.asset using Guid(7b179e84dbb7dc94cbf0b1646c4c6786) Importer(815301076,1909f56bfc062723c751e8b465ee728b)  -> (artifact id: '02ead23e0206088e14923019771468e6') in 0.008317 seconds
  Import took 0.016639 seconds .

========================================================================
Received Import Request.
  Time since last request: 0.000305 seconds.
  path: Assets/Tilemaps/Tile Asset/tileset-sliced_16.asset
  artifactKey: Guid(a60bd1e8a3e18d24e93278048ee5836d) Importer(815301076,1909f56bfc062723c751e8b465ee728b)
Start importing Assets/Tilemaps/Tile Asset/tileset-sliced_16.asset using Guid(a60bd1e8a3e18d24e93278048ee5836d) Importer(815301076,1909f56bfc062723c751e8b465ee728b)  -> (artifact id: 'c20277432727b51dbb645d5956b2a911') in 0.009411 seconds
  Import took 0.016702 seconds .

========================================================================
Received Import Request.
  Time since last request: 0.000328 seconds.
  path: Assets/Tilemaps/Tile Asset/tileset-sliced_17.asset
  artifactKey: Guid(99ab188ae5425ab4ab24c8a64bacd85c) Importer(815301076,1909f56bfc062723c751e8b465ee728b)
Start importing Assets/Tilemaps/Tile Asset/tileset-sliced_17.asset using Guid(99ab188ae5425ab4ab24c8a64bacd85c) Importer(815301076,1909f56bfc062723c751e8b465ee728b)  -> (artifact id: 'cc4cfe0ca32eb1aab590f67011d4a8fc') in 0.012412 seconds
  Import took 0.018181 seconds .

========================================================================
Received Import Request.
  Time since last request: 0.000290 seconds.
  path: Assets/Tilemaps/Tile Asset/tileset-sliced_1.asset
  artifactKey: Guid(f97db81ac061e674996497adf26a05a5) Importer(815301076,1909f56bfc062723c751e8b465ee728b)
Start importing Assets/Tilemaps/Tile Asset/tileset-sliced_1.asset using Guid(f97db81ac061e674996497adf26a05a5) Importer(815301076,1909f56bfc062723c751e8b465ee728b)  -> (artifact id: 'c4667ab6422d200a9e37a1251d0a74c3') in 0.010291 seconds
  Import took 0.016166 seconds .

========================================================================
Received Import Request.
  Time since last request: 0.000275 seconds.
  path: Assets/Tilemaps/Tile Asset/tileset-sliced_14.asset
  artifactKey: Guid(57873aae720a307489bae233cc0c12b8) Importer(815301076,1909f56bfc062723c751e8b465ee728b)
Start importing Assets/Tilemaps/Tile Asset/tileset-sliced_14.asset using Guid(57873aae720a307489bae233cc0c12b8) Importer(815301076,1909f56bfc062723c751e8b465ee728b)  -> (artifact id: '31353e473cf2f5aa06e218dd0a1072c4') in 0.011913 seconds
  Import took 0.019945 seconds .

========================================================================
Received Import Request.
  Time since last request: 0.000357 seconds.
  path: Assets/Tilemaps/Tile Asset/tileset-sliced_10.asset
  artifactKey: Guid(7730c670ec87f11488a4d291545ed3ad) Importer(815301076,1909f56bfc062723c751e8b465ee728b)
Start importing Assets/Tilemaps/Tile Asset/tileset-sliced_10.asset using Guid(7730c670ec87f11488a4d291545ed3ad) Importer(815301076,1909f56bfc062723c751e8b465ee728b)  -> (artifact id: '95aa8e9754979eee496ed4d09c08cd01') in 0.010038 seconds
  Import took 0.016644 seconds .

========================================================================
Received Import Request.
  Time since last request: 0.000273 seconds.
  path: Assets/Tilemaps/Tile Asset/tileset-sliced_27.asset
  artifactKey: Guid(47b0d9d85ae989146b944fa84925ecac) Importer(815301076,1909f56bfc062723c751e8b465ee728b)
Start importing Assets/Tilemaps/Tile Asset/tileset-sliced_27.asset using Guid(47b0d9d85ae989146b944fa84925ecac) Importer(815301076,1909f56bfc062723c751e8b465ee728b)  -> (artifact id: '80debb8947407ee52af4626abf93eab7') in 0.010210 seconds
  Import took 0.016161 seconds .

========================================================================
Received Import Request.
  Time since last request: 0.000253 seconds.
  path: Assets/Tilemaps/Tile Asset/tileset-sliced_15.asset
  artifactKey: Guid(b9ab460bbd3b21d4c8ff9570320301d4) Importer(815301076,1909f56bfc062723c751e8b465ee728b)
Start importing Assets/Tilemaps/Tile Asset/tileset-sliced_15.asset using Guid(b9ab460bbd3b21d4c8ff9570320301d4) Importer(815301076,1909f56bfc062723c751e8b465ee728b)  -> (artifact id: '07361b114855180626f6b63777008b52') in 0.012277 seconds
  Import took 0.017994 seconds .

========================================================================
Received Import Request.
  Time since last request: 0.000281 seconds.
  path: Assets/Tilemaps/Tile Asset/tileset-sliced_2.asset
  artifactKey: Guid(5d3f5cd0ac770c942bf818c302c17a4a) Importer(815301076,1909f56bfc062723c751e8b465ee728b)
Start importing Assets/Tilemaps/Tile Asset/tileset-sliced_2.asset using Guid(5d3f5cd0ac770c942bf818c302c17a4a) Importer(815301076,1909f56bfc062723c751e8b465ee728b)  -> (artifact id: 'f6ae551aa4c484a36cd16b3c828a4bc2') in 0.009760 seconds
  Import took 0.016433 seconds .

========================================================================
Received Import Request.
  Time since last request: 0.000305 seconds.
  path: Assets/Tilemaps/Tile Asset/tileset-sliced_28.asset
  artifactKey: Guid(d163ce72100c3394f8d84ed077fbb160) Importer(815301076,1909f56bfc062723c751e8b465ee728b)
Start importing Assets/Tilemaps/Tile Asset/tileset-sliced_28.asset using Guid(d163ce72100c3394f8d84ed077fbb160) Importer(815301076,1909f56bfc062723c751e8b465ee728b)  -> (artifact id: '3b447a6365f72c0e68dad6ece6bc6b84') in 0.014785 seconds
  Import took 0.020886 seconds .

========================================================================
Received Import Request.
  Time since last request: 0.000290 seconds.
  path: Assets/Tilemaps/Tile Asset/tileset-sliced_4.asset
  artifactKey: Guid(8538cc00df500144fba83ad967fed828) Importer(815301076,1909f56bfc062723c751e8b465ee728b)
Start importing Assets/Tilemaps/Tile Asset/tileset-sliced_4.asset using Guid(8538cc00df500144fba83ad967fed828) Importer(815301076,1909f56bfc062723c751e8b465ee728b)  -> (artifact id: '674cef954e92ab13c1a05eecd561f767') in 0.008746 seconds
  Import took 0.016268 seconds .

========================================================================
Received Import Request.
  Time since last request: 0.000559 seconds.
  path: Assets/Tilemaps/Tile Asset/tileset-sliced_6.asset
  artifactKey: Guid(0551d0391c31a8d4c92bf8af9d3acf28) Importer(815301076,1909f56bfc062723c751e8b465ee728b)
Start importing Assets/Tilemaps/Tile Asset/tileset-sliced_6.asset using Guid(0551d0391c31a8d4c92bf8af9d3acf28) Importer(815301076,1909f56bfc062723c751e8b465ee728b)  -> (artifact id: '38f48b7fb76c5498fc3bba58492d2da0') in 0.014670 seconds
  Import took 0.022319 seconds .

========================================================================
Received Import Request.
  Time since last request: 0.000279 seconds.
  path: Assets/Tilemaps/Tile Asset/tileset-sliced_7.asset
  artifactKey: Guid(d40870c674f97514ca7fd4bdea4327bf) Importer(815301076,1909f56bfc062723c751e8b465ee728b)
Start importing Assets/Tilemaps/Tile Asset/tileset-sliced_7.asset using Guid(d40870c674f97514ca7fd4bdea4327bf) Importer(815301076,1909f56bfc062723c751e8b465ee728b)  -> (artifact id: 'cb4287452e66dfe3efc675c10e7a792d') in 0.014629 seconds
  Import took 0.020489 seconds .

========================================================================
Received Import Request.
  Time since last request: 0.000283 seconds.
  path: Assets/Tilemaps/Tile Asset/tileset-sliced_19.asset
  artifactKey: Guid(74e121d3a2f1d1042a0b3e0d632c0f57) Importer(815301076,1909f56bfc062723c751e8b465ee728b)
Start importing Assets/Tilemaps/Tile Asset/tileset-sliced_19.asset using Guid(74e121d3a2f1d1042a0b3e0d632c0f57) Importer(815301076,1909f56bfc062723c751e8b465ee728b)  -> (artifact id: 'e48308314c0638539919bbf8e686beef') in 0.011552 seconds
  Import took 0.018411 seconds .

========================================================================
Received Import Request.
  Time since last request: 0.000248 seconds.
  path: Assets/Tilemaps/Tile Asset/tileset-sliced_11.asset
  artifactKey: Guid(6c912e80b3cfb0940b8002de0951685f) Importer(815301076,1909f56bfc062723c751e8b465ee728b)
Start importing Assets/Tilemaps/Tile Asset/tileset-sliced_11.asset using Guid(6c912e80b3cfb0940b8002de0951685f) Importer(815301076,1909f56bfc062723c751e8b465ee728b)  -> (artifact id: '45fd728163efd5561dc61b05d05d394e') in 0.011891 seconds
  Import took 0.017879 seconds .

========================================================================
Received Import Request.
  Time since last request: 0.000273 seconds.
  path: Assets/Tilemaps/Tile Asset/tileset-sliced_20.asset
  artifactKey: Guid(ee83b378f0109ab46bde7b1b041cdf35) Importer(815301076,1909f56bfc062723c751e8b465ee728b)
Start importing Assets/Tilemaps/Tile Asset/tileset-sliced_20.asset using Guid(ee83b378f0109ab46bde7b1b041cdf35) Importer(815301076,1909f56bfc062723c751e8b465ee728b)  -> (artifact id: '1d6eae7cdac7cf87d0735b43ac39e65d') in 0.014195 seconds
  Import took 0.021724 seconds .

========================================================================
Received Import Request.
  Time since last request: 0.000282 seconds.
  path: Assets/Tilemaps/Tile Asset/tileset-sliced_22.asset
  artifactKey: Guid(a3e3bcabd66a8bc4a95f65f6b7230485) Importer(815301076,1909f56bfc062723c751e8b465ee728b)
Start importing Assets/Tilemaps/Tile Asset/tileset-sliced_22.asset using Guid(a3e3bcabd66a8bc4a95f65f6b7230485) Importer(815301076,1909f56bfc062723c751e8b465ee728b)  -> (artifact id: '2178dba4d924b3021808b4b8e706931b') in 0.009298 seconds
  Import took 0.027488 seconds .

========================================================================
Received Import Request.
  Time since last request: 0.000347 seconds.
  path: Assets/Tilemaps/Tile Asset/tileset-sliced_13.asset
  artifactKey: Guid(0dea688d480dbf3488565eefca487c34) Importer(815301076,1909f56bfc062723c751e8b465ee728b)
Start importing Assets/Tilemaps/Tile Asset/tileset-sliced_13.asset using Guid(0dea688d480dbf3488565eefca487c34) Importer(815301076,1909f56bfc062723c751e8b465ee728b)  -> (artifact id: '85c9ff568890869c280c52372199e05a') in 0.010354 seconds
  Import took 0.018965 seconds .

========================================================================
Received Import Request.
  Time since last request: 0.000264 seconds.
  path: Assets/Tilemaps/Tile Asset/tileset-sliced_9.asset
  artifactKey: Guid(8d4e6b9dec7c48741ada0ad3dc2983ea) Importer(815301076,1909f56bfc062723c751e8b465ee728b)
Start importing Assets/Tilemaps/Tile Asset/tileset-sliced_9.asset using Guid(8d4e6b9dec7c48741ada0ad3dc2983ea) Importer(815301076,1909f56bfc062723c751e8b465ee728b)  -> (artifact id: 'a53794b2c808ac40f25d75a8f9b94a48') in 0.010463 seconds
  Import took 0.019640 seconds .

========================================================================
Received Import Request.
  Time since last request: 0.000276 seconds.
  path: Assets/Tilemaps/Tile Asset/tileset-sliced_8.asset
  artifactKey: Guid(5178eae1fe490ca4882dfe26210328c7) Importer(815301076,1909f56bfc062723c751e8b465ee728b)
Start importing Assets/Tilemaps/Tile Asset/tileset-sliced_8.asset using Guid(5178eae1fe490ca4882dfe26210328c7) Importer(815301076,1909f56bfc062723c751e8b465ee728b)  -> (artifact id: '965e4e9edefcef1fc17185d7cbdf19ad') in 0.011614 seconds
  Import took 0.019209 seconds .

========================================================================
Received Import Request.
  Time since last request: 172.951880 seconds.
  path: Assets/Prefabs/Lvl2
  artifactKey: Guid(2ec45d41e6e4f4e879cbb983227f8409) Importer(815301076,1909f56bfc062723c751e8b465ee728b)
Start importing Assets/Prefabs/Lvl2 using Guid(2ec45d41e6e4f4e879cbb983227f8409) Importer(815301076,1909f56bfc062723c751e8b465ee728b)  -> (artifact id: '6b220203b03f767014aff403f0490cf0') in 0.004748 seconds
  Import took 0.011379 seconds .

========================================================================
Received Import Request.
  Time since last request: 0.002374 seconds.
  path: Assets/Prefabs/Lvl2
  artifactKey: Guid(2ec45d41e6e4f4e879cbb983227f8409) Importer(815301076,1909f56bfc062723c751e8b465ee728b)
Start importing Assets/Prefabs/Lvl2 using Guid(2ec45d41e6e4f4e879cbb983227f8409) Importer(815301076,1909f56bfc062723c751e8b465ee728b)  -> (artifact id: '6b220203b03f767014aff403f0490cf0') in 0.001522 seconds
  Import took 0.007628 seconds .

========================================================================
Received Import Request.
  Time since last request: 0.050312 seconds.
  path: Assets/Prefabs/Lvl2/A_.prefab
  artifactKey: Guid(20afde8d475700b4ca9867a1a9fbd4cb) Importer(815301076,1909f56bfc062723c751e8b465ee728b)
Start importing Assets/Prefabs/Lvl2/A_.prefab using Guid(20afde8d475700b4ca9867a1a9fbd4cb) Importer(815301076,1909f56bfc062723c751e8b465ee728b)  -> (artifact id: '1027e1d29868fe1a52f807ada3191bc3') in 0.039004 seconds
  Import took 0.045339 seconds .

========================================================================
Received Import Request.
  Time since last request: 0.000473 seconds.
  path: Assets/Prefabs/Lvl2/Environment_collider.prefab
  artifactKey: Guid(ae75a5bdd17b249f2ab075d147a42e58) Importer(815301076,1909f56bfc062723c751e8b465ee728b)
Start importing Assets/Prefabs/Lvl2/Environment_collider.prefab using Guid(ae75a5bdd17b249f2ab075d147a42e58) Importer(815301076,1909f56bfc062723c751e8b465ee728b)  -> (artifact id: '622751cabcf8ecf3966cbc3b3a5cdee8') in 0.008167 seconds
  Import took 0.014174 seconds .

========================================================================
Received Import Request.
  Time since last request: 0.000366 seconds.
  path: Assets/Prefabs/Lvl2/Enemy.prefab
  artifactKey: Guid(9957b62cd50da44378bc264f00f46a45) Importer(815301076,1909f56bfc062723c751e8b465ee728b)
Start importing Assets/Prefabs/Lvl2/Enemy.prefab using Guid(9957b62cd50da44378bc264f00f46a45) Importer(815301076,1909f56bfc062723c751e8b465ee728b)  -> (artifact id: 'cbfb0a847ba0c42c044969b23b7e2b74') in 0.130124 seconds
  Import took 0.137307 seconds .

========================================================================
Received Import Request.
  Time since last request: 0.000329 seconds.
  path: Assets/Prefabs/Lvl2/Cherry.prefab
  artifactKey: Guid(0a7013ad7d35d4224bc987ba567ca624) Importer(815301076,1909f56bfc062723c751e8b465ee728b)
Start importing Assets/Prefabs/Lvl2/Cherry.prefab using Guid(0a7013ad7d35d4224bc987ba567ca624) Importer(815301076,1909f56bfc062723c751e8b465ee728b)  -> (artifact id: 'd854d2a1bc21fe11c9207f48d03b2bda') in 0.057282 seconds
  Import took 0.062688 seconds .

========================================================================
Received Import Request.
  Time since last request: 0.000366 seconds.
  path: Assets/Prefabs/Lvl2/CM vcam1.prefab
  artifactKey: Guid(7e5dd1869f4b3244e89eb8e0d4d0af46) Importer(815301076,1909f56bfc062723c751e8b465ee728b)
Start importing Assets/Prefabs/Lvl2/CM vcam1.prefab using Guid(7e5dd1869f4b3244e89eb8e0d4d0af46) Importer(815301076,1909f56bfc062723c751e8b465ee728b)  -> (artifact id: '7dc0a6eb404c3a13382ff6c33b11555b') in 0.016380 seconds
  Import took 0.023081 seconds .

========================================================================
Received Import Request.
  Time since last request: 0.000273 seconds.
  path: Assets/Prefabs/Lvl2/Cave.prefab
  artifactKey: Guid(49bd64e4d3e3745e985cdc1167e74325) Importer(815301076,1909f56bfc062723c751e8b465ee728b)
Start importing Assets/Prefabs/Lvl2/Cave.prefab using Guid(49bd64e4d3e3745e985cdc1167e74325) Importer(815301076,1909f56bfc062723c751e8b465ee728b)  -> (artifact id: '1e91a1043939d729b6be2bfe187cd2f7') in 0.015718 seconds
  Import took 0.023415 seconds .

========================================================================
Received Import Request.
  Time since last request: 0.000225 seconds.
  path: Assets/Prefabs/Lvl2/Key.prefab
  artifactKey: Guid(9735c3209344b41999ec3228738c7709) Importer(815301076,1909f56bfc062723c751e8b465ee728b)
Start importing Assets/Prefabs/Lvl2/Key.prefab using Guid(9735c3209344b41999ec3228738c7709) Importer(815301076,1909f56bfc062723c751e8b465ee728b)  -> (artifact id: 'e17f18903377a74f408843b3a795acb9') in 0.018689 seconds
  Import took 0.027167 seconds .

========================================================================
Received Import Request.
  Time since last request: 0.000359 seconds.
  path: Assets/Prefabs/Lvl2/WaypointLeft.prefab
  artifactKey: Guid(83075537465622a4ca6d307c7607c4ed) Importer(815301076,1909f56bfc062723c751e8b465ee728b)
Start importing Assets/Prefabs/Lvl2/WaypointLeft.prefab using Guid(83075537465622a4ca6d307c7607c4ed) Importer(815301076,1909f56bfc062723c751e8b465ee728b)  -> (artifact id: '975b868a2f316d5954b6e2b9b2ee799d') in 0.008696 seconds
  Import took 0.015166 seconds .

========================================================================
Received Import Request.
  Time since last request: 0.000338 seconds.
  path: Assets/Prefabs/Lvl2/LadderCollider.prefab
  artifactKey: Guid(d78327a46a3534ac3b7e7b0f36ffdf9a) Importer(815301076,1909f56bfc062723c751e8b465ee728b)
Start importing Assets/Prefabs/Lvl2/LadderCollider.prefab using Guid(d78327a46a3534ac3b7e7b0f36ffdf9a) Importer(815301076,1909f56bfc062723c751e8b465ee728b)  -> (artifact id: '9c823cefabd5c6338f461bed123eb04f') in 0.010222 seconds
  Import took 0.016379 seconds .

========================================================================
Received Import Request.
  Time since last request: 0.000257 seconds.
  path: Assets/Prefabs/Lvl2/Tilemap_BG.prefab
  artifactKey: Guid(4bc52510d8c259a40bde69471bef1d1f) Importer(815301076,1909f56bfc062723c751e8b465ee728b)
Start importing Assets/Prefabs/Lvl2/Tilemap_BG.prefab using Guid(4bc52510d8c259a40bde69471bef1d1f) Importer(815301076,1909f56bfc062723c751e8b465ee728b)  -> (artifact id: '0b5b9fe8d9fc34ca356ab407101105df') in 0.009326 seconds
  Import took 0.015682 seconds .

========================================================================
Received Import Request.
  Time since last request: 0.000349 seconds.
  path: Assets/Prefabs/Lvl2/GruzMother.prefab
  artifactKey: Guid(dddafd52c057f49ab9abb74cf5c4e8ee) Importer(815301076,1909f56bfc062723c751e8b465ee728b)
Start importing Assets/Prefabs/Lvl2/GruzMother.prefab using Guid(dddafd52c057f49ab9abb74cf5c4e8ee) Importer(815301076,1909f56bfc062723c751e8b465ee728b)  -> (artifact id: 'b986f06d124ac03c61fe7de2db1ed89a') in 0.049716 seconds
  Import took 0.056264 seconds .

========================================================================
Received Import Request.
  Time since last request: 0.000273 seconds.
  path: Assets/Prefabs/Lvl2/Frog.prefab
  artifactKey: Guid(1ad7001529554fd4f9b4bbdfed4cca7c) Importer(815301076,1909f56bfc062723c751e8b465ee728b)
Start importing Assets/Prefabs/Lvl2/Frog.prefab using Guid(1ad7001529554fd4f9b4bbdfed4cca7c) Importer(815301076,1909f56bfc062723c751e8b465ee728b)  -> (artifact id: '069e0a6bd20e4e81ffb6ea57b45e8a45') in 0.035856 seconds
  Import took 0.041638 seconds .

========================================================================
Received Import Request.
  Time since last request: 0.000296 seconds.
  path: Assets/Prefabs/Lvl2/Path.prefab
  artifactKey: Guid(579554e31ea044fb58788718fe5062d3) Importer(815301076,1909f56bfc062723c751e8b465ee728b)
Start importing Assets/Prefabs/Lvl2/Path.prefab using Guid(579554e31ea044fb58788718fe5062d3) Importer(815301076,1909f56bfc062723c751e8b465ee728b)  -> (artifact id: '1125e7933a6d448b44492ef0b873f130') in 0.007405 seconds
  Import took 0.013597 seconds .

========================================================================
Received Import Request.
  Time since last request: 0.000333 seconds.
  path: Assets/Prefabs/Lvl2/WaypointRight.prefab
  artifactKey: Guid(dbb8904cf19889b46bf1b089bd12bc29) Importer(815301076,1909f56bfc062723c751e8b465ee728b)
Start importing Assets/Prefabs/Lvl2/WaypointRight.prefab using Guid(dbb8904cf19889b46bf1b089bd12bc29) Importer(815301076,1909f56bfc062723c751e8b465ee728b)  -> (artifact id: 'fa8c0e23c99f9b7dae456c7e7c312f4e') in 0.007106 seconds
  Import took 0.015401 seconds .

========================================================================
Received Import Request.
  Time since last request: 0.000277 seconds.
  path: Assets/Prefabs/Lvl2/Collectable.prefab
  artifactKey: Guid(0cac303c2762a4646abedcb7e7d53b2b) Importer(815301076,1909f56bfc062723c751e8b465ee728b)
Start importing Assets/Prefabs/Lvl2/Collectable.prefab using Guid(0cac303c2762a4646abedcb7e7d53b2b) Importer(815301076,1909f56bfc062723c751e8b465ee728b)  -> (artifact id: '2aa00c6fb2989b5b0d49fbfc0605700d') in 0.041303 seconds
  Import took 0.047644 seconds .

========================================================================
Received Import Request.
  Time since last request: 0.000835 seconds.
  path: Assets/Prefabs/Lvl2/Background.prefab
  artifactKey: Guid(ac6c6b52c071a69438889d44c69e9564) Importer(815301076,1909f56bfc062723c751e8b465ee728b)
Start importing Assets/Prefabs/Lvl2/Background.prefab using Guid(ac6c6b52c071a69438889d44c69e9564) Importer(815301076,1909f56bfc062723c751e8b465ee728b)  -> (artifact id: '49ff11c66b0131ab080715c8b777f123') in 0.005224 seconds
  Import took 0.014394 seconds .

========================================================================
Received Import Request.
  Time since last request: 0.000373 seconds.
  path: Assets/Prefabs/Lvl2/WeatherManager.prefab
  artifactKey: Guid(6aea89ab270784e1880f5ed8c703642f) Importer(815301076,1909f56bfc062723c751e8b465ee728b)
Start importing Assets/Prefabs/Lvl2/WeatherManager.prefab using Guid(6aea89ab270784e1880f5ed8c703642f) Importer(815301076,1909f56bfc062723c751e8b465ee728b)  -> (artifact id: '22238c6f7f55b7801c4aaf640bbf8716') in 0.015328 seconds
  Import took 0.023050 seconds .

========================================================================
Received Import Request.
  Time since last request: 0.000246 seconds.
  path: Assets/Prefabs/Lvl2/Directional Light.prefab
  artifactKey: Guid(975d31fd160c84c4db2ebaa0916100a8) Importer(815301076,1909f56bfc062723c751e8b465ee728b)
Start importing Assets/Prefabs/Lvl2/Directional Light.prefab using Guid(975d31fd160c84c4db2ebaa0916100a8) Importer(815301076,1909f56bfc062723c751e8b465ee728b)  -> (artifact id: 'd706d55835367c81bf940e9c3b184b74') in 0.009787 seconds
  Import took 0.031130 seconds .

========================================================================
Received Import Request.
  Time since last request: 0.000291 seconds.
  path: Assets/Prefabs/Lvl2/fk-fireball.prefab
  artifactKey: Guid(021bf22787df2411785022beba4a4fde) Importer(815301076,1909f56bfc062723c751e8b465ee728b)
Start importing Assets/Prefabs/Lvl2/fk-fireball.prefab using Guid(021bf22787df2411785022beba4a4fde) Importer(815301076,1909f56bfc062723c751e8b465ee728b)  -> (artifact id: '241afb575db67ab910a856f2484034b5') in 0.030713 seconds
  Import took 0.038083 seconds .

========================================================================
Received Import Request.
  Time since last request: 0.000332 seconds.
  path: Assets/Prefabs/Lvl2/GameObject.prefab
  artifactKey: Guid(2c922a5f08911a048aafc3442db39a7e) Importer(815301076,1909f56bfc062723c751e8b465ee728b)
Start importing Assets/Prefabs/Lvl2/GameObject.prefab using Guid(2c922a5f08911a048aafc3442db39a7e) Importer(815301076,1909f56bfc062723c751e8b465ee728b)  -> (artifact id: '9b8171a40f81c2694bd0b54237938aad') in 0.010175 seconds
  Import took 0.018238 seconds .

========================================================================
Received Import Request.
  Time since last request: 0.000256 seconds.
  path: Assets/Prefabs/Lvl2/BigBoss.prefab
  artifactKey: Guid(feb28242c07b13f4f8fbd9cf9d849ea2) Importer(815301076,1909f56bfc062723c751e8b465ee728b)
Start importing Assets/Prefabs/Lvl2/BigBoss.prefab using Guid(feb28242c07b13f4f8fbd9cf9d849ea2) Importer(815301076,1909f56bfc062723c751e8b465ee728b)  -> (artifact id: '4b6f9d1a8c9740174594ce8232a61508') in 0.208065 seconds
  Import took 0.215256 seconds .

========================================================================
Received Import Request.
  Time since last request: 0.000366 seconds.
  path: Assets/Prefabs/Lvl2/collider.prefab
  artifactKey: Guid(f28f3187da6784df9a49490b94c02ed4) Importer(815301076,1909f56bfc062723c751e8b465ee728b)
Start importing Assets/Prefabs/Lvl2/collider.prefab using Guid(f28f3187da6784df9a49490b94c02ed4) Importer(815301076,1909f56bfc062723c751e8b465ee728b)  -> (artifact id: 'aae5531e6685ab289160a1933cb5e399') in 0.007695 seconds
  Import took 0.014469 seconds .

========================================================================
Received Import Request.
  Time since last request: 0.000322 seconds.
  path: Assets/Prefabs/Lvl2/False Knight.prefab
  artifactKey: Guid(9a5e7c4cbf3d34d33b98a4346fa38114) Importer(815301076,1909f56bfc062723c751e8b465ee728b)
Start importing Assets/Prefabs/Lvl2/False Knight.prefab using Guid(9a5e7c4cbf3d34d33b98a4346fa38114) Importer(815301076,1909f56bfc062723c751e8b465ee728b)  -> (artifact id: 'e0b6e6663ee349980cc4b8b54e9071a0') in 0.086608 seconds
  Import took 0.093141 seconds .

========================================================================
Received Import Request.
  Time since last request: 0.000283 seconds.
  path: Assets/Prefabs/Lvl2/EventSystem.prefab
  artifactKey: Guid(2a5d5dd75a03372479dbf3e3790b4a4d) Importer(815301076,1909f56bfc062723c751e8b465ee728b)
Start importing Assets/Prefabs/Lvl2/EventSystem.prefab using Guid(2a5d5dd75a03372479dbf3e3790b4a4d) Importer(815301076,1909f56bfc062723c751e8b465ee728b)  -> (artifact id: '244047aee9afe4316c43371cdd76377e') in 0.009455 seconds
  Import took 0.016878 seconds .

========================================================================
Received Import Request.
  Time since last request: 0.000266 seconds.
  path: Assets/Prefabs/Lvl2/RockSpawnArea.prefab
  artifactKey: Guid(c8cfe6af7d570479a8e2c244b33a222b) Importer(815301076,1909f56bfc062723c751e8b465ee728b)
Start importing Assets/Prefabs/Lvl2/RockSpawnArea.prefab using Guid(c8cfe6af7d570479a8e2c244b33a222b) Importer(815301076,1909f56bfc062723c751e8b465ee728b)  -> (artifact id: 'bbd097f41b8d60046b1c6afdaa6c8074') in 0.009676 seconds
  Import took 0.018505 seconds .

========================================================================
Received Import Request.
  Time since last request: 0.000345 seconds.
  path: Assets/Prefabs/Lvl2/Eagle.prefab
  artifactKey: Guid(c776278c8bf04db428cf576598127135) Importer(815301076,1909f56bfc062723c751e8b465ee728b)
Start importing Assets/Prefabs/Lvl2/Eagle.prefab using Guid(c776278c8bf04db428cf576598127135) Importer(815301076,1909f56bfc062723c751e8b465ee728b)  -> (artifact id: '66ac1a64e72b2d2167dabdcf26e2442e') in 0.026669 seconds
  Import took 0.033868 seconds .

========================================================================
Received Import Request.
  Time since last request: 0.000303 seconds.
  path: Assets/Prefabs/Lvl2/Level.prefab
  artifactKey: Guid(62ceab1401bf60848885afb05114d0bc) Importer(815301076,1909f56bfc062723c751e8b465ee728b)
Start importing Assets/Prefabs/Lvl2/Level.prefab using Guid(62ceab1401bf60848885afb05114d0bc) Importer(815301076,1909f56bfc062723c751e8b465ee728b)  -> (artifact id: 'a224468543fdb0ecf4492a5ee843b801') in 0.012641 seconds
  Import took 0.019620 seconds .

========================================================================
Received Import Request.
  Time since last request: 0.000333 seconds.
  path: Assets/Prefabs/Lvl2/Main Camera.prefab
  artifactKey: Guid(94c54ae921f157d459740a2e44649df7) Importer(815301076,1909f56bfc062723c751e8b465ee728b)
Start importing Assets/Prefabs/Lvl2/Main Camera.prefab using Guid(94c54ae921f157d459740a2e44649df7) Importer(815301076,1909f56bfc062723c751e8b465ee728b)  -> (artifact id: '0ccef86898ebb19a86b6a3ad10806b2d') in 0.023658 seconds
  Import took 0.031058 seconds .

========================================================================
Received Import Request.
  Time since last request: 0.000291 seconds.
  path: Assets/Prefabs/Lvl2/PlayerUI.prefab
  artifactKey: Guid(279a4ea932083ef40a582f19c51d00d8) Importer(815301076,1909f56bfc062723c751e8b465ee728b)
Start importing Assets/Prefabs/Lvl2/PlayerUI.prefab using Guid(279a4ea932083ef40a582f19c51d00d8) Importer(815301076,1909f56bfc062723c751e8b465ee728b)  -> (artifact id: '204768feb3c1d9bcc08e17088d1e86aa') in 0.212051 seconds
  Import took 0.218447 seconds .

========================================================================
Received Import Request.
  Time since last request: 0.000347 seconds.
  path: Assets/Prefabs/Lvl2/CollectableHolder.prefab
  artifactKey: Guid(4b91caf03837e4b4bb84190b451bc6ae) Importer(815301076,1909f56bfc062723c751e8b465ee728b)
Start importing Assets/Prefabs/Lvl2/CollectableHolder.prefab using Guid(4b91caf03837e4b4bb84190b451bc6ae) Importer(815301076,1909f56bfc062723c751e8b465ee728b)  -> (artifact id: 'c6831e428ffdb04cdb97cbc0501991d5') in 0.019510 seconds
  Import took 0.028528 seconds .

========================================================================
Received Prepare
Registering precompiled user dll's ...
Registered in 0.004154 seconds.
Begin MonoManager ReloadAssembly
Native extension for WindowsStandalone target not found
Refreshing native plugins compatible for Editor in 0.84 ms, found 3 plugins.
Preloading 0 native plugins for Editor in 0.00 ms.
Mono: successfully reloaded assembly
- Completed reload, in  1.089 seconds
Platform modules already initialized, skipping
Shader 'WFX/Transparent Diffuse': fallback shader 'Particles/Alpha Blended' not found
Shader 'Universal Render Pipeline/Particles/Lit': fallback shader 'Universal Render Pipeline/Particles/SimpleLit' not found
Shader 'WFX/Transparent Specular': fallback shader 'Particles/Alpha Blended' not found
Refreshing native plugins compatible for Editor in 0.83 ms, found 3 plugins.
Preloading 0 native plugins for Editor in 0.00 ms.
Unloading 3491 Unused Serialized files (Serialized files now loaded: 0)
System memory in use before: 234.9 MB.
System memory in use after: 235.2 MB.

Unloading 21 unused Assets to reduce memory usage. Loaded Objects now: 4398.
Total: 3.189700 ms (FindLiveObjects: 0.358400 ms CreateObjectMapping: 0.179600 ms MarkObjects: 2.630400 ms  DeleteObjects: 0.020200 ms)

========================================================================
Received Import Request.
  Time since last request: 56.368569 seconds.
  path: Assets/Prefabs/Lvl3/Platform1.prefab
  artifactKey: Guid(4940f20bba78fec4683f7801cde6e00e) Importer(815301076,1909f56bfc062723c751e8b465ee728b)
Start importing Assets/Prefabs/Lvl3/Platform1.prefab using Guid(4940f20bba78fec4683f7801cde6e00e) Importer(815301076,1909f56bfc062723c751e8b465ee728b)  -> (artifact id: '6a2ca9a03310be2fab29fbd2634af2e3') in 0.146347 seconds
  Import took 0.154760 seconds .

========================================================================
Received Import Request.
  Time since last request: 82.192054 seconds.
  path: Assets/Scenes/Lvl3.unity
  artifactKey: Guid(addad00407c65684dadf1b360c502374) Importer(815301076,1909f56bfc062723c751e8b465ee728b)
Start importing Assets/Scenes/Lvl3.unity using Guid(addad00407c65684dadf1b360c502374) Importer(815301076,1909f56bfc062723c751e8b465ee728b)  -> (artifact id: '5e5737af4ee94eca7c9e7996da09eee2') in 0.002747 seconds
  Import took 0.009852 seconds .

========================================================================
Received Import Request.
  Time since last request: 9.478336 seconds.
  path: Assets/Scenes/SampleScene.unity
  artifactKey: Guid(9fc0d4010bbf28b4594072e72b8655ab) Importer(815301076,1909f56bfc062723c751e8b465ee728b)
Start importing Assets/Scenes/SampleScene.unity using Guid(9fc0d4010bbf28b4594072e72b8655ab) Importer(815301076,1909f56bfc062723c751e8b465ee728b)  -> (artifact id: '6f44cde2045efa15526edc24356d3f54') in 0.005742 seconds
  Import took 0.012861 seconds .

========================================================================
Received Prepare
Registering precompiled user dll's ...
Registered in 0.004050 seconds.
Begin MonoManager ReloadAssembly
Native extension for WindowsStandalone target not found
Refreshing native plugins compatible for Editor in 1.34 ms, found 3 plugins.
Preloading 0 native plugins for Editor in 0.00 ms.
Mono: successfully reloaded assembly
- Completed reload, in  1.118 seconds
Platform modules already initialized, skipping
Shader 'WFX/Transparent Diffuse': fallback shader 'Particles/Alpha Blended' not found
Shader 'Universal Render Pipeline/Particles/Lit': fallback shader 'Universal Render Pipeline/Particles/SimpleLit' not found
Shader 'WFX/Transparent Specular': fallback shader 'Particles/Alpha Blended' not found
Refreshing native plugins compatible for Editor in 0.87 ms, found 3 plugins.
Preloading 0 native plugins for Editor in 0.00 ms.
Unloading 3491 Unused Serialized files (Serialized files now loaded: 0)
System memory in use before: 235.1 MB.
System memory in use after: 235.3 MB.

Unloading 21 unused Assets to reduce memory usage. Loaded Objects now: 4438.
Total: 3.485500 ms (FindLiveObjects: 0.414300 ms CreateObjectMapping: 0.196400 ms MarkObjects: 2.849500 ms  DeleteObjects: 0.024200 ms)

========================================================================
Received Import Request.
  Time since last request: 10.157325 seconds.
  path: Assets/Scenes/SampleScene.unity
  artifactKey: Guid(9fc0d4010bbf28b4594072e72b8655ab) Importer(815301076,1909f56bfc062723c751e8b465ee728b)
Start importing Assets/Scenes/SampleScene.unity using Guid(9fc0d4010bbf28b4594072e72b8655ab) Importer(815301076,1909f56bfc062723c751e8b465ee728b)  -> (artifact id: '3094d69d002e225b6d18f15b030c3134') in 0.018514 seconds
  Import took 0.026389 seconds .

========================================================================
Received Prepare
Registering precompiled user dll's ...
Registered in 0.004195 seconds.
Begin MonoManager ReloadAssembly
Native extension for WindowsStandalone target not found
Refreshing native plugins compatible for Editor in 0.81 ms, found 3 plugins.
Preloading 0 native plugins for Editor in 0.00 ms.
Mono: successfully reloaded assembly
- Completed reload, in  1.068 seconds
Platform modules already initialized, skipping
Shader 'WFX/Transparent Diffuse': fallback shader 'Particles/Alpha Blended' not found
Shader 'Universal Render Pipeline/Particles/Lit': fallback shader 'Universal Render Pipeline/Particles/SimpleLit' not found
Shader 'WFX/Transparent Specular': fallback shader 'Particles/Alpha Blended' not found
Refreshing native plugins compatible for Editor in 0.82 ms, found 3 plugins.
Preloading 0 native plugins for Editor in 0.00 ms.
Unloading 3491 Unused Serialized files (Serialized files now loaded: 0)
System memory in use before: 235.1 MB.
System memory in use after: 235.3 MB.

Unloading 21 unused Assets to reduce memory usage. Loaded Objects now: 4441.
Total: 3.207500 ms (FindLiveObjects: 0.356900 ms CreateObjectMapping: 0.177600 ms MarkObjects: 2.651100 ms  DeleteObjects: 0.021000 ms)

AssetImportWorkerClient::OnTransportError - code=2 error=End of file
