Using pre-set license
Built from '2020.3/staging' branch; Version is '2020.3.11f1 (99c7afb366b3) revision 10078127'; Using compiler version '192528614'; Build Type 'Release'
OS: 'Windows 10 Pro; OS build 19042.1165; Version 2009; 64bit' Language: 'en' Physical Memory: 7986 MB
BatchMode: 1, IsHumanControllingUs: 0, StartBugReporterOnCrash: 0, Is64bit: 1, IsPro: 0

 COMMAND LINE ARGUMENTS:
C:\Program Files\Unity\Hub\Editor\2020.3.11f1\Editor\Unity.exe
-adb2
-batchMode
-noUpm
-name
AssetImportWorker2
-projectPath
D:/PWGE-Assignment
-logFile
Logs/AssetImportWorker2.log
-srvPort
63525
Successfully changed project path to: D:/PWGE-Assignment
D:/PWGE-Assignment
Using Asset Import Pipeline V2.
Refreshing native plugins compatible for Editor in 76.53 ms, found 3 plugins.
Preloading 0 native plugins for Editor in 0.00 ms.
Initialize engine version: 2020.3.11f1 (99c7afb366b3)
[Subsystems] Discovering subsystems at path C:/Program Files/Unity/Hub/Editor/2020.3.11f1/Editor/Data/Resources/UnitySubsystems
[Subsystems] Discovering subsystems at path D:/PWGE-Assignment/Assets
GfxDevice: creating device client; threaded=0
Direct3D:
    Version:  Direct3D 11.0 [level 11.1]
    Renderer: NVIDIA GeForce GTX 1050 (ID=0x1c8d)
    Vendor:   
    VRAM:     4019 MB
    Driver:   27.21.14.6231
Shader 'Universal Render Pipeline/Particles/Lit': fallback shader 'Universal Render Pipeline/Particles/SimpleLit' not found
Shader 'WFX/Transparent Specular': fallback shader 'Particles/Alpha Blended' not found
Shader 'WFX/Transparent Diffuse': fallback shader 'Particles/Alpha Blended' not found
Initialize mono
Mono path[0] = 'C:/Program Files/Unity/Hub/Editor/2020.3.11f1/Editor/Data/Managed'
Mono path[1] = 'C:/Program Files/Unity/Hub/Editor/2020.3.11f1/Editor/Data/MonoBleedingEdge/lib/mono/unityjit'
Mono config path = 'C:/Program Files/Unity/Hub/Editor/2020.3.11f1/Editor/Data/MonoBleedingEdge/etc'
Using monoOptions --debugger-agent=transport=dt_socket,embedding=1,server=y,suspend=n,address=127.0.0.1:56328
Begin MonoManager ReloadAssembly
Registering precompiled unity dll's ...
Register platform support module: C:/Program Files/Unity/Hub/Editor/2020.3.11f1/Editor/Data/PlaybackEngines/WindowsStandaloneSupport/UnityEditor.WindowsStandalone.Extensions.dll
Registered in 0.002171 seconds.
Native extension for WindowsStandalone target not found
Refreshing native plugins compatible for Editor in 75.01 ms, found 3 plugins.
Preloading 0 native plugins for Editor in 0.00 ms.
Mono: successfully reloaded assembly
- Completed reload, in  1.000 seconds
Platform modules already initialized, skipping
Registering precompiled user dll's ...
Registered in 0.003948 seconds.
Begin MonoManager ReloadAssembly
Native extension for WindowsStandalone target not found
Refreshing native plugins compatible for Editor in 75.83 ms, found 3 plugins.
Preloading 0 native plugins for Editor in 0.00 ms.
Mono: successfully reloaded assembly
- Completed reload, in  3.357 seconds
Platform modules already initialized, skipping
========================================================================
Worker process is ready to serve import requests
Shader 'WFX/Transparent Diffuse': fallback shader 'Particles/Alpha Blended' not found
Shader 'Universal Render Pipeline/Particles/Lit': fallback shader 'Universal Render Pipeline/Particles/SimpleLit' not found
Shader 'WFX/Transparent Specular': fallback shader 'Particles/Alpha Blended' not found
Launched and connected shader compiler UnityShaderCompiler.exe after 0.07 seconds
Refreshing native plugins compatible for Editor in 0.81 ms, found 3 plugins.
Preloading 0 native plugins for Editor in 0.00 ms.
Unloading 3676 Unused Serialized files (Serialized files now loaded: 0)
System memory in use before: 241.6 MB.
System memory in use after: 241.8 MB.

Unloading 32 unused Assets to reduce memory usage. Loaded Objects now: 4136.
Total: 2.780500 ms (FindLiveObjects: 0.351300 ms CreateObjectMapping: 0.163000 ms MarkObjects: 2.175600 ms  DeleteObjects: 0.089600 ms)

========================================================================
Received Import Request.
  path: Assets/EffectExamples/SmokeTrail.mat
  artifactKey: Guid(85320f50710fcfb4d886bc56151bea1b) Importer(815301076,1909f56bfc062723c751e8b465ee728b)
Start importing Assets/EffectExamples/SmokeTrail.mat using Guid(85320f50710fcfb4d886bc56151bea1b) Importer(815301076,1909f56bfc062723c751e8b465ee728b)  -> (artifact id: '56cd29b6f02d25040e8d5290b6a72ef2') in 0.350889 seconds
  Import took 0.356383 seconds .

========================================================================
Received Import Request.
  Time since last request: 0.000329 seconds.
  path: Assets/EffectExamples/Readme.asset
  artifactKey: Guid(83c2ed844a8c74b779a4c823d16594b1) Importer(815301076,1909f56bfc062723c751e8b465ee728b)
Start importing Assets/EffectExamples/Readme.asset using Guid(83c2ed844a8c74b779a4c823d16594b1) Importer(815301076,1909f56bfc062723c751e8b465ee728b)  -> (artifact id: '2316dd0e1fe5699845c912dfe2996027') in 0.010558 seconds
  Import took 0.016718 seconds .

========================================================================
Received Import Request.
  Time since last request: 609.264393 seconds.
  path: Assets/Scenes/SampleScene.unity
  artifactKey: Guid(9fc0d4010bbf28b4594072e72b8655ab) Importer(815301076,1909f56bfc062723c751e8b465ee728b)
Start importing Assets/Scenes/SampleScene.unity using Guid(9fc0d4010bbf28b4594072e72b8655ab) Importer(815301076,1909f56bfc062723c751e8b465ee728b)  -> (artifact id: 'f9249b5c52f0464480f0f46bddf815e5') in 0.010887 seconds
  Import took 0.018950 seconds .

========================================================================
Received Import Request.
  Time since last request: 0.002460 seconds.
  path: Assets/Scenes/SampleScene.unity
  artifactKey: Guid(9fc0d4010bbf28b4594072e72b8655ab) Importer(815301076,1909f56bfc062723c751e8b465ee728b)
Start importing Assets/Scenes/SampleScene.unity using Guid(9fc0d4010bbf28b4594072e72b8655ab) Importer(815301076,1909f56bfc062723c751e8b465ee728b)  -> (artifact id: 'f9249b5c52f0464480f0f46bddf815e5') in 0.159215 seconds
  Import took 0.166796 seconds .

========================================================================
Received Prepare
Registering precompiled user dll's ...
Registered in 0.008585 seconds.
Begin MonoManager ReloadAssembly
Native extension for WindowsStandalone target not found
Refreshing native plugins compatible for Editor in 0.81 ms, found 3 plugins.
Preloading 0 native plugins for Editor in 0.00 ms.
Mono: successfully reloaded assembly
- Completed reload, in  2.859 seconds
Platform modules already initialized, skipping
Shader 'WFX/Transparent Diffuse': fallback shader 'Particles/Alpha Blended' not found
Shader 'Universal Render Pipeline/Particles/Lit': fallback shader 'Universal Render Pipeline/Particles/SimpleLit' not found
Shader 'WFX/Transparent Specular': fallback shader 'Particles/Alpha Blended' not found
Refreshing native plugins compatible for Editor in 1.01 ms, found 3 plugins.
Preloading 0 native plugins for Editor in 0.00 ms.
Unloading 3493 Unused Serialized files (Serialized files now loaded: 0)
System memory in use before: 232.6 MB.
System memory in use after: 232.9 MB.

Unloading 21 unused Assets to reduce memory usage. Loaded Objects now: 4217.
Total: 3.168300 ms (FindLiveObjects: 0.380900 ms CreateObjectMapping: 0.220300 ms MarkObjects: 2.542200 ms  DeleteObjects: 0.023400 ms)

========================================================================
Received Import Request.
  Time since last request: 278.604716 seconds.
  path: Assets/Scenes/Menu.unity
  artifactKey: Guid(5a4a12ff415a7419ab5ba5f3549da51c) Importer(815301076,1909f56bfc062723c751e8b465ee728b)
Start importing Assets/Scenes/Menu.unity using Guid(5a4a12ff415a7419ab5ba5f3549da51c) Importer(815301076,1909f56bfc062723c751e8b465ee728b)  -> (artifact id: '028f5387500cf68b6563cf12987f084e') in 0.077674 seconds
  Import took 0.185525 seconds .

========================================================================
Received Import Request.
  Time since last request: 4.630892 seconds.
  path: Assets/Prefabs/BabyDino.prefab
  artifactKey: Guid(55041c84c891d444da9c0805efd95cce) Importer(815301076,1909f56bfc062723c751e8b465ee728b)
Start importing Assets/Prefabs/BabyDino.prefab using Guid(55041c84c891d444da9c0805efd95cce) Importer(815301076,1909f56bfc062723c751e8b465ee728b)  -> (artifact id: '18f875785fa759b669b9f55b47bd2a63') in 0.455095 seconds
  Import took 0.462550 seconds .

========================================================================
Received Import Request.
  Time since last request: 0.000353 seconds.
  path: Assets/Prefabs/Player 1.prefab
  artifactKey: Guid(0d00c081a9cf94e488217a1e4d99d1b0) Importer(815301076,1909f56bfc062723c751e8b465ee728b)
Start importing Assets/Prefabs/Player 1.prefab using Guid(0d00c081a9cf94e488217a1e4d99d1b0) Importer(815301076,1909f56bfc062723c751e8b465ee728b)  -> (artifact id: 'd429b3f1e31c553c8355a2624fa20b7f') in 0.061571 seconds
  Import took 0.069922 seconds .

========================================================================
Received Import Request.
  Time since last request: 0.000379 seconds.
  path: Assets/Prefabs/Drake.prefab
  artifactKey: Guid(c8874ea189abdd24cb02731583929490) Importer(815301076,1909f56bfc062723c751e8b465ee728b)
Start importing Assets/Prefabs/Drake.prefab using Guid(c8874ea189abdd24cb02731583929490) Importer(815301076,1909f56bfc062723c751e8b465ee728b)  -> (artifact id: '2c675e72b8f5886779a8bee4c02cef48') in 0.079241 seconds
  Import took 0.120552 seconds .

========================================================================
Received Import Request.
  Time since last request: 0.000522 seconds.
  path: Assets/Prefabs/Platform1.prefab
  artifactKey: Guid(4940f20bba78fec4683f7801cde6e00e) Importer(815301076,1909f56bfc062723c751e8b465ee728b)
Start importing Assets/Prefabs/Platform1.prefab using Guid(4940f20bba78fec4683f7801cde6e00e) Importer(815301076,1909f56bfc062723c751e8b465ee728b)  -> (artifact id: 'fc9eeb253db85827e65ba1b212876014') in 0.022424 seconds
  Import took 0.111838 seconds .

========================================================================
Received Import Request.
  Time since last request: 0.000319 seconds.
  path: Assets/Prefabs/Cave Background.prefab
  artifactKey: Guid(9363032c50053bc4ba43f0a223c49f84) Importer(815301076,1909f56bfc062723c751e8b465ee728b)
Start importing Assets/Prefabs/Cave Background.prefab using Guid(9363032c50053bc4ba43f0a223c49f84) Importer(815301076,1909f56bfc062723c751e8b465ee728b)  -> (artifact id: '1e1d4ab994d1a87b4f67e04a7df84aa7') in 0.043157 seconds
  Import took 0.050709 seconds .

========================================================================
Received Import Request.
  Time since last request: 0.000334 seconds.
  path: Assets/Prefabs/GreenDino.prefab
  artifactKey: Guid(7fcdc0f677ee0fd42a8fa18a51c5fdbe) Importer(815301076,1909f56bfc062723c751e8b465ee728b)
Start importing Assets/Prefabs/GreenDino.prefab using Guid(7fcdc0f677ee0fd42a8fa18a51c5fdbe) Importer(815301076,1909f56bfc062723c751e8b465ee728b)  -> (artifact id: 'ca87f7ed63f18f1b6204ac1e619522bf') in 0.061987 seconds
  Import took 0.070132 seconds .

========================================================================
Received Import Request.
  Time since last request: 0.000298 seconds.
  path: Assets/Prefabs/Cave Background.prefab
  artifactKey: Guid(9363032c50053bc4ba43f0a223c49f84) Importer(815301076,1909f56bfc062723c751e8b465ee728b)
Start importing Assets/Prefabs/Cave Background.prefab using Guid(9363032c50053bc4ba43f0a223c49f84) Importer(815301076,1909f56bfc062723c751e8b465ee728b)  -> (artifact id: '1e1d4ab994d1a87b4f67e04a7df84aa7') in 0.018496 seconds
  Import took 0.025226 seconds .

========================================================================
Received Import Request.
  Time since last request: 0.000324 seconds.
  path: Assets/Prefabs/Coin.prefab
  artifactKey: Guid(a4157a9562534fd4a9da8c0ef3ed3e54) Importer(815301076,1909f56bfc062723c751e8b465ee728b)
Start importing Assets/Prefabs/Coin.prefab using Guid(a4157a9562534fd4a9da8c0ef3ed3e54) Importer(815301076,1909f56bfc062723c751e8b465ee728b)  -> (artifact id: 'd28e4393eb8caf2ce2de57b6b3481c58') in 0.017069 seconds
  Import took 0.025400 seconds .

========================================================================
Received Import Request.
  Time since last request: 0.000375 seconds.
  path: Assets/Prefabs/Player.prefab
  artifactKey: Guid(6f4aeafc07668874ba71ff6ea1bba4f8) Importer(815301076,1909f56bfc062723c751e8b465ee728b)
Start importing Assets/Prefabs/Player.prefab using Guid(6f4aeafc07668874ba71ff6ea1bba4f8) Importer(815301076,1909f56bfc062723c751e8b465ee728b)  -> (artifact id: '84092c94f0dc796d34f9cf25009608ff') in 0.090948 seconds
  Import took 0.099441 seconds .

========================================================================
Received Import Request.
  Time since last request: 0.000393 seconds.
  path: Assets/Prefabs/Key.prefab
  artifactKey: Guid(9bc0c431c6305414ea98b75750271f4f) Importer(815301076,1909f56bfc062723c751e8b465ee728b)
Start importing Assets/Prefabs/Key.prefab using Guid(9bc0c431c6305414ea98b75750271f4f) Importer(815301076,1909f56bfc062723c751e8b465ee728b)  -> (artifact id: '1e4ce4de2ad997e4551dc5ec75ce4493') in 0.014467 seconds
  Import took 0.024502 seconds .

========================================================================
Received Import Request.
  Time since last request: 0.000345 seconds.
  path: Assets/Prefabs/Cage.prefab
  artifactKey: Guid(c73b7906d50495a459deace296ab2f25) Importer(815301076,1909f56bfc062723c751e8b465ee728b)
Start importing Assets/Prefabs/Cage.prefab using Guid(c73b7906d50495a459deace296ab2f25) Importer(815301076,1909f56bfc062723c751e8b465ee728b)  -> (artifact id: '2f136ce7cd6d966d4d9099b260b1a369') in 0.018086 seconds
  Import took 0.026353 seconds .

========================================================================
Received Prepare
Registering precompiled user dll's ...
Registered in 0.026680 seconds.
Begin MonoManager ReloadAssembly
Native extension for WindowsStandalone target not found
Refreshing native plugins compatible for Editor in 0.84 ms, found 3 plugins.
Preloading 0 native plugins for Editor in 0.00 ms.
Mono: successfully reloaded assembly
- Completed reload, in  1.109 seconds
Platform modules already initialized, skipping
Shader 'WFX/Transparent Diffuse': fallback shader 'Particles/Alpha Blended' not found
Shader 'Universal Render Pipeline/Particles/Lit': fallback shader 'Universal Render Pipeline/Particles/SimpleLit' not found
Shader 'WFX/Transparent Specular': fallback shader 'Particles/Alpha Blended' not found
Refreshing native plugins compatible for Editor in 0.97 ms, found 3 plugins.
Preloading 0 native plugins for Editor in 0.00 ms.
Unloading 3493 Unused Serialized files (Serialized files now loaded: 0)
System memory in use before: 233.2 MB.
System memory in use after: 233.4 MB.

Unloading 21 unused Assets to reduce memory usage. Loaded Objects now: 4257.
Total: 2.978700 ms (FindLiveObjects: 0.328900 ms CreateObjectMapping: 0.186400 ms MarkObjects: 2.442500 ms  DeleteObjects: 0.019800 ms)

========================================================================
Received Prepare
Registering precompiled user dll's ...
Registered in 0.317244 seconds.
Begin MonoManager ReloadAssembly
Native extension for WindowsStandalone target not found
Refreshing native plugins compatible for Editor in 0.82 ms, found 3 plugins.
Preloading 0 native plugins for Editor in 0.00 ms.
Mono: successfully reloaded assembly
- Completed reload, in  3.810 seconds
Platform modules already initialized, skipping
Shader 'WFX/Transparent Diffuse': fallback shader 'Particles/Alpha Blended' not found
Shader 'Universal Render Pipeline/Particles/Lit': fallback shader 'Universal Render Pipeline/Particles/SimpleLit' not found
Shader 'WFX/Transparent Specular': fallback shader 'Particles/Alpha Blended' not found
Refreshing native plugins compatible for Editor in 1.81 ms, found 3 plugins.
Preloading 0 native plugins for Editor in 0.00 ms.
Unloading 3493 Unused Serialized files (Serialized files now loaded: 0)
System memory in use before: 233.2 MB.
System memory in use after: 233.4 MB.

Unloading 21 unused Assets to reduce memory usage. Loaded Objects now: 4260.
Total: 4.668400 ms (FindLiveObjects: 0.829700 ms CreateObjectMapping: 0.394900 ms MarkObjects: 3.405700 ms  DeleteObjects: 0.036200 ms)

========================================================================
Received Prepare
Registering precompiled user dll's ...
Registered in 0.004754 seconds.
Begin MonoManager ReloadAssembly
Native extension for WindowsStandalone target not found
Refreshing native plugins compatible for Editor in 0.80 ms, found 3 plugins.
Preloading 0 native plugins for Editor in 0.00 ms.
Mono: successfully reloaded assembly
- Completed reload, in  1.114 seconds
Platform modules already initialized, skipping
Shader 'WFX/Transparent Diffuse': fallback shader 'Particles/Alpha Blended' not found
Shader 'Universal Render Pipeline/Particles/Lit': fallback shader 'Universal Render Pipeline/Particles/SimpleLit' not found
Shader 'WFX/Transparent Specular': fallback shader 'Particles/Alpha Blended' not found
Refreshing native plugins compatible for Editor in 0.83 ms, found 3 plugins.
Preloading 0 native plugins for Editor in 0.00 ms.
Unloading 3493 Unused Serialized files (Serialized files now loaded: 0)
System memory in use before: 233.2 MB.
System memory in use after: 233.5 MB.

Unloading 21 unused Assets to reduce memory usage. Loaded Objects now: 4263.
Total: 3.226300 ms (FindLiveObjects: 0.341100 ms CreateObjectMapping: 0.147800 ms MarkObjects: 2.712900 ms  DeleteObjects: 0.023300 ms)

========================================================================
Received Prepare
Registering precompiled user dll's ...
Registered in 0.004227 seconds.
Begin MonoManager ReloadAssembly
Native extension for WindowsStandalone target not found
Refreshing native plugins compatible for Editor in 0.82 ms, found 3 plugins.
Preloading 0 native plugins for Editor in 0.00 ms.
Mono: successfully reloaded assembly
- Completed reload, in  1.169 seconds
Platform modules already initialized, skipping
Shader 'WFX/Transparent Diffuse': fallback shader 'Particles/Alpha Blended' not found
Shader 'Universal Render Pipeline/Particles/Lit': fallback shader 'Universal Render Pipeline/Particles/SimpleLit' not found
Shader 'WFX/Transparent Specular': fallback shader 'Particles/Alpha Blended' not found
Refreshing native plugins compatible for Editor in 0.86 ms, found 3 plugins.
Preloading 0 native plugins for Editor in 0.00 ms.
Unloading 3493 Unused Serialized files (Serialized files now loaded: 0)
System memory in use before: 233.2 MB.
System memory in use after: 233.5 MB.

Unloading 21 unused Assets to reduce memory usage. Loaded Objects now: 4266.
Total: 2.961400 ms (FindLiveObjects: 0.374000 ms CreateObjectMapping: 0.190500 ms MarkObjects: 2.374800 ms  DeleteObjects: 0.021200 ms)

========================================================================
Received Import Request.
  Time since last request: 814.965226 seconds.
  path: Assets/Sprites
  artifactKey: Guid(04e263c8632a85f4abbbe230f9673dfb) Importer(815301076,1909f56bfc062723c751e8b465ee728b)
Start importing Assets/Sprites using Guid(04e263c8632a85f4abbbe230f9673dfb) Importer(815301076,1909f56bfc062723c751e8b465ee728b)  -> (artifact id: '2e92cd07fa32bc5d09cb2099efcb4b69') in 0.017073 seconds
  Import took 0.027328 seconds .

========================================================================
Received Import Request.
  Time since last request: 4.497044 seconds.
  path: Assets/Sprites/Lvl3
  artifactKey: Guid(f4cd5a4da37b1694197487b60f061461) Importer(815301076,1909f56bfc062723c751e8b465ee728b)
Start importing Assets/Sprites/Lvl3 using Guid(f4cd5a4da37b1694197487b60f061461) Importer(815301076,1909f56bfc062723c751e8b465ee728b)  -> (artifact id: '5efc2c69c23f1f3b227774e5acf05173') in 0.006815 seconds
  Import took 0.013886 seconds .

========================================================================
Received Import Request.
  Time since last request: 0.005694 seconds.
  path: Assets/Sprites/Lvl3
  artifactKey: Guid(f4cd5a4da37b1694197487b60f061461) Importer(815301076,1909f56bfc062723c751e8b465ee728b)
Start importing Assets/Sprites/Lvl3 using Guid(f4cd5a4da37b1694197487b60f061461) Importer(815301076,1909f56bfc062723c751e8b465ee728b)  -> (artifact id: '5efc2c69c23f1f3b227774e5acf05173') in 0.002655 seconds
  Import took 0.012722 seconds .

========================================================================
Received Import Request.
  Time since last request: 1.154343 seconds.
  path: Assets/Sprites/Background
  artifactKey: Guid(fc3ff49d87f3e9449a9996d849b5d978) Importer(815301076,1909f56bfc062723c751e8b465ee728b)
Start importing Assets/Sprites/Background using Guid(fc3ff49d87f3e9449a9996d849b5d978) Importer(815301076,1909f56bfc062723c751e8b465ee728b)  -> (artifact id: '4a1dc83833e5af99865fc4b80e3e139d') in 0.006041 seconds
  Import took 0.012899 seconds .

========================================================================
Received Import Request.
  Time since last request: 5.825689 seconds.
  path: Assets/Sprites/Player
  artifactKey: Guid(3f383eb4b9c84424a8e6bf910aa5e239) Importer(815301076,1909f56bfc062723c751e8b465ee728b)
Start importing Assets/Sprites/Player using Guid(3f383eb4b9c84424a8e6bf910aa5e239) Importer(815301076,1909f56bfc062723c751e8b465ee728b)  -> (artifact id: '4afb1b5e83aea2f632c6a09483749a53') in 0.005798 seconds
  Import took 0.013549 seconds .

========================================================================
Received Import Request.
  Time since last request: 0.890126 seconds.
  path: Assets/Sprites/Tiles
  artifactKey: Guid(7e62c59c55feda64dbbadf96f558eeb3) Importer(815301076,1909f56bfc062723c751e8b465ee728b)
Start importing Assets/Sprites/Tiles using Guid(7e62c59c55feda64dbbadf96f558eeb3) Importer(815301076,1909f56bfc062723c751e8b465ee728b)  -> (artifact id: '737d1fb94100dd5d1f1cb87f687861fd') in 0.005747 seconds
  Import took 0.012422 seconds .

========================================================================
Received Import Request.
  Time since last request: 0.119598 seconds.
  path: Assets/Sprites/Tiles/cave floor 1.png
  artifactKey: Guid(eaa91214715966c4aa89de8a927950ca) Importer(815301076,1909f56bfc062723c751e8b465ee728b)
Start importing Assets/Sprites/Tiles/cave floor 1.png using Guid(eaa91214715966c4aa89de8a927950ca) Importer(815301076,1909f56bfc062723c751e8b465ee728b)  -> (artifact id: 'd18580a5c65969d8c97629406d09eeb8') in 0.250165 seconds
  Import took 0.257759 seconds .

========================================================================
Received Import Request.
  Time since last request: 0.000370 seconds.
  path: Assets/Sprites/Tiles/cave floor 2.png
  artifactKey: Guid(f317b5274aa5174499b4c7c39bc265af) Importer(815301076,1909f56bfc062723c751e8b465ee728b)
Start importing Assets/Sprites/Tiles/cave floor 2.png using Guid(f317b5274aa5174499b4c7c39bc265af) Importer(815301076,1909f56bfc062723c751e8b465ee728b)  -> (artifact id: 'bb693b9361d750fd4ca45c1c48fd6a96') in 0.015966 seconds
  Import took 0.022760 seconds .

========================================================================
Received Import Request.
  Time since last request: 4.947087 seconds.
  path: Assets/Sprites/Background/cave background.jpg
  artifactKey: Guid(31df585108353bd4a9224d28d7bf8405) Importer(815301076,1909f56bfc062723c751e8b465ee728b)
Start importing Assets/Sprites/Background/cave background.jpg using Guid(31df585108353bd4a9224d28d7bf8405) Importer(815301076,1909f56bfc062723c751e8b465ee728b)  -> (artifact id: '8e84deafa8cb4eae539917498020e1d1') in 0.970730 seconds
  Import took 0.977117 seconds .

========================================================================
Received Import Request.
  Time since last request: 2.699505 seconds.
  path: Assets/Sprites/Enemies
  artifactKey: Guid(ef7098a4b1517d048af06a37a3eb01cc) Importer(815301076,1909f56bfc062723c751e8b465ee728b)
Start importing Assets/Sprites/Enemies using Guid(ef7098a4b1517d048af06a37a3eb01cc) Importer(815301076,1909f56bfc062723c751e8b465ee728b)  -> (artifact id: 'efda6c0bca26d7ba541a75bd425d49c7') in 0.007963 seconds
  Import took 0.014328 seconds .

========================================================================
Received Import Request.
  Time since last request: 0.037258 seconds.
  path: Assets/Sprites/Enemies/Collision_effect.png
  artifactKey: Guid(048edb7115b52544fbd217ab0a454ed2) Importer(815301076,1909f56bfc062723c751e8b465ee728b)
Start importing Assets/Sprites/Enemies/Collision_effect.png using Guid(048edb7115b52544fbd217ab0a454ed2) Importer(815301076,1909f56bfc062723c751e8b465ee728b)  -> (artifact id: '869dcab40cbfb6a8824a5fc69b0ba012') in 0.240491 seconds
  Import took 0.248654 seconds .

========================================================================
Received Import Request.
  Time since last request: 0.000341 seconds.
  path: Assets/Sprites/Enemies/dino 2.jpg
  artifactKey: Guid(38d4799070518c44e998c1877388335f) Importer(815301076,1909f56bfc062723c751e8b465ee728b)
Start importing Assets/Sprites/Enemies/dino 2.jpg using Guid(38d4799070518c44e998c1877388335f) Importer(815301076,1909f56bfc062723c751e8b465ee728b)  -> (artifact id: '6bfb77400c17297d1a78732a1e0fc7f4') in 0.272575 seconds
  Import took 0.278008 seconds .

========================================================================
Received Import Request.
  Time since last request: 0.000340 seconds.
  path: Assets/Sprites/Enemies/dino boss.jpg
  artifactKey: Guid(03065fb9c1db8b844b3a07d11db2ab18) Importer(815301076,1909f56bfc062723c751e8b465ee728b)
Start importing Assets/Sprites/Enemies/dino boss.jpg using Guid(03065fb9c1db8b844b3a07d11db2ab18) Importer(815301076,1909f56bfc062723c751e8b465ee728b)  -> (artifact id: '2ee2fbae2dbfdd6b40b03ee2c60ffef3') in 0.104847 seconds
  Import took 0.111632 seconds .

========================================================================
Received Import Request.
  Time since last request: 0.000298 seconds.
  path: Assets/Sprites/Enemies/dino 1.jpg
  artifactKey: Guid(f341a09495f6dc040ac51f4b4cdda4d6) Importer(815301076,1909f56bfc062723c751e8b465ee728b)
Start importing Assets/Sprites/Enemies/dino 1.jpg using Guid(f341a09495f6dc040ac51f4b4cdda4d6) Importer(815301076,1909f56bfc062723c751e8b465ee728b)  -> (artifact id: '3717f09a11b841f2c26eb2df3439e117') in 0.090460 seconds
  Import took 0.096897 seconds .

========================================================================
Received Import Request.
  Time since last request: 0.004368 seconds.
  path: Assets/Sprites/Enemies/dino 1.jpg
  artifactKey: Guid(f341a09495f6dc040ac51f4b4cdda4d6) Importer(815301076,1909f56bfc062723c751e8b465ee728b)
Start importing Assets/Sprites/Enemies/dino 1.jpg using Guid(f341a09495f6dc040ac51f4b4cdda4d6) Importer(815301076,1909f56bfc062723c751e8b465ee728b)  -> (artifact id: '3717f09a11b841f2c26eb2df3439e117') in 0.061502 seconds
  Import took 0.067562 seconds .

========================================================================
Received Import Request.
  Time since last request: 3.831663 seconds.
  path: Assets/Sprites/Items
  artifactKey: Guid(ae3d95ad57a1f7649809dce2d40f2046) Importer(815301076,1909f56bfc062723c751e8b465ee728b)
Start importing Assets/Sprites/Items using Guid(ae3d95ad57a1f7649809dce2d40f2046) Importer(815301076,1909f56bfc062723c751e8b465ee728b)  -> (artifact id: 'f1c9b1c5f79bdd5593f267501ef5465c') in 0.005727 seconds
  Import took 0.012202 seconds .

========================================================================
Received Import Request.
  Time since last request: 0.051431 seconds.
  path: Assets/Sprites/Items/cage.jpg
  artifactKey: Guid(01323f87e7260134a92ae66603b69afd) Importer(815301076,1909f56bfc062723c751e8b465ee728b)
Start importing Assets/Sprites/Items/cage.jpg using Guid(01323f87e7260134a92ae66603b69afd) Importer(815301076,1909f56bfc062723c751e8b465ee728b)  -> (artifact id: 'c41fbd9371cc4138b9d59a897805394a') in 0.351391 seconds
  Import took 0.357844 seconds .

========================================================================
Received Import Request.
  Time since last request: 0.000352 seconds.
  path: Assets/Sprites/Items/coin.png
  artifactKey: Guid(10adbf7994aae4e4ba1ce2380cf6ff95) Importer(815301076,1909f56bfc062723c751e8b465ee728b)
Start importing Assets/Sprites/Items/coin.png using Guid(10adbf7994aae4e4ba1ce2380cf6ff95) Importer(815301076,1909f56bfc062723c751e8b465ee728b)  -> (artifact id: 'd99083d3e79c258798ac49151a80e43a') in 0.272150 seconds
  Import took 0.279633 seconds .

========================================================================
Received Import Request.
  Time since last request: 0.000333 seconds.
  path: Assets/Sprites/Items/key.png
  artifactKey: Guid(6ae9903b32252c14e96562f49697a0d1) Importer(815301076,1909f56bfc062723c751e8b465ee728b)
Start importing Assets/Sprites/Items/key.png using Guid(6ae9903b32252c14e96562f49697a0d1) Importer(815301076,1909f56bfc062723c751e8b465ee728b)  -> (artifact id: '543d86c1b663d7571c62e174a5b6725f') in 0.088937 seconds
  Import took 0.094302 seconds .

========================================================================
Received Import Request.
  Time since last request: 0.051656 seconds.
  path: Assets/Sprites/Items/key.png
  artifactKey: Guid(6ae9903b32252c14e96562f49697a0d1) Importer(815301076,1909f56bfc062723c751e8b465ee728b)
Start importing Assets/Sprites/Items/key.png using Guid(6ae9903b32252c14e96562f49697a0d1) Importer(815301076,1909f56bfc062723c751e8b465ee728b)  -> (artifact id: '543d86c1b663d7571c62e174a5b6725f') in 0.068589 seconds
  Import took 0.076354 seconds .

========================================================================
Received Import Request.
  Time since last request: 4.206994 seconds.
  path: Assets/Sprites/Main Character
  artifactKey: Guid(5a36e02057deefe4980a4307c6afa82c) Importer(815301076,1909f56bfc062723c751e8b465ee728b)
Start importing Assets/Sprites/Main Character using Guid(5a36e02057deefe4980a4307c6afa82c) Importer(815301076,1909f56bfc062723c751e8b465ee728b)  -> (artifact id: 'f1da7a0543a3713ab6e9e5715d8a41ce') in 0.006541 seconds
  Import took 0.012870 seconds .

========================================================================
Received Import Request.
  Time since last request: 0.040072 seconds.
  path: Assets/Sprites/Main Character/luke.png
  artifactKey: Guid(b473fb965b2310c43983d1ac1d453a0d) Importer(815301076,1909f56bfc062723c751e8b465ee728b)
Start importing Assets/Sprites/Main Character/luke.png using Guid(b473fb965b2310c43983d1ac1d453a0d) Importer(815301076,1909f56bfc062723c751e8b465ee728b)  -> (artifact id: 'c1ff7f50386415f7ccc36c445d315d8e') in 0.358696 seconds
  Import took 0.366303 seconds .

========================================================================
Received Import Request.
  Time since last request: 7.924014 seconds.
  path: Assets/Sprites/Materials
  artifactKey: Guid(1f08e99e7b8c578419d93272eb33c476) Importer(815301076,1909f56bfc062723c751e8b465ee728b)
Start importing Assets/Sprites/Materials using Guid(1f08e99e7b8c578419d93272eb33c476) Importer(815301076,1909f56bfc062723c751e8b465ee728b)  -> (artifact id: '1def2b12afeaee8bc149729b214672a5') in 0.005637 seconds
  Import took 0.013706 seconds .

========================================================================
Received Import Request.
  Time since last request: 0.047966 seconds.
  path: Assets/Sprites/Materials/cave floor 1.mat
  artifactKey: Guid(012236894a5090b47a18b9d2401e8f14) Importer(815301076,1909f56bfc062723c751e8b465ee728b)
Start importing Assets/Sprites/Materials/cave floor 1.mat using Guid(012236894a5090b47a18b9d2401e8f14) Importer(815301076,1909f56bfc062723c751e8b465ee728b)  -> (artifact id: 'a723984f79449f33ab1fb6eee74b61f5') in 1.432225 seconds
  Import took 1.438305 seconds .

========================================================================
Received Import Request.
  Time since last request: 0.000268 seconds.
  path: Assets/Sprites/Materials/cave floor 2.mat
  artifactKey: Guid(67e7c5f9bdaf1144a914d4a85b267b5e) Importer(815301076,1909f56bfc062723c751e8b465ee728b)
Start importing Assets/Sprites/Materials/cave floor 2.mat using Guid(67e7c5f9bdaf1144a914d4a85b267b5e) Importer(815301076,1909f56bfc062723c751e8b465ee728b)  -> (artifact id: 'a7d0e3d04fe01fae8c002592b6b9f1db') in 0.107670 seconds
  Import took 0.113343 seconds .

========================================================================
Received Import Request.
  Time since last request: 0.000362 seconds.
  path: Assets/Sprites/Materials/cave.mat
  artifactKey: Guid(3a22887c8e9593946b233ae799cb398f) Importer(815301076,1909f56bfc062723c751e8b465ee728b)
Start importing Assets/Sprites/Materials/cave.mat using Guid(3a22887c8e9593946b233ae799cb398f) Importer(815301076,1909f56bfc062723c751e8b465ee728b)  -> (artifact id: '328e7b42f5655a556c02350cfb227af6') in 0.072152 seconds
  Import took 0.078253 seconds .

========================================================================
Received Import Request.
  Time since last request: 4.850665 seconds.
  path: Assets/Sprites/Menu
  artifactKey: Guid(d5f37462b1b94462ba3b047057e5fa3a) Importer(815301076,1909f56bfc062723c751e8b465ee728b)
Start importing Assets/Sprites/Menu using Guid(d5f37462b1b94462ba3b047057e5fa3a) Importer(815301076,1909f56bfc062723c751e8b465ee728b)  -> (artifact id: '08fe563b3bdb8f28c15c94d7f57cf83d') in 0.006993 seconds
  Import took 0.102541 seconds .

========================================================================
Received Import Request.
  Time since last request: 1.279796 seconds.
  path: Assets/Sprites/Menu/BG.jpeg
  artifactKey: Guid(6d1000bd7d446404e9173d469ce79fcf) Importer(815301076,1909f56bfc062723c751e8b465ee728b)
Start importing Assets/Sprites/Menu/BG.jpeg using Guid(6d1000bd7d446404e9173d469ce79fcf) Importer(815301076,1909f56bfc062723c751e8b465ee728b)  -> (artifact id: '1442242f5c8c5e02e8e7d3e8516c357e') in 0.573829 seconds
  Import took 0.579927 seconds .

========================================================================
Received Import Request.
  Time since last request: 0.000347 seconds.
  path: Assets/Sprites/Menu/Gold.asset
  artifactKey: Guid(a5b5ac55333414a88bff36d4dfff672a) Importer(815301076,1909f56bfc062723c751e8b465ee728b)
Start importing Assets/Sprites/Menu/Gold.asset using Guid(a5b5ac55333414a88bff36d4dfff672a) Importer(815301076,1909f56bfc062723c751e8b465ee728b)  -> (artifact id: '604226972e47ea157e4327d485356a82') in 0.006502 seconds
  Import took 0.012327 seconds .

========================================================================
Received Import Request.
  Time since last request: 91.449992 seconds.
  path: Assets/Scenes
  artifactKey: Guid(c458c5238ca741f4199c211d8d17af1b) Importer(815301076,1909f56bfc062723c751e8b465ee728b)
Start importing Assets/Scenes using Guid(c458c5238ca741f4199c211d8d17af1b) Importer(815301076,1909f56bfc062723c751e8b465ee728b)  -> (artifact id: 'ae6dca61c1d2aa75c5a81c380adf1234') in 0.005483 seconds
  Import took 0.011938 seconds .

========================================================================
Received Import Request.
  Time since last request: 61.149529 seconds.
  path: Assets/Scenes/SampleScene.unity
  artifactKey: Guid(9fc0d4010bbf28b4594072e72b8655ab) Importer(815301076,1909f56bfc062723c751e8b465ee728b)
Start importing Assets/Scenes/SampleScene.unity using Guid(9fc0d4010bbf28b4594072e72b8655ab) Importer(815301076,1909f56bfc062723c751e8b465ee728b)  -> (artifact id: '1da565415640b59d5fd8254ab799813a') in 0.005112 seconds
  Import took 0.010576 seconds .

========================================================================
Received Import Request.
  Time since last request: 0.034501 seconds.
  path: Assets/Scenes/SampleScene.unity
  artifactKey: Guid(9fc0d4010bbf28b4594072e72b8655ab) Importer(815301076,1909f56bfc062723c751e8b465ee728b)
Start importing Assets/Scenes/SampleScene.unity using Guid(9fc0d4010bbf28b4594072e72b8655ab) Importer(815301076,1909f56bfc062723c751e8b465ee728b)  -> (artifact id: '1da565415640b59d5fd8254ab799813a') in 0.004928 seconds
  Import took 0.020640 seconds .

========================================================================
Received Prepare
Registering precompiled user dll's ...
Registered in 0.004279 seconds.
Begin MonoManager ReloadAssembly
Native extension for WindowsStandalone target not found
Refreshing native plugins compatible for Editor in 0.80 ms, found 3 plugins.
Preloading 0 native plugins for Editor in 0.00 ms.
Mono: successfully reloaded assembly
- Completed reload, in  1.086 seconds
Platform modules already initialized, skipping
Shader 'WFX/Transparent Diffuse': fallback shader 'Particles/Alpha Blended' not found
Shader 'Universal Render Pipeline/Particles/Lit': fallback shader 'Universal Render Pipeline/Particles/SimpleLit' not found
Shader 'WFX/Transparent Specular': fallback shader 'Particles/Alpha Blended' not found
Refreshing native plugins compatible for Editor in 0.87 ms, found 3 plugins.
Preloading 0 native plugins for Editor in 0.00 ms.
Unloading 3493 Unused Serialized files (Serialized files now loaded: 0)
System memory in use before: 233.9 MB.
System memory in use after: 234.2 MB.

Unloading 21 unused Assets to reduce memory usage. Loaded Objects now: 4521.
Total: 3.078900 ms (FindLiveObjects: 0.360800 ms CreateObjectMapping: 0.183900 ms MarkObjects: 2.512300 ms  DeleteObjects: 0.020900 ms)

========================================================================
Received Import Request.
  Time since last request: 5.266240 seconds.
  path: Assets/Scenes/Lvl3.unity
  artifactKey: Guid(9fc0d4010bbf28b4594072e72b8655ab) Importer(815301076,1909f56bfc062723c751e8b465ee728b)
Start importing Assets/Scenes/Lvl3.unity using Guid(9fc0d4010bbf28b4594072e72b8655ab) Importer(815301076,1909f56bfc062723c751e8b465ee728b)  -> (artifact id: '9946a7811eea3d58eb48ca5d3642d169') in 0.018747 seconds
  Import took 0.024923 seconds .

========================================================================
Received Import Request.
  Time since last request: 4.945331 seconds.
  path: Assets/Scenes/GameOver.unity
  artifactKey: Guid(c2d4cd963001b49fd94e7d0105c78915) Importer(815301076,1909f56bfc062723c751e8b465ee728b)
Start importing Assets/Scenes/GameOver.unity using Guid(c2d4cd963001b49fd94e7d0105c78915) Importer(815301076,1909f56bfc062723c751e8b465ee728b)  -> (artifact id: '49ee309d7aadafc7ca0e791b07c4ba46') in 0.008610 seconds
  Import took 0.015037 seconds .

